2025-09-13 00:03:42.056 [AWT-EventQueue-0] DEBUG c.n.game.view.panels.GamePanel - Autosave triggered.
2025-09-13 00:03:42.124 [AWT-EventQueue-0] INFO  c.n.game.view.panels.GamePanel - Game paused.
2025-09-13 00:03:42.125 [AWT-EventQueue-0] INFO  c.n.game.utils.GameStateManager - Attempting to save game state...
2025-09-13 00:03:42.180 [AWT-EventQueue-0] INFO  c.n.game.utils.GameStateManager - Game state saved successfully to 'game_autosave.dat'.
2025-09-13 00:03:42.188 [AWT-EventQueue-0] INFO  c.n.game.view.panels.GamePanel - Game resumed.
2025-09-13 00:03:43.398 [AWT-EventQueue-0] DEBUG c.n.game.view.panels.GamePanel - Generated new packet: Packet{ID:121, SHP:TRIANGLE, TYP: NORMAL, SZ:3, N:0.0/3, V:3, Ideal:(730.0,540.0) Vel:(-1.0,1.7 (Mag:2.00)) Accel:false Decel:false Rev:false FinalPred:N/A St:ON_WIRE(W:17 P:0.0%)}
2025-09-13 00:03:45.194 [AWT-EventQueue-0] INFO  c.n.game.view.panels.GamePanel - Packet Delivered Successfully: Packet{ID:118, SHP:TRIANGLE, TYP: NORMAL, SZ:3, N:0.0/3, V:3, Ideal:(1110.0,350.0) Vel:(2.0,-0.1 (Mag:0.00)) Accel:false Decel:false Rev:false FinalPred:N/A St:QUEUED(Sys:5)}
2025-09-13 00:03:45.247 [AWT-EventQueue-0] DEBUG c.n.game.view.panels.GamePanel - Generated new packet: Packet{ID:122, SHP:SQUARE, TYP: NORMAL, SZ:2, N:0.0/2, V:2, Ideal:(730.0,210.0) Vel:(-0.9,0.5 (Mag:1.00)) Accel:false Decel:false Rev:false FinalPred:N/A St:ON_WIRE(W:24 P:0.0%)}
2025-09-13 00:03:45.393 [Thread-144] WARN  c.n.game.controller.core.NetworkGame - Sound effect not found: /assets/sounds/delivery_success.wav
2025-09-13 00:03:46.135 [AWT-EventQueue-0] INFO  c.n.game.view.panels.GamePanel - Packet Delivered Successfully: Packet{ID:120, SHP:CIRCLE, TYP: NORMAL, SZ:1, N:0.0/1, V:1, Ideal:(1110.0,680.0) Vel:(2.0,0.1 (Mag:0.00)) Accel:false Decel:false Rev:false FinalPred:N/A St:QUEUED(Sys:7)}
2025-09-13 00:03:46.140 [Thread-145] WARN  c.n.game.controller.core.NetworkGame - Sound effect not found: /assets/sounds/delivery_success.wav
2025-09-13 00:03:47.176 [AWT-EventQueue-0] DEBUG c.n.game.view.panels.GamePanel - Generated new packet: Packet{ID:123, SHP:CIRCLE, TYP: NORMAL, SZ:1, N:0.0/1, V:1, Ideal:(730.0,520.0) Vel:(-1.8,-0.9 (Mag:2.00)) Accel:false Decel:false Rev:false FinalPred:N/A St:ON_WIRE(W:18 P:0.0%)}
2025-09-13 00:03:47.442 [AWT-EventQueue-0] DEBUG c.n.game.view.panels.GamePanel - Generated new packet: Packet{ID:124, SHP:SQUARE, TYP: NORMAL, SZ:2, N:0.0/2, V:2, Ideal:(130.0,350.0) Vel:(0.7,-0.7 (Mag:1.00)) Accel:false Decel:false Rev:false FinalPred:N/A St:ON_WIRE(W:5 P:0.0%)}
2025-09-13 00:03:48.331 [AWT-EventQueue-0] INFO  c.n.game.view.panels.GamePanel - Packet Delivered Successfully: Packet{ID:121, SHP:TRIANGLE, TYP: NORMAL, SZ:3, N:0.0/3, V:3, Ideal:(1110.0,350.0) Vel:(2.0,-0.1 (Mag:0.00)) Accel:false Decel:false Rev:false FinalPred:N/A St:QUEUED(Sys:5)}
2025-09-13 00:03:48.333 [Thread-146] WARN  c.n.game.controller.core.NetworkGame - Sound effect not found: /assets/sounds/delivery_success.wav
2025-09-13 00:03:48.798 [AWT-EventQueue-0] DEBUG c.n.game.view.panels.GamePanel - Generated new packet: Packet{ID:125, SHP:CIRCLE, TYP: NORMAL, SZ:1, N:0.0/1, V:1, Ideal:(730.0,190.0) Vel:(-0.9,1.8 (Mag:2.00)) Accel:false Decel:false Rev:false FinalPred:N/A St:ON_WIRE(W:10 P:0.0%)}
2025-09-13 00:03:50.240 [AWT-EventQueue-0] DEBUG c.n.game.view.panels.GamePanel - Generated new packet: Packet{ID:126, SHP:CIRCLE, TYP: NORMAL, SZ:1, N:0.0/1, V:1, Ideal:(730.0,520.0) Vel:(-1.8,-0.9 (Mag:2.00)) Accel:false Decel:false Rev:false FinalPred:N/A St:ON_WIRE(W:18 P:0.0%)}
2025-09-13 00:03:50.257 [AWT-EventQueue-0] INFO  c.n.game.view.panels.GamePanel - Packet Delivered Successfully: Packet{ID:104, SHP:SQUARE, TYP: NORMAL, SZ:2, N:1.0/2, V:2, Ideal:(690.0,530.0) Vel:(2.0,0.4 (Mag:0.00)) Accel:false Decel:false Rev:false FinalPred:N/A St:QUEUED(Sys:21)}
2025-09-13 00:03:52.068 [AWT-EventQueue-0] DEBUG c.n.game.view.panels.GamePanel - Autosave triggered.
2025-09-13 00:03:52.068 [AWT-EventQueue-0] INFO  c.n.game.view.panels.GamePanel - Game paused.
2025-09-13 00:03:52.068 [AWT-EventQueue-0] INFO  c.n.game.utils.GameStateManager - Attempting to save game state...
2025-09-13 00:03:52.078 [AWT-EventQueue-0] INFO  c.n.game.utils.GameStateManager - Game state saved successfully to 'game_autosave.dat'.
2025-09-13 00:03:52.079 [AWT-EventQueue-0] INFO  c.n.game.view.panels.GamePanel - Game resumed.
2025-09-13 00:03:52.316 [AWT-EventQueue-0] DEBUG c.n.game.view.panels.GamePanel - Generated new packet: Packet{ID:127, SHP:CIRCLE, TYP: NORMAL, SZ:1, N:0.0/1, V:1, Ideal:(730.0,190.0) Vel:(-0.9,1.8 (Mag:2.00)) Accel:false Decel:false Rev:false FinalPred:N/A St:ON_WIRE(W:10 P:0.0%)}
2025-09-13 00:03:53.119 [AWT-EventQueue-0] INFO  c.n.game.view.panels.GamePanel - Packet Delivered Successfully: Packet{ID:125, SHP:CIRCLE, TYP: NORMAL, SZ:1, N:0.0/1, V:1, Ideal:(1110.0,680.0) Vel:(2.0,0.1 (Mag:0.00)) Accel:false Decel:false Rev:false FinalPred:N/A St:QUEUED(Sys:7)}
2025-09-13 00:03:53.120 [Thread-147] WARN  c.n.game.controller.core.NetworkGame - Sound effect not found: /assets/sounds/delivery_success.wav
2025-09-13 00:03:53.320 [AWT-EventQueue-0] DEBUG c.n.game.view.panels.GamePanel - Generated new packet: Packet{ID:128, SHP:CIRCLE, TYP: NORMAL, SZ:1, N:0.0/1, V:1, Ideal:(730.0,520.0) Vel:(-1.8,-0.9 (Mag:2.00)) Accel:false Decel:false Rev:false FinalPred:N/A St:ON_WIRE(W:18 P:0.0%)}
2025-09-13 00:03:53.775 [AWT-EventQueue-0] DEBUG c.n.game.view.panels.GamePanel - Generated new packet: Packet{ID:129, SHP:SQUARE, TYP: NORMAL, SZ:2, N:0.0/2, V:2, Ideal:(130.0,350.0) Vel:(0.7,-0.7 (Mag:1.00)) Accel:false Decel:false Rev:false FinalPred:N/A St:ON_WIRE(W:5 P:0.0%)}
2025-09-13 00:03:53.877 [AWT-EventQueue-0] INFO  c.n.game.view.panels.GamePanel - Packet Delivered Successfully: Packet{ID:126, SHP:CIRCLE, TYP: NORMAL, SZ:1, N:0.0/1, V:1, Ideal:(690.0,530.0) Vel:(0.8,1.8 (Mag:0.00)) Accel:false Decel:false Rev:false FinalPred:N/A St:QUEUED(Sys:21)}
2025-09-13 00:03:54.885 [AWT-EventQueue-0] INFO  c.n.game.view.panels.GamePanel - Packet Delivered Successfully: Packet{ID:123, SHP:CIRCLE, TYP: NORMAL, SZ:1, N:0.0/1, V:1, Ideal:(1110.0,130.0) Vel:(1.5,-1.3 (Mag:0.00)) Accel:false Decel:false Rev:false FinalPred:N/A St:QUEUED(Sys:4)}
2025-09-13 00:03:54.886 [Thread-148] WARN  c.n.game.controller.core.NetworkGame - Sound effect not found: /assets/sounds/delivery_success.wav
2025-09-13 00:03:55.004 [Thread-149] WARN  c.n.game.controller.core.NetworkGame - Sound effect not found: /assets/sounds/ui_confirm.wav
2025-09-13 00:03:55.788 [AWT-EventQueue-0] DEBUG c.n.game.view.panels.GamePanel - Generated new packet: Packet{ID:130, SHP:CIRCLE, TYP: NORMAL, SZ:1, N:0.0/1, V:1, Ideal:(730.0,190.0) Vel:(-0.9,1.8 (Mag:2.00)) Accel:false Decel:false Rev:false FinalPred:N/A St:ON_WIRE(W:10 P:0.0%)}
2025-09-13 00:03:56.382 [AWT-EventQueue-0] DEBUG c.n.game.view.panels.GamePanel - Generated new packet: Packet{ID:131, SHP:CIRCLE, TYP: NORMAL, SZ:1, N:0.0/1, V:1, Ideal:(730.0,520.0) Vel:(-1.8,-0.9 (Mag:2.00)) Accel:false Decel:false Rev:false FinalPred:N/A St:ON_WIRE(W:18 P:0.0%)}
2025-09-13 00:03:56.595 [AWT-EventQueue-0] INFO  c.n.game.view.panels.GamePanel - Packet Delivered Successfully: Packet{ID:127, SHP:CIRCLE, TYP: NORMAL, SZ:1, N:0.0/1, V:1, Ideal:(1110.0,680.0) Vel:(2.0,0.1 (Mag:0.00)) Accel:false Decel:false Rev:false FinalPred:N/A St:QUEUED(Sys:7)}
2025-09-13 00:03:56.596 [Thread-150] WARN  c.n.game.controller.core.NetworkGame - Sound effect not found: /assets/sounds/delivery_success.wav
2025-09-13 00:03:57.420 [AWT-EventQueue-0] INFO  c.n.game.view.panels.GamePanel - Packet Delivered Successfully: Packet{ID:119, SHP:SQUARE, TYP: MESSENGER, SZ:2, N:1.0/2, V:2, Ideal:(690.0,530.0) Vel:(2.0,0.4 (Mag:0.00)) Accel:false Decel:false Rev:false FinalPred:N/A St:QUEUED(Sys:21)}
2025-09-13 00:03:59.273 [AWT-EventQueue-0] DEBUG c.n.game.view.panels.GamePanel - Generated new packet: Packet{ID:132, SHP:SQUARE, TYP: NORMAL, SZ:2, N:0.0/2, V:2, Ideal:(730.0,210.0) Vel:(-0.9,0.5 (Mag:1.00)) Accel:false Decel:false Rev:false FinalPred:N/A St:ON_WIRE(W:24 P:0.0%)}
2025-09-13 00:03:59.439 [AWT-EventQueue-0] DEBUG c.n.game.view.panels.GamePanel - Generated new packet: Packet{ID:133, SHP:CIRCLE, TYP: NORMAL, SZ:1, N:0.0/1, V:1, Ideal:(730.0,520.0) Vel:(-1.8,-0.9 (Mag:2.00)) Accel:false Decel:false Rev:false FinalPred:N/A St:ON_WIRE(W:18 P:0.0%)}
2025-09-13 00:04:00.076 [AWT-EventQueue-0] DEBUG c.n.game.view.panels.GamePanel - Generated new packet: Packet{ID:134, SHP:SQUARE, TYP: NORMAL, SZ:2, N:0.0/2, V:2, Ideal:(130.0,350.0) Vel:(0.7,-0.7 (Mag:1.00)) Accel:false Decel:false Rev:false FinalPred:N/A St:ON_WIRE(W:5 P:0.0%)}
2025-09-13 00:04:00.076 [AWT-EventQueue-0] INFO  c.n.game.view.panels.GamePanel - Packet Delivered Successfully: Packet{ID:130, SHP:CIRCLE, TYP: NORMAL, SZ:1, N:0.0/1, V:1, Ideal:(1110.0,680.0) Vel:(2.0,0.1 (Mag:0.00)) Accel:false Decel:false Rev:false FinalPred:N/A St:QUEUED(Sys:7)}
2025-09-13 00:04:00.079 [Thread-151] WARN  c.n.game.controller.core.NetworkGame - Sound effect not found: /assets/sounds/delivery_success.wav
2025-09-13 00:04:00.178 [AWT-EventQueue-0] INFO  c.n.game.view.panels.GamePanel - Packet Delivered Successfully: Packet{ID:131, SHP:CIRCLE, TYP: NORMAL, SZ:1, N:0.0/1, V:1, Ideal:(690.0,200.0) Vel:(0.7,-1.9 (Mag:0.00)) Accel:false Decel:false Rev:false FinalPred:N/A St:QUEUED(Sys:20)}
2025-09-13 00:04:01.001 [AWT-EventQueue-0] INFO  c.n.game.view.panels.GamePanel - Packet Delivered Successfully: Packet{ID:128, SHP:CIRCLE, TYP: NORMAL, SZ:1, N:0.0/1, V:1, Ideal:(1110.0,130.0) Vel:(1.5,-1.3 (Mag:0.00)) Accel:false Decel:false Rev:false FinalPred:N/A St:QUEUED(Sys:4)}
2025-09-13 00:04:01.002 [Thread-152] WARN  c.n.game.controller.core.NetworkGame - Sound effect not found: /assets/sounds/delivery_success.wav
2025-09-13 00:04:02.057 [AWT-EventQueue-0] DEBUG c.n.game.view.panels.GamePanel - Autosave triggered.
2025-09-13 00:04:02.057 [AWT-EventQueue-0] INFO  c.n.game.view.panels.GamePanel - Game paused.
2025-09-13 00:04:02.057 [AWT-EventQueue-0] INFO  c.n.game.utils.GameStateManager - Attempting to save game state...
2025-09-13 00:04:02.068 [AWT-EventQueue-0] INFO  c.n.game.utils.GameStateManager - Game state saved successfully to 'game_autosave.dat'.
2025-09-13 00:04:02.068 [AWT-EventQueue-0] INFO  c.n.game.view.panels.GamePanel - Game resumed.
2025-09-13 00:04:02.510 [AWT-EventQueue-0] DEBUG c.n.game.view.panels.GamePanel - Generated new packet: Packet{ID:135, SHP:CIRCLE, TYP: NORMAL, SZ:1, N:0.0/1, V:1, Ideal:(730.0,520.0) Vel:(-1.8,-0.9 (Mag:2.00)) Accel:false Decel:false Rev:false FinalPred:N/A St:ON_WIRE(W:18 P:0.0%)}
2025-09-13 00:04:02.753 [AWT-EventQueue-0] DEBUG c.n.game.view.panels.GamePanel - Generated new packet: Packet{ID:136, SHP:CIRCLE, TYP: NORMAL, SZ:1, N:0.0/1, V:1, Ideal:(730.0,190.0) Vel:(-0.9,1.8 (Mag:2.00)) Accel:false Decel:false Rev:false FinalPred:N/A St:ON_WIRE(W:10 P:0.0%)}
2025-09-13 00:04:03.408 [Thread-153] WARN  c.n.game.controller.core.NetworkGame - Sound effect not found: /assets/sounds/ui_confirm.wav
2025-09-13 00:04:04.567 [AWT-EventQueue-0] INFO  c.n.game.view.panels.GamePanel - Packet Delivered Successfully: Packet{ID:109, SHP:SQUARE, TYP: MESSENGER, SZ:2, N:1.0/2, V:2, Ideal:(690.0,530.0) Vel:(2.0,0.4 (Mag:0.00)) Accel:false Decel:false Rev:false FinalPred:N/A St:QUEUED(Sys:21)}
2025-09-13 00:04:05.558 [AWT-EventQueue-0] DEBUG c.n.game.view.panels.GamePanel - Generated new packet: Packet{ID:137, SHP:CIRCLE, TYP: NORMAL, SZ:1, N:0.0/1, V:1, Ideal:(730.0,520.0) Vel:(-1.8,-0.9 (Mag:2.00)) Accel:false Decel:false Rev:false FinalPred:N/A St:ON_WIRE(W:18 P:0.0%)}
2025-09-13 00:04:06.113 [AWT-EventQueue-0] INFO  c.n.game.view.panels.GamePanel - Packet Delivered Successfully: Packet{ID:135, SHP:CIRCLE, TYP: NORMAL, SZ:1, N:0.0/1, V:1, Ideal:(690.0,530.0) Vel:(0.8,1.8 (Mag:0.00)) Accel:false Decel:false Rev:false FinalPred:N/A St:QUEUED(Sys:21)}
2025-09-13 00:04:06.233 [AWT-EventQueue-0] DEBUG c.n.game.view.panels.GamePanel - Generated new packet: Packet{ID:138, SHP:CIRCLE, TYP: NORMAL, SZ:1, N:0.0/1, V:1, Ideal:(730.0,190.0) Vel:(-0.9,1.8 (Mag:2.00)) Accel:false Decel:false Rev:false FinalPred:N/A St:ON_WIRE(W:10 P:0.0%)}
2025-09-13 00:04:06.233 [AWT-EventQueue-0] INFO  c.n.game.view.panels.GamePanel - Collision detected between Packet ID 122 and Packet ID 133
2025-09-13 00:04:06.234 [AWT-EventQueue-0] DEBUG c.n.game.view.panels.GamePanel - Impact wave generated at (997, 192) due to collision.
2025-09-13 00:04:06.256 [AWT-EventQueue-0] WARN  c.n.game.view.panels.GamePanel - Packet Lost: Packet{ID:122, SHP:SQUARE, TYP: NORMAL, SZ:2, N:2.0/2, V:2, Ideal:(998.4,192.0) Vel:(0.4,2.0 (Mag:2.00)) Accel:false Decel:false Rev:false FinalPred:N/A St:ON_WIRE(W:29 P:20.5%)}
2025-09-13 00:04:06.256 [AWT-EventQueue-0] WARN  c.n.game.view.panels.GamePanel - Packet Lost: Packet{ID:133, SHP:CIRCLE, TYP: NORMAL, SZ:1, N:1.0/1, V:1, Ideal:(993.5,198.0) Vel:(1.5,-1.3 (Mag:2.00)) Accel:false Decel:false Rev:false FinalPred:N/A St:ON_WIRE(W:2 P:14.9%)}
2025-09-13 00:04:06.387 [AWT-EventQueue-0] DEBUG c.n.game.view.panels.GamePanel - Generated new packet: Packet{ID:139, SHP:SQUARE, TYP: NORMAL, SZ:2, N:0.0/2, V:2, Ideal:(130.0,350.0) Vel:(0.7,-0.7 (Mag:1.00)) Accel:false Decel:false Rev:false FinalPred:N/A St:ON_WIRE(W:5 P:0.0%)}
2025-09-13 00:04:07.043 [AWT-EventQueue-0] INFO  c.n.game.view.panels.GamePanel - Packet Delivered Successfully: Packet{ID:136, SHP:CIRCLE, TYP: NORMAL, SZ:1, N:0.0/1, V:1, Ideal:(1110.0,680.0) Vel:(2.0,0.1 (Mag:0.00)) Accel:false Decel:false Rev:false FinalPred:N/A St:QUEUED(Sys:7)}
2025-09-13 00:04:07.044 [Thread-157] WARN  c.n.game.controller.core.NetworkGame - Sound effect not found: /assets/sounds/delivery_success.wav
2025-09-13 00:04:08.625 [AWT-EventQueue-0] DEBUG c.n.game.view.panels.GamePanel - Generated new packet: Packet{ID:140, SHP:CIRCLE, TYP: NORMAL, SZ:1, N:0.0/1, V:1, Ideal:(730.0,520.0) Vel:(-1.8,-0.9 (Mag:2.00)) Accel:false Decel:false Rev:false FinalPred:N/A St:ON_WIRE(W:18 P:0.0%)}
2025-09-13 00:04:09.708 [AWT-EventQueue-0] DEBUG c.n.game.view.panels.GamePanel - Generated new packet: Packet{ID:141, SHP:CIRCLE, TYP: NORMAL, SZ:1, N:0.0/1, V:1, Ideal:(730.0,190.0) Vel:(-0.9,1.8 (Mag:2.00)) Accel:false Decel:false Rev:false FinalPred:N/A St:ON_WIRE(W:10 P:0.0%)}
2025-09-13 00:04:10.511 [AWT-EventQueue-0] INFO  c.n.game.view.panels.GamePanel - Packet Delivered Successfully: Packet{ID:138, SHP:CIRCLE, TYP: NORMAL, SZ:1, N:0.0/1, V:1, Ideal:(1110.0,680.0) Vel:(2.0,0.1 (Mag:0.00)) Accel:false Decel:false Rev:false FinalPred:N/A St:QUEUED(Sys:7)}
2025-09-13 00:04:10.512 [Thread-158] WARN  c.n.game.controller.core.NetworkGame - Sound effect not found: /assets/sounds/delivery_success.wav
2025-09-13 00:04:11.667 [AWT-EventQueue-0] DEBUG c.n.game.view.panels.GamePanel - Generated new packet: Packet{ID:142, SHP:TRIANGLE, TYP: NORMAL, SZ:3, N:0.0/3, V:3, Ideal:(730.0,540.0) Vel:(-1.0,1.7 (Mag:2.00)) Accel:false Decel:false Rev:false FinalPred:N/A St:ON_WIRE(W:17 P:0.0%)}
2025-09-13 00:04:11.700 [AWT-EventQueue-0] INFO  c.n.game.view.panels.GamePanel - Packet Delivered Successfully: Packet{ID:113, SHP:SQUARE, TYP: NORMAL, SZ:2, N:1.0/2, V:2, Ideal:(690.0,530.0) Vel:(2.0,0.4 (Mag:0.00)) Accel:false Decel:false Rev:false FinalPred:N/A St:QUEUED(Sys:21)}
2025-09-13 00:04:12.068 [AWT-EventQueue-0] DEBUG c.n.game.view.panels.GamePanel - Autosave triggered.
2025-09-13 00:04:12.068 [AWT-EventQueue-0] INFO  c.n.game.view.panels.GamePanel - Game paused.
2025-09-13 00:04:12.068 [AWT-EventQueue-0] INFO  c.n.game.utils.GameStateManager - Attempting to save game state...
2025-09-13 00:04:12.083 [AWT-EventQueue-0] INFO  c.n.game.utils.GameStateManager - Game state saved successfully to 'game_autosave.dat'.
2025-09-13 00:04:12.083 [AWT-EventQueue-0] INFO  c.n.game.view.panels.GamePanel - Game resumed.
2025-09-13 00:04:12.251 [AWT-EventQueue-0] INFO  c.n.game.view.panels.GamePanel - Packet Delivered Successfully: Packet{ID:140, SHP:CIRCLE, TYP: NORMAL, SZ:1, N:0.0/1, V:1, Ideal:(690.0,530.0) Vel:(0.8,1.8 (Mag:0.00)) Accel:false Decel:false Rev:false FinalPred:N/A St:QUEUED(Sys:21)}
2025-09-13 00:04:12.695 [AWT-EventQueue-0] DEBUG c.n.game.view.panels.GamePanel - Generated new packet: Packet{ID:143, SHP:SQUARE, TYP: NORMAL, SZ:2, N:0.0/2, V:2, Ideal:(130.0,350.0) Vel:(0.7,-0.7 (Mag:1.00)) Accel:false Decel:false Rev:false FinalPred:N/A St:ON_WIRE(W:5 P:0.0%)}
2025-09-13 00:04:13.201 [AWT-EventQueue-0] DEBUG c.n.game.view.panels.GamePanel - Generated new packet: Packet{ID:144, SHP:CIRCLE, TYP: NORMAL, SZ:1, N:0.0/1, V:1, Ideal:(730.0,190.0) Vel:(-0.9,1.8 (Mag:2.00)) Accel:false Decel:false Rev:false FinalPred:N/A St:ON_WIRE(W:10 P:0.0%)}
2025-09-13 00:04:13.255 [AWT-EventQueue-0] INFO  c.n.game.view.panels.GamePanel - Packet Delivered Successfully: Packet{ID:137, SHP:CIRCLE, TYP: NORMAL, SZ:1, N:0.0/1, V:1, Ideal:(1110.0,130.0) Vel:(1.5,-1.3 (Mag:0.00)) Accel:false Decel:false Rev:false FinalPred:N/A St:QUEUED(Sys:4)}
2025-09-13 00:04:13.257 [Thread-159] WARN  c.n.game.controller.core.NetworkGame - Sound effect not found: /assets/sounds/delivery_success.wav
2025-09-13 00:04:13.776 [AWT-EventQueue-0] INFO  c.n.game.view.panels.GamePanel - Packet Delivered Successfully: Packet{ID:132, SHP:SQUARE, TYP: NORMAL, SZ:2, N:1.0/2, V:2, Ideal:(690.0,530.0) Vel:(2.0,-0.3 (Mag:0.00)) Accel:false Decel:false Rev:false FinalPred:N/A St:QUEUED(Sys:21)}
2025-09-13 00:04:14.010 [AWT-EventQueue-0] INFO  c.n.game.view.panels.GamePanel - Packet Delivered Successfully: Packet{ID:141, SHP:CIRCLE, TYP: NORMAL, SZ:1, N:0.0/1, V:1, Ideal:(1110.0,680.0) Vel:(2.0,0.1 (Mag:0.00)) Accel:false Decel:false Rev:false FinalPred:N/A St:QUEUED(Sys:7)}
2025-09-13 00:04:14.011 [Thread-160] WARN  c.n.game.controller.core.NetworkGame - Sound effect not found: /assets/sounds/delivery_success.wav
2025-09-13 00:04:14.747 [AWT-EventQueue-0] DEBUG c.n.game.view.panels.GamePanel - Generated new packet: Packet{ID:145, SHP:TRIANGLE, TYP: NORMAL, SZ:3, N:0.0/3, V:3, Ideal:(730.0,540.0) Vel:(-1.0,1.7 (Mag:2.00)) Accel:false Decel:false Rev:false FinalPred:N/A St:ON_WIRE(W:17 P:0.0%)}
2025-09-13 00:04:15.902 [AWT-EventQueue-0] INFO  c.n.game.view.panels.GamePanel - Packet Delivered Successfully: Packet{ID:142, SHP:TRIANGLE, TYP: NORMAL, SZ:3, N:0.0/3, V:3, Ideal:(1110.0,350.0) Vel:(2.0,-0.1 (Mag:0.00)) Accel:false Decel:false Rev:false FinalPred:N/A St:QUEUED(Sys:5)}
2025-09-13 00:04:15.904 [Thread-161] WARN  c.n.game.controller.core.NetworkGame - Sound effect not found: /assets/sounds/delivery_success.wav
2025-09-13 00:04:16.669 [AWT-EventQueue-0] DEBUG c.n.game.view.panels.GamePanel - Generated new packet: Packet{ID:146, SHP:SQUARE, TYP: NORMAL, SZ:2, N:0.0/2, V:2, Ideal:(730.0,210.0) Vel:(-0.9,0.5 (Mag:1.00)) Accel:false Decel:false Rev:false FinalPred:N/A St:ON_WIRE(W:24 P:0.0%)}
2025-09-13 00:04:17.470 [AWT-EventQueue-0] INFO  c.n.game.view.panels.GamePanel - Packet Delivered Successfully: Packet{ID:144, SHP:CIRCLE, TYP: NORMAL, SZ:1, N:0.0/1, V:1, Ideal:(1110.0,680.0) Vel:(2.0,0.1 (Mag:0.00)) Accel:false Decel:false Rev:false FinalPred:N/A St:QUEUED(Sys:7)}
2025-09-13 00:04:17.472 [Thread-162] WARN  c.n.game.controller.core.NetworkGame - Sound effect not found: /assets/sounds/delivery_success.wav
2025-09-13 00:04:17.786 [AWT-EventQueue-0] DEBUG c.n.game.view.panels.GamePanel - Generated new packet: Packet{ID:147, SHP:TRIANGLE, TYP: NORMAL, SZ:3, N:0.0/3, V:3, Ideal:(730.0,540.0) Vel:(-1.0,1.7 (Mag:2.00)) Accel:false Decel:false Rev:false FinalPred:N/A St:ON_WIRE(W:17 P:0.0%)}
2025-09-13 00:04:18.844 [AWT-EventQueue-0] INFO  c.n.game.view.panels.GamePanel - Packet Delivered Successfully: Packet{ID:124, SHP:SQUARE, TYP: NORMAL, SZ:2, N:1.0/2, V:2, Ideal:(690.0,530.0) Vel:(2.0,0.4 (Mag:0.00)) Accel:false Decel:false Rev:false FinalPred:N/A St:QUEUED(Sys:21)}
2025-09-13 00:04:18.947 [AWT-EventQueue-0] INFO  c.n.game.view.panels.GamePanel - Packet Delivered Successfully: Packet{ID:145, SHP:TRIANGLE, TYP: NORMAL, SZ:3, N:0.0/3, V:3, Ideal:(1110.0,350.0) Vel:(2.0,-0.1 (Mag:0.00)) Accel:false Decel:false Rev:false FinalPred:N/A St:QUEUED(Sys:5)}
2025-09-13 00:04:18.949 [Thread-163] WARN  c.n.game.controller.core.NetworkGame - Sound effect not found: /assets/sounds/delivery_success.wav
2025-09-13 00:04:18.984 [AWT-EventQueue-0] DEBUG c.n.game.view.panels.GamePanel - Generated new packet: Packet{ID:148, SHP:SQUARE, TYP: NORMAL, SZ:2, N:0.0/2, V:2, Ideal:(130.0,350.0) Vel:(0.7,-0.7 (Mag:1.00)) Accel:false Decel:false Rev:false FinalPred:N/A St:ON_WIRE(W:5 P:0.0%)}
2025-09-13 00:04:20.154 [AWT-EventQueue-0] DEBUG c.n.game.view.panels.GamePanel - Generated new packet: Packet{ID:149, SHP:CIRCLE, TYP: NORMAL, SZ:1, N:0.0/1, V:1, Ideal:(730.0,190.0) Vel:(-0.9,1.8 (Mag:2.00)) Accel:false Decel:false Rev:false FinalPred:N/A St:ON_WIRE(W:10 P:0.0%)}
2025-09-13 00:04:20.866 [AWT-EventQueue-0] DEBUG c.n.game.view.panels.GamePanel - Generated new packet: Packet{ID:150, SHP:CIRCLE, TYP: NORMAL, SZ:1, N:0.0/1, V:1, Ideal:(730.0,520.0) Vel:(-1.8,-0.9 (Mag:2.00)) Accel:false Decel:false Rev:false FinalPred:N/A St:ON_WIRE(W:18 P:0.0%)}
2025-09-13 00:04:22.014 [AWT-EventQueue-0] INFO  c.n.game.view.panels.GamePanel - Packet Delivered Successfully: Packet{ID:147, SHP:TRIANGLE, TYP: NORMAL, SZ:3, N:0.0/3, V:3, Ideal:(1110.0,350.0) Vel:(2.0,-0.1 (Mag:0.00)) Accel:false Decel:false Rev:false FinalPred:N/A St:QUEUED(Sys:5)}
2025-09-13 00:04:22.015 [Thread-164] WARN  c.n.game.controller.core.NetworkGame - Sound effect not found: /assets/sounds/delivery_success.wav
2025-09-13 00:04:22.059 [AWT-EventQueue-0] DEBUG c.n.game.view.panels.GamePanel - Autosave triggered.
2025-09-13 00:04:22.059 [AWT-EventQueue-0] INFO  c.n.game.view.panels.GamePanel - Game paused.
2025-09-13 00:04:22.059 [AWT-EventQueue-0] INFO  c.n.game.utils.GameStateManager - Attempting to save game state...
2025-09-13 00:04:22.066 [AWT-EventQueue-0] INFO  c.n.game.utils.GameStateManager - Game state saved successfully to 'game_autosave.dat'.
2025-09-13 00:04:22.067 [AWT-EventQueue-0] INFO  c.n.game.view.panels.GamePanel - Game resumed.
2025-09-13 00:04:23.645 [AWT-EventQueue-0] DEBUG c.n.game.view.panels.GamePanel - Generated new packet: Packet{ID:151, SHP:CIRCLE, TYP: NORMAL, SZ:1, N:0.0/1, V:1, Ideal:(730.0,190.0) Vel:(-0.9,1.8 (Mag:2.00)) Accel:false Decel:false Rev:false FinalPred:N/A St:ON_WIRE(W:10 P:0.0%)}
2025-09-13 00:04:23.930 [AWT-EventQueue-0] DEBUG c.n.game.view.panels.GamePanel - Generated new packet: Packet{ID:152, SHP:TRIANGLE, TYP: NORMAL, SZ:3, N:0.0/3, V:3, Ideal:(730.0,540.0) Vel:(-1.0,1.7 (Mag:2.00)) Accel:false Decel:false Rev:false FinalPred:N/A St:ON_WIRE(W:17 P:0.0%)}
2025-09-13 00:04:24.030 [AWT-EventQueue-0] INFO  c.n.game.view.panels.GamePanel - Collision detected between Packet ID 129 and Packet ID 146
2025-09-13 00:04:24.031 [AWT-EventQueue-0] DEBUG c.n.game.view.panels.GamePanel - Impact wave generated at (350, 447) due to collision.
2025-09-13 00:04:24.049 [AWT-EventQueue-0] WARN  c.n.game.view.panels.GamePanel - Packet Lost: Packet{ID:129, SHP:SQUARE, TYP: NORMAL, SZ:2, N:2.0/2, V:2, Ideal:(348.6,450.6) Vel:(1.7,1.0 (Mag:2.00)) Accel:false Decel:false Rev:false FinalPred:N/A St:ON_WIRE(W:19 P:63.3%)}
2025-09-13 00:04:24.446 [AWT-EventQueue-0] INFO  c.n.game.view.panels.GamePanel - Packet Delivered Successfully: Packet{ID:149, SHP:CIRCLE, TYP: NORMAL, SZ:1, N:0.0/1, V:1, Ideal:(1110.0,680.0) Vel:(2.0,0.1 (Mag:0.00)) Accel:false Decel:false Rev:false FinalPred:N/A St:QUEUED(Sys:7)}
2025-09-13 00:04:24.447 [Thread-167] WARN  c.n.game.controller.core.NetworkGame - Sound effect not found: /assets/sounds/delivery_success.wav
2025-09-13 00:04:25.308 [AWT-EventQueue-0] DEBUG c.n.game.view.panels.GamePanel - Generated new packet: Packet{ID:153, SHP:SQUARE, TYP: NORMAL, SZ:2, N:0.0/2, V:2, Ideal:(130.0,350.0) Vel:(0.7,-0.7 (Mag:1.00)) Accel:false Decel:false Rev:false FinalPred:N/A St:ON_WIRE(W:5 P:0.0%)}
2025-09-13 00:04:26.990 [AWT-EventQueue-0] DEBUG c.n.game.view.panels.GamePanel - Generated new packet: Packet{ID:154, SHP:TRIANGLE, TYP: NORMAL, SZ:3, N:0.0/3, V:3, Ideal:(730.0,540.0) Vel:(-1.0,1.7 (Mag:2.00)) Accel:false Decel:false Rev:false FinalPred:N/A St:ON_WIRE(W:17 P:0.0%)}
2025-09-13 00:04:27.123 [AWT-EventQueue-0] DEBUG c.n.game.view.panels.GamePanel - Generated new packet: Packet{ID:155, SHP:CIRCLE, TYP: NORMAL, SZ:1, N:0.0/1, V:1, Ideal:(730.0,190.0) Vel:(-0.9,1.8 (Mag:2.00)) Accel:false Decel:false Rev:false FinalPred:N/A St:ON_WIRE(W:10 P:0.0%)}
2025-09-13 00:04:27.923 [AWT-EventQueue-0] INFO  c.n.game.view.panels.GamePanel - Packet Delivered Successfully: Packet{ID:151, SHP:CIRCLE, TYP: NORMAL, SZ:1, N:0.0/1, V:1, Ideal:(1110.0,680.0) Vel:(2.0,0.1 (Mag:0.00)) Accel:false Decel:false Rev:false FinalPred:N/A St:QUEUED(Sys:7)}
2025-09-13 00:04:27.924 [Thread-168] WARN  c.n.game.controller.core.NetworkGame - Sound effect not found: /assets/sounds/delivery_success.wav
2025-09-13 00:04:28.143 [AWT-EventQueue-0] INFO  c.n.game.view.panels.GamePanel - Packet Delivered Successfully: Packet{ID:152, SHP:TRIANGLE, TYP: NORMAL, SZ:3, N:0.0/3, V:3, Ideal:(1110.0,350.0) Vel:(2.0,-0.1 (Mag:0.00)) Accel:false Decel:false Rev:false FinalPred:N/A St:QUEUED(Sys:5)}
2025-09-13 00:04:28.145 [Thread-169] WARN  c.n.game.controller.core.NetworkGame - Sound effect not found: /assets/sounds/delivery_success.wav
2025-09-13 00:04:28.546 [AWT-EventQueue-0] INFO  c.n.game.view.panels.GamePanel - Packet Delivered Successfully: Packet{ID:150, SHP:CIRCLE, TYP: NORMAL, SZ:1, N:0.0/1, V:1, Ideal:(1110.0,130.0) Vel:(1.5,-1.3 (Mag:0.00)) Accel:false Decel:false Rev:false FinalPred:N/A St:QUEUED(Sys:4)}
2025-09-13 00:04:28.549 [Thread-170] WARN  c.n.game.controller.core.NetworkGame - Sound effect not found: /assets/sounds/delivery_success.wav
2025-09-13 00:04:30.035 [AWT-EventQueue-0] DEBUG c.n.game.view.panels.GamePanel - Generated new packet: Packet{ID:156, SHP:TRIANGLE, TYP: NORMAL, SZ:3, N:0.0/3, V:3, Ideal:(730.0,540.0) Vel:(-1.0,1.7 (Mag:2.00)) Accel:false Decel:false Rev:false FinalPred:N/A St:ON_WIRE(W:17 P:0.0%)}
2025-09-13 00:04:30.589 [AWT-EventQueue-0] DEBUG c.n.game.view.panels.GamePanel - Generated new packet: Packet{ID:157, SHP:SQUARE, TYP: NORMAL, SZ:2, N:0.0/2, V:2, Ideal:(730.0,210.0) Vel:(-0.9,0.5 (Mag:1.00)) Accel:false Decel:false Rev:false FinalPred:N/A St:ON_WIRE(W:24 P:0.0%)}
2025-09-13 00:04:31.197 [AWT-EventQueue-0] INFO  c.n.game.view.panels.GamePanel - Packet Delivered Successfully: Packet{ID:154, SHP:TRIANGLE, TYP: NORMAL, SZ:3, N:0.0/3, V:3, Ideal:(1110.0,350.0) Vel:(2.0,-0.1 (Mag:0.00)) Accel:false Decel:false Rev:false FinalPred:N/A St:QUEUED(Sys:5)}
2025-09-13 00:04:31.199 [Thread-171] WARN  c.n.game.controller.core.NetworkGame - Sound effect not found: /assets/sounds/delivery_success.wav
2025-09-13 00:04:31.394 [AWT-EventQueue-0] INFO  c.n.game.view.panels.GamePanel - Packet Delivered Successfully: Packet{ID:155, SHP:CIRCLE, TYP: NORMAL, SZ:1, N:0.0/1, V:1, Ideal:(1110.0,680.0) Vel:(2.0,0.1 (Mag:0.00)) Accel:false Decel:false Rev:false FinalPred:N/A St:QUEUED(Sys:7)}
2025-09-13 00:04:31.396 [Thread-172] WARN  c.n.game.controller.core.NetworkGame - Sound effect not found: /assets/sounds/delivery_success.wav
2025-09-13 00:04:32.059 [AWT-EventQueue-0] DEBUG c.n.game.view.panels.GamePanel - Autosave triggered.
2025-09-13 00:04:32.059 [AWT-EventQueue-0] INFO  c.n.game.view.panels.GamePanel - Game paused.
2025-09-13 00:04:32.060 [AWT-EventQueue-0] INFO  c.n.game.utils.GameStateManager - Attempting to save game state...
2025-09-13 00:04:32.069 [AWT-EventQueue-0] INFO  c.n.game.utils.GameStateManager - Game state saved successfully to 'game_autosave.dat'.
2025-09-13 00:04:32.070 [AWT-EventQueue-0] INFO  c.n.game.view.panels.GamePanel - Game resumed.
2025-09-13 00:04:33.087 [AWT-EventQueue-0] DEBUG c.n.game.view.panels.GamePanel - Generated new packet: Packet{ID:158, SHP:CIRCLE, TYP: NORMAL, SZ:1, N:0.0/1, V:1, Ideal:(730.0,520.0) Vel:(-1.8,-0.9 (Mag:2.00)) Accel:false Decel:false Rev:false FinalPred:N/A St:ON_WIRE(W:18 P:0.0%)}
2025-09-13 00:04:33.137 [AWT-EventQueue-0] INFO  c.n.game.view.panels.GamePanel - Packet Delivered Successfully: Packet{ID:134, SHP:SQUARE, TYP: NORMAL, SZ:2, N:1.0/2, V:2, Ideal:(690.0,530.0) Vel:(2.0,0.4 (Mag:0.00)) Accel:false Decel:false Rev:false FinalPred:N/A St:QUEUED(Sys:21)}
2025-09-13 00:04:34.059 [AWT-EventQueue-0] DEBUG c.n.game.view.panels.GamePanel - Generated new packet: Packet{ID:159, SHP:CIRCLE, TYP: NORMAL, SZ:1, N:0.0/1, V:1, Ideal:(730.0,190.0) Vel:(-0.9,1.8 (Mag:2.00)) Accel:false Decel:false Rev:false FinalPred:N/A St:ON_WIRE(W:10 P:0.0%)}
2025-09-13 00:04:34.241 [AWT-EventQueue-0] INFO  c.n.game.view.panels.GamePanel - Packet Delivered Successfully: Packet{ID:156, SHP:TRIANGLE, TYP: NORMAL, SZ:3, N:0.0/3, V:3, Ideal:(1110.0,350.0) Vel:(2.0,-0.1 (Mag:0.00)) Accel:false Decel:false Rev:false FinalPred:N/A St:QUEUED(Sys:5)}
2025-09-13 00:04:34.243 [Thread-173] WARN  c.n.game.controller.core.NetworkGame - Sound effect not found: /assets/sounds/delivery_success.wav
2025-09-13 00:04:36.124 [AWT-EventQueue-0] DEBUG c.n.game.view.panels.GamePanel - Generated new packet: Packet{ID:160, SHP:CIRCLE, TYP: NORMAL, SZ:1, N:0.0/1, V:1, Ideal:(730.0,520.0) Vel:(-1.8,-0.9 (Mag:2.00)) Accel:false Decel:false Rev:false FinalPred:N/A St:ON_WIRE(W:18 P:0.0%)}
2025-09-13 00:04:37.509 [AWT-EventQueue-0] DEBUG c.n.game.view.panels.GamePanel - Generated new packet: Packet{ID:161, SHP:CIRCLE, TYP: NORMAL, SZ:1, N:0.0/1, V:1, Ideal:(730.0,190.0) Vel:(-0.9,1.8 (Mag:2.00)) Accel:false Decel:false Rev:false FinalPred:N/A St:ON_WIRE(W:10 P:0.0%)}
2025-09-13 00:04:38.159 [AWT-EventQueue-0] INFO  c.n.game.view.panels.GamePanel - Collision detected between Packet ID 139 and Packet ID 157
2025-09-13 00:04:38.161 [AWT-EventQueue-0] DEBUG c.n.game.view.panels.GamePanel - Impact wave generated at (346, 445) due to collision.
2025-09-13 00:04:38.177 [AWT-EventQueue-0] WARN  c.n.game.view.panels.GamePanel - Packet Lost: Packet{ID:139, SHP:SQUARE, TYP: NORMAL, SZ:2, N:2.0/2, V:2, Ideal:(338.1,444.7) Vel:(1.7,1.0 (Mag:2.00)) Accel:false Decel:false Rev:false FinalPred:N/A St:ON_WIRE(W:19 P:55.8%)}
2025-09-13 00:04:38.311 [AWT-EventQueue-0] INFO  c.n.game.view.panels.GamePanel - Packet Delivered Successfully: Packet{ID:159, SHP:CIRCLE, TYP: NORMAL, SZ:1, N:0.0/1, V:1, Ideal:(1110.0,680.0) Vel:(2.0,0.1 (Mag:0.00)) Accel:false Decel:false Rev:false FinalPred:N/A St:QUEUED(Sys:7)}
2025-09-13 00:04:38.313 [Thread-176] WARN  c.n.game.controller.core.NetworkGame - Sound effect not found: /assets/sounds/delivery_success.wav
2025-09-13 00:04:39.169 [AWT-EventQueue-0] DEBUG c.n.game.view.panels.GamePanel - Generated new packet: Packet{ID:162, SHP:CIRCLE, TYP: NORMAL, SZ:1, N:0.0/1, V:1, Ideal:(730.0,520.0) Vel:(-1.8,-0.9 (Mag:2.00)) Accel:false Decel:false Rev:false FinalPred:N/A St:ON_WIRE(W:18 P:0.0%)}
2025-09-13 00:04:39.908 [AWT-EventQueue-0] INFO  c.n.game.view.panels.GamePanel - Packet Delivered Successfully: Packet{ID:160, SHP:CIRCLE, TYP: NORMAL, SZ:1, N:0.1/1, V:1, Ideal:(690.0,200.0) Vel:(0.7,-1.9 (Mag:0.00)) Accel:false Decel:false Rev:false FinalPred:N/A St:QUEUED(Sys:20)}
2025-09-13 00:04:40.259 [AWT-EventQueue-0] INFO  c.n.game.view.panels.GamePanel - Packet Delivered Successfully: Packet{ID:146, SHP:SQUARE, TYP: NORMAL, SZ:2, N:1.0/2, V:2, Ideal:(1110.0,510.0) Vel:(0.4,2.0 (Mag:0.00)) Accel:false Decel:false Rev:false FinalPred:N/A St:QUEUED(Sys:6)}
2025-09-13 00:04:40.261 [Thread-177] WARN  c.n.game.controller.core.NetworkGame - Sound effect not found: /assets/sounds/delivery_success.wav
2025-09-13 00:04:40.729 [AWT-EventQueue-0] INFO  c.n.game.view.panels.GamePanel - Packet Delivered Successfully: Packet{ID:158, SHP:CIRCLE, TYP: NORMAL, SZ:1, N:0.0/1, V:1, Ideal:(1110.0,130.0) Vel:(1.5,-1.3 (Mag:0.00)) Accel:false Decel:false Rev:false FinalPred:N/A St:QUEUED(Sys:4)}
2025-09-13 00:04:40.731 [Thread-178] WARN  c.n.game.controller.core.NetworkGame - Sound effect not found: /assets/sounds/delivery_success.wav
2025-09-13 00:04:40.979 [AWT-EventQueue-0] DEBUG c.n.game.view.panels.GamePanel - Generated new packet: Packet{ID:163, SHP:CIRCLE, TYP: NORMAL, SZ:1, N:0.0/1, V:1, Ideal:(730.0,190.0) Vel:(-0.9,1.8 (Mag:2.00)) Accel:false Decel:false Rev:false FinalPred:N/A St:ON_WIRE(W:10 P:0.0%)}
2025-09-13 00:04:41.779 [AWT-EventQueue-0] INFO  c.n.game.view.panels.GamePanel - Packet Delivered Successfully: Packet{ID:161, SHP:CIRCLE, TYP: NORMAL, SZ:1, N:0.0/1, V:1, Ideal:(1110.0,680.0) Vel:(2.0,0.1 (Mag:0.00)) Accel:false Decel:false Rev:false FinalPred:N/A St:QUEUED(Sys:7)}
2025-09-13 00:04:41.780 [Thread-179] WARN  c.n.game.controller.core.NetworkGame - Sound effect not found: /assets/sounds/delivery_success.wav
2025-09-13 00:04:42.060 [AWT-EventQueue-0] DEBUG c.n.game.view.panels.GamePanel - Autosave triggered.
2025-09-13 00:04:42.060 [AWT-EventQueue-0] INFO  c.n.game.view.panels.GamePanel - Game paused.
2025-09-13 00:04:42.060 [AWT-EventQueue-0] INFO  c.n.game.utils.GameStateManager - Attempting to save game state...
2025-09-13 00:04:42.067 [AWT-EventQueue-0] INFO  c.n.game.utils.GameStateManager - Game state saved successfully to 'game_autosave.dat'.
2025-09-13 00:04:42.068 [AWT-EventQueue-0] INFO  c.n.game.view.panels.GamePanel - Game resumed.
2025-09-13 00:04:42.236 [AWT-EventQueue-0] DEBUG c.n.game.view.panels.GamePanel - Generated new packet: Packet{ID:164, SHP:TRIANGLE, TYP: NORMAL, SZ:3, N:0.0/3, V:3, Ideal:(730.0,540.0) Vel:(-1.0,1.7 (Mag:2.00)) Accel:false Decel:false Rev:false FinalPred:N/A St:ON_WIRE(W:17 P:0.0%)}
2025-09-13 00:04:44.479 [AWT-EventQueue-0] DEBUG c.n.game.view.panels.GamePanel - Generated new packet: Packet{ID:165, SHP:CIRCLE, TYP: NORMAL, SZ:1, N:0.0/1, V:1, Ideal:(730.0,190.0) Vel:(-0.9,1.8 (Mag:2.00)) Accel:false Decel:false Rev:false FinalPred:N/A St:ON_WIRE(W:10 P:0.0%)}
2025-09-13 00:04:45.051 [AWT-EventQueue-0] INFO  c.n.game.view.panels.GamePanel - Packet Delivered Successfully: Packet{ID:157, SHP:SQUARE, TYP: NORMAL, SZ:2, N:1.0/2, V:2, Ideal:(690.0,530.0) Vel:(2.0,-0.3 (Mag:0.00)) Accel:false Decel:false Rev:false FinalPred:N/A St:QUEUED(Sys:21)}
2025-09-13 00:04:45.281 [AWT-EventQueue-0] INFO  c.n.game.view.panels.GamePanel - Packet Delivered Successfully: Packet{ID:163, SHP:CIRCLE, TYP: NORMAL, SZ:1, N:0.0/1, V:1, Ideal:(1110.0,680.0) Vel:(2.0,0.1 (Mag:0.00)) Accel:false Decel:false Rev:false FinalPred:N/A St:QUEUED(Sys:7)}
2025-09-13 00:04:45.282 [Thread-180] WARN  c.n.game.controller.core.NetworkGame - Sound effect not found: /assets/sounds/delivery_success.wav
2025-09-13 00:04:45.297 [AWT-EventQueue-0] DEBUG c.n.game.view.panels.GamePanel - Generated new packet: Packet{ID:166, SHP:CIRCLE, TYP: NORMAL, SZ:1, N:0.0/1, V:1, Ideal:(730.0,520.0) Vel:(-1.8,-0.9 (Mag:2.00)) Accel:false Decel:false Rev:false FinalPred:N/A St:ON_WIRE(W:18 P:0.0%)}
2025-09-13 00:04:46.453 [AWT-EventQueue-0] INFO  c.n.game.view.panels.GamePanel - Packet Delivered Successfully: Packet{ID:164, SHP:TRIANGLE, TYP: NORMAL, SZ:3, N:0.0/3, V:3, Ideal:(1110.0,350.0) Vel:(2.0,-0.1 (Mag:0.00)) Accel:false Decel:false Rev:false FinalPred:N/A St:QUEUED(Sys:5)}
2025-09-13 00:04:46.455 [Thread-181] WARN  c.n.game.controller.core.NetworkGame - Sound effect not found: /assets/sounds/delivery_success.wav
2025-09-13 00:04:46.856 [AWT-EventQueue-0] INFO  c.n.game.view.panels.GamePanel - Packet Delivered Successfully: Packet{ID:162, SHP:CIRCLE, TYP: NORMAL, SZ:1, N:0.0/1, V:1, Ideal:(1110.0,130.0) Vel:(1.5,-1.3 (Mag:0.00)) Accel:false Decel:false Rev:false FinalPred:N/A St:QUEUED(Sys:4)}
2025-09-13 00:04:46.857 [Thread-182] WARN  c.n.game.controller.core.NetworkGame - Sound effect not found: /assets/sounds/delivery_success.wav
2025-09-13 00:04:47.396 [AWT-EventQueue-0] INFO  c.n.game.view.panels.GamePanel - Packet Delivered Successfully: Packet{ID:143, SHP:SQUARE, TYP: NORMAL, SZ:2, N:1.0/2, V:2, Ideal:(690.0,530.0) Vel:(2.0,0.4 (Mag:0.00)) Accel:false Decel:false Rev:false FinalPred:N/A St:QUEUED(Sys:21)}
2025-09-13 00:04:47.951 [AWT-EventQueue-0] DEBUG c.n.game.view.panels.GamePanel - Generated new packet: Packet{ID:167, SHP:SQUARE, TYP: NORMAL, SZ:2, N:0.0/2, V:2, Ideal:(730.0,210.0) Vel:(-0.9,0.5 (Mag:1.00)) Accel:false Decel:false Rev:false FinalPred:N/A St:ON_WIRE(W:24 P:0.0%)}
2025-09-13 00:04:48.355 [AWT-EventQueue-0] DEBUG c.n.game.view.panels.GamePanel - Generated new packet: Packet{ID:168, SHP:CIRCLE, TYP: NORMAL, SZ:1, N:0.0/1, V:1, Ideal:(730.0,520.0) Vel:(-1.8,-0.9 (Mag:2.00)) Accel:false Decel:false Rev:false FinalPred:N/A St:ON_WIRE(W:18 P:0.0%)}
2025-09-13 00:04:48.761 [AWT-EventQueue-0] INFO  c.n.game.view.panels.GamePanel - Packet Delivered Successfully: Packet{ID:165, SHP:CIRCLE, TYP: NORMAL, SZ:1, N:0.0/1, V:1, Ideal:(1110.0,680.0) Vel:(2.0,0.1 (Mag:0.00)) Accel:false Decel:false Rev:false FinalPred:N/A St:QUEUED(Sys:7)}
2025-09-13 00:04:48.764 [Thread-183] WARN  c.n.game.controller.core.NetworkGame - Sound effect not found: /assets/sounds/delivery_success.wav
2025-09-13 00:04:51.404 [AWT-EventQueue-0] DEBUG c.n.game.view.panels.GamePanel - Generated new packet: Packet{ID:169, SHP:TRIANGLE, TYP: NORMAL, SZ:3, N:0.0/3, V:3, Ideal:(730.0,540.0) Vel:(-1.0,1.7 (Mag:2.00)) Accel:false Decel:false Rev:false FinalPred:N/A St:ON_WIRE(W:17 P:0.0%)}
2025-09-13 00:04:51.421 [AWT-EventQueue-0] DEBUG c.n.game.view.panels.GamePanel - Generated new packet: Packet{ID:170, SHP:CIRCLE, TYP: NORMAL, SZ:1, N:0.0/1, V:1, Ideal:(730.0,190.0) Vel:(-0.9,1.8 (Mag:2.00)) Accel:false Decel:false Rev:false FinalPred:N/A St:ON_WIRE(W:10 P:0.0%)}
2025-09-13 00:04:52.068 [AWT-EventQueue-0] DEBUG c.n.game.view.panels.GamePanel - Autosave triggered.
2025-09-13 00:04:52.068 [AWT-EventQueue-0] INFO  c.n.game.view.panels.GamePanel - Game paused.
2025-09-13 00:04:52.068 [AWT-EventQueue-0] INFO  c.n.game.utils.GameStateManager - Attempting to save game state...
2025-09-13 00:04:52.076 [AWT-EventQueue-0] INFO  c.n.game.utils.GameStateManager - Game state saved successfully to 'game_autosave.dat'.
2025-09-13 00:04:52.078 [AWT-EventQueue-0] INFO  c.n.game.view.panels.GamePanel - Game resumed.
2025-09-13 00:04:52.161 [AWT-EventQueue-0] INFO  c.n.game.view.panels.GamePanel - Packet Delivered Successfully: Packet{ID:168, SHP:CIRCLE, TYP: NORMAL, SZ:1, N:0.0/1, V:1, Ideal:(690.0,200.0) Vel:(0.7,-1.9 (Mag:0.00)) Accel:false Decel:false Rev:false FinalPred:N/A St:QUEUED(Sys:20)}
2025-09-13 00:04:52.985 [AWT-EventQueue-0] INFO  c.n.game.view.panels.GamePanel - Packet Delivered Successfully: Packet{ID:166, SHP:CIRCLE, TYP: NORMAL, SZ:1, N:0.0/1, V:1, Ideal:(1110.0,130.0) Vel:(1.5,-1.3 (Mag:0.00)) Accel:false Decel:false Rev:false FinalPred:N/A St:QUEUED(Sys:4)}
2025-09-13 00:04:52.987 [Thread-184] WARN  c.n.game.controller.core.NetworkGame - Sound effect not found: /assets/sounds/delivery_success.wav
2025-09-13 00:04:54.473 [AWT-EventQueue-0] DEBUG c.n.game.view.panels.GamePanel - Generated new packet: Packet{ID:171, SHP:CIRCLE, TYP: NORMAL, SZ:1, N:0.0/1, V:1, Ideal:(730.0,520.0) Vel:(-1.8,-0.9 (Mag:2.00)) Accel:false Decel:false Rev:false FinalPred:N/A St:ON_WIRE(W:18 P:0.0%)}
2025-09-13 00:04:54.539 [AWT-EventQueue-0] INFO  c.n.game.view.panels.GamePanel - Packet Delivered Successfully: Packet{ID:148, SHP:SQUARE, TYP: NORMAL, SZ:2, N:1.0/2, V:2, Ideal:(690.0,530.0) Vel:(2.0,0.4 (Mag:0.00)) Accel:false Decel:false Rev:false FinalPred:N/A St:QUEUED(Sys:21)}
2025-09-13 00:04:54.907 [AWT-EventQueue-0] DEBUG c.n.game.view.panels.GamePanel - Generated new packet: Packet{ID:172, SHP:CIRCLE, TYP: NORMAL, SZ:1, N:0.0/1, V:1, Ideal:(730.0,190.0) Vel:(-0.9,1.8 (Mag:2.00)) Accel:false Decel:false Rev:false FinalPred:N/A St:ON_WIRE(W:10 P:0.0%)}
2025-09-13 00:04:55.633 [AWT-EventQueue-0] INFO  c.n.game.view.panels.GamePanel - Packet Delivered Successfully: Packet{ID:169, SHP:TRIANGLE, TYP: NORMAL, SZ:3, N:0.0/3, V:3, Ideal:(1110.0,350.0) Vel:(2.0,-0.1 (Mag:0.00)) Accel:false Decel:false Rev:false FinalPred:N/A St:QUEUED(Sys:5)}
2025-09-13 00:04:55.635 [Thread-185] WARN  c.n.game.controller.core.NetworkGame - Sound effect not found: /assets/sounds/delivery_success.wav
2025-09-13 00:04:55.719 [AWT-EventQueue-0] INFO  c.n.game.view.panels.GamePanel - Packet Delivered Successfully: Packet{ID:170, SHP:CIRCLE, TYP: NORMAL, SZ:1, N:0.0/1, V:1, Ideal:(1110.0,680.0) Vel:(2.0,0.1 (Mag:0.00)) Accel:false Decel:false Rev:false FinalPred:N/A St:QUEUED(Sys:7)}
2025-09-13 00:04:55.720 [Thread-186] WARN  c.n.game.controller.core.NetworkGame - Sound effect not found: /assets/sounds/delivery_success.wav
2025-09-13 00:04:57.523 [AWT-EventQueue-0] DEBUG c.n.game.view.panels.GamePanel - Generated new packet: Packet{ID:173, SHP:CIRCLE, TYP: NORMAL, SZ:1, N:0.0/1, V:1, Ideal:(730.0,520.0) Vel:(-1.8,-0.9 (Mag:2.00)) Accel:false Decel:false Rev:false FinalPred:N/A St:ON_WIRE(W:18 P:0.0%)}
2025-09-13 00:04:58.377 [AWT-EventQueue-0] DEBUG c.n.game.view.panels.GamePanel - Generated new packet: Packet{ID:174, SHP:CIRCLE, TYP: NORMAL, SZ:1, N:0.0/1, V:1, Ideal:(730.0,190.0) Vel:(-0.9,1.8 (Mag:2.00)) Accel:false Decel:false Rev:false FinalPred:N/A St:ON_WIRE(W:10 P:0.0%)}
2025-09-13 00:04:59.183 [AWT-EventQueue-0] INFO  c.n.game.view.panels.GamePanel - Packet Delivered Successfully: Packet{ID:172, SHP:CIRCLE, TYP: NORMAL, SZ:1, N:0.0/1, V:1, Ideal:(1110.0,680.0) Vel:(2.0,0.1 (Mag:0.00)) Accel:false Decel:false Rev:false FinalPred:N/A St:QUEUED(Sys:7)}
2025-09-13 00:04:59.184 [Thread-187] WARN  c.n.game.controller.core.NetworkGame - Sound effect not found: /assets/sounds/delivery_success.wav
2025-09-13 00:05:00.118 [Thread-188] WARN  c.n.game.controller.core.NetworkGame - Sound effect not found: /assets/sounds/ui_confirm.wav
2025-09-13 00:05:00.570 [AWT-EventQueue-0] DEBUG c.n.game.view.panels.GamePanel - Generated new packet: Packet{ID:175, SHP:CIRCLE, TYP: NORMAL, SZ:1, N:0.0/1, V:1, Ideal:(730.0,520.0) Vel:(-1.8,-0.9 (Mag:2.00)) Accel:false Decel:false Rev:false FinalPred:N/A St:ON_WIRE(W:18 P:0.0%)}
2025-09-13 00:05:01.311 [AWT-EventQueue-0] INFO  c.n.game.view.panels.GamePanel - Packet Delivered Successfully: Packet{ID:173, SHP:CIRCLE, TYP: NORMAL, SZ:1, N:0.0/1, V:1, Ideal:(690.0,200.0) Vel:(0.7,-1.9 (Mag:0.00)) Accel:false Decel:false Rev:false FinalPred:N/A St:QUEUED(Sys:20)}
2025-09-13 00:05:01.662 [AWT-EventQueue-0] INFO  c.n.game.view.panels.GamePanel - Packet Delivered Successfully: Packet{ID:153, SHP:SQUARE, TYP: NORMAL, SZ:2, N:1.0/2, V:2, Ideal:(690.0,530.0) Vel:(2.0,0.4 (Mag:0.00)) Accel:false Decel:false Rev:false FinalPred:N/A St:QUEUED(Sys:21)}
2025-09-13 00:05:01.845 [AWT-EventQueue-0] DEBUG c.n.game.view.panels.GamePanel - Generated new packet: Packet{ID:176, SHP:SQUARE, TYP: NORMAL, SZ:2, N:0.0/2, V:2, Ideal:(730.0,210.0) Vel:(-0.9,0.5 (Mag:1.00)) Accel:false Decel:false Rev:false FinalPred:N/A St:ON_WIRE(W:24 P:0.0%)}
2025-09-13 00:05:02.076 [AWT-EventQueue-0] DEBUG c.n.game.view.panels.GamePanel - Autosave triggered.
2025-09-13 00:05:02.076 [AWT-EventQueue-0] INFO  c.n.game.view.panels.GamePanel - Game paused.
2025-09-13 00:05:02.077 [AWT-EventQueue-0] INFO  c.n.game.utils.GameStateManager - Attempting to save game state...
2025-09-13 00:05:02.084 [AWT-EventQueue-0] INFO  c.n.game.utils.GameStateManager - Game state saved successfully to 'game_autosave.dat'.
2025-09-13 00:05:02.085 [AWT-EventQueue-0] INFO  c.n.game.view.panels.GamePanel - Game resumed.
2025-09-13 00:05:02.159 [AWT-EventQueue-0] INFO  c.n.game.view.panels.GamePanel - Packet Delivered Successfully: Packet{ID:171, SHP:CIRCLE, TYP: NORMAL, SZ:1, N:0.0/1, V:1, Ideal:(1110.0,130.0) Vel:(1.5,-1.3 (Mag:0.00)) Accel:false Decel:false Rev:false FinalPred:N/A St:QUEUED(Sys:4)}
2025-09-13 00:05:02.160 [Thread-189] WARN  c.n.game.controller.core.NetworkGame - Sound effect not found: /assets/sounds/delivery_success.wav
2025-09-13 00:05:02.442 [AWT-EventQueue-0] INFO  c.n.game.view.panels.GamePanel - Packet Delivered Successfully: Packet{ID:167, SHP:SQUARE, TYP: MESSENGER, SZ:2, N:1.0/2, V:2, Ideal:(690.0,530.0) Vel:(2.0,-0.3 (Mag:0.00)) Accel:false Decel:false Rev:false FinalPred:N/A St:QUEUED(Sys:21)}
2025-09-13 00:05:02.678 [AWT-EventQueue-0] INFO  c.n.game.view.panels.GamePanel - Packet Delivered Successfully: Packet{ID:174, SHP:CIRCLE, TYP: NORMAL, SZ:1, N:0.0/1, V:1, Ideal:(1110.0,680.0) Vel:(2.0,0.1 (Mag:0.00)) Accel:false Decel:false Rev:false FinalPred:N/A St:QUEUED(Sys:7)}
2025-09-13 00:05:02.679 [Thread-190] WARN  c.n.game.controller.core.NetworkGame - Sound effect not found: /assets/sounds/delivery_success.wav
2025-09-13 00:05:03.649 [AWT-EventQueue-0] DEBUG c.n.game.view.panels.GamePanel - Generated new packet: Packet{ID:177, SHP:TRIANGLE, TYP: NORMAL, SZ:3, N:0.0/3, V:3, Ideal:(730.0,540.0) Vel:(-1.0,1.7 (Mag:2.00)) Accel:false Decel:false Rev:false FinalPred:N/A St:ON_WIRE(W:17 P:0.0%)}
2025-09-13 00:05:05.385 [AWT-EventQueue-0] DEBUG c.n.game.view.panels.GamePanel - Generated new packet: Packet{ID:178, SHP:CIRCLE, TYP: NORMAL, SZ:1, N:0.0/1, V:1, Ideal:(730.0,190.0) Vel:(-0.9,1.8 (Mag:2.00)) Accel:false Decel:false Rev:false FinalPred:N/A St:ON_WIRE(W:10 P:0.0%)}
2025-09-13 00:05:06.845 [AWT-EventQueue-0] DEBUG c.n.game.view.panels.GamePanel - Generated new packet: Packet{ID:179, SHP:CIRCLE, TYP: NORMAL, SZ:1, N:0.0/1, V:1, Ideal:(730.0,520.0) Vel:(-1.8,-0.9 (Mag:2.00)) Accel:false Decel:false Rev:false FinalPred:N/A St:ON_WIRE(W:18 P:0.0%)}
2025-09-13 00:05:08.014 [AWT-EventQueue-0] INFO  c.n.game.view.panels.GamePanel - Packet Delivered Successfully: Packet{ID:177, SHP:TRIANGLE, TYP: NORMAL, SZ:3, N:0.0/3, V:3, Ideal:(1110.0,350.0) Vel:(2.0,-0.1 (Mag:0.00)) Accel:false Decel:false Rev:false FinalPred:N/A St:QUEUED(Sys:5)}
2025-09-13 00:05:08.015 [Thread-191] WARN  c.n.game.controller.core.NetworkGame - Sound effect not found: /assets/sounds/delivery_success.wav
2025-09-13 00:05:08.414 [AWT-EventQueue-0] INFO  c.n.game.view.panels.GamePanel - Packet Delivered Successfully: Packet{ID:175, SHP:CIRCLE, TYP: NORMAL, SZ:1, N:0.0/1, V:1, Ideal:(1110.0,130.0) Vel:(1.5,-1.3 (Mag:0.00)) Accel:false Decel:false Rev:false FinalPred:N/A St:QUEUED(Sys:4)}
2025-09-13 00:05:08.416 [Thread-192] WARN  c.n.game.controller.core.NetworkGame - Sound effect not found: /assets/sounds/delivery_success.wav
2025-09-13 00:05:08.966 [AWT-EventQueue-0] DEBUG c.n.game.view.panels.GamePanel - Generated new packet: Packet{ID:180, SHP:CIRCLE, TYP: NORMAL, SZ:1, N:0.0/1, V:1, Ideal:(730.0,190.0) Vel:(-0.9,1.8 (Mag:2.00)) Accel:false Decel:false Rev:false FinalPred:N/A St:ON_WIRE(W:10 P:0.0%)}
2025-09-13 00:05:09.766 [AWT-EventQueue-0] INFO  c.n.game.view.panels.GamePanel - Packet Delivered Successfully: Packet{ID:178, SHP:CIRCLE, TYP: NORMAL, SZ:1, N:0.0/1, V:1, Ideal:(1110.0,680.0) Vel:(2.0,0.1 (Mag:0.00)) Accel:false Decel:false Rev:false FinalPred:N/A St:QUEUED(Sys:7)}
2025-09-13 00:05:09.767 [Thread-193] WARN  c.n.game.controller.core.NetworkGame - Sound effect not found: /assets/sounds/delivery_success.wav
2025-09-13 00:05:09.898 [AWT-EventQueue-0] DEBUG c.n.game.view.panels.GamePanel - Generated new packet: Packet{ID:181, SHP:CIRCLE, TYP: NORMAL, SZ:1, N:0.0/1, V:1, Ideal:(730.0,520.0) Vel:(-1.8,-0.9 (Mag:2.00)) Accel:false Decel:false Rev:false FinalPred:N/A St:ON_WIRE(W:18 P:0.0%)}
2025-09-13 00:05:12.063 [AWT-EventQueue-0] DEBUG c.n.game.view.panels.GamePanel - Autosave triggered.
2025-09-13 00:05:12.063 [AWT-EventQueue-0] INFO  c.n.game.view.panels.GamePanel - Game paused.
2025-09-13 00:05:12.063 [AWT-EventQueue-0] INFO  c.n.game.utils.GameStateManager - Attempting to save game state...
2025-09-13 00:05:12.068 [AWT-EventQueue-0] INFO  c.n.game.utils.GameStateManager - Game state saved successfully to 'game_autosave.dat'.
2025-09-13 00:05:12.069 [AWT-EventQueue-0] INFO  c.n.game.view.panels.GamePanel - Game resumed.
2025-09-13 00:05:12.457 [AWT-EventQueue-0] DEBUG c.n.game.view.panels.GamePanel - Generated new packet: Packet{ID:182, SHP:CIRCLE, TYP: NORMAL, SZ:1, N:0.0/1, V:1, Ideal:(730.0,190.0) Vel:(-0.9,1.8 (Mag:2.00)) Accel:false Decel:false Rev:false FinalPred:N/A St:ON_WIRE(W:10 P:0.0%)}
2025-09-13 00:05:12.978 [AWT-EventQueue-0] DEBUG c.n.game.view.panels.GamePanel - Generated new packet: Packet{ID:183, SHP:CIRCLE, TYP: NORMAL, SZ:1, N:0.0/1, V:1, Ideal:(730.0,520.0) Vel:(-1.8,-0.9 (Mag:2.00)) Accel:false Decel:false Rev:false FinalPred:N/A St:ON_WIRE(W:18 P:0.0%)}
2025-09-13 00:05:13.267 [AWT-EventQueue-0] INFO  c.n.game.view.panels.GamePanel - Packet Delivered Successfully: Packet{ID:180, SHP:CIRCLE, TYP: NORMAL, SZ:1, N:0.0/1, V:1, Ideal:(1110.0,680.0) Vel:(2.0,0.1 (Mag:0.00)) Accel:false Decel:false Rev:false FinalPred:N/A St:QUEUED(Sys:7)}
2025-09-13 00:05:13.269 [Thread-194] WARN  c.n.game.controller.core.NetworkGame - Sound effect not found: /assets/sounds/delivery_success.wav
2025-09-13 00:05:13.537 [AWT-EventQueue-0] INFO  c.n.game.view.panels.GamePanel - Packet Delivered Successfully: Packet{ID:181, SHP:CIRCLE, TYP: NORMAL, SZ:1, N:0.0/1, V:1, Ideal:(690.0,530.0) Vel:(0.8,1.8 (Mag:0.00)) Accel:false Decel:false Rev:false FinalPred:N/A St:QUEUED(Sys:21)}
2025-09-13 00:05:14.216 [Thread-195] WARN  c.n.game.controller.core.NetworkGame - Sound effect not found: /assets/sounds/ui_confirm.wav
2025-09-13 00:05:14.548 [AWT-EventQueue-0] INFO  c.n.game.view.panels.GamePanel - Packet Delivered Successfully: Packet{ID:179, SHP:CIRCLE, TYP: NORMAL, SZ:1, N:0.0/1, V:1, Ideal:(1110.0,130.0) Vel:(1.5,-1.3 (Mag:0.00)) Accel:false Decel:false Rev:false FinalPred:N/A St:QUEUED(Sys:4)}
2025-09-13 00:05:14.550 [Thread-196] WARN  c.n.game.controller.core.NetworkGame - Sound effect not found: /assets/sounds/delivery_success.wav
2025-09-13 00:05:15.937 [AWT-EventQueue-0] DEBUG c.n.game.view.panels.GamePanel - Generated new packet: Packet{ID:184, SHP:SQUARE, TYP: NORMAL, SZ:2, N:0.0/2, V:2, Ideal:(730.0,210.0) Vel:(-0.9,0.5 (Mag:1.00)) Accel:false Decel:false Rev:false FinalPred:N/A St:ON_WIRE(W:24 P:0.0%)}
2025-09-13 00:05:16.038 [AWT-EventQueue-0] DEBUG c.n.game.view.panels.GamePanel - Generated new packet: Packet{ID:185, SHP:TRIANGLE, TYP: NORMAL, SZ:3, N:0.0/3, V:3, Ideal:(730.0,540.0) Vel:(-1.0,1.7 (Mag:2.00)) Accel:false Decel:false Rev:false FinalPred:N/A St:ON_WIRE(W:17 P:0.0%)}
2025-09-13 00:05:16.502 [AWT-EventQueue-0] INFO  c.n.game.view.panels.GamePanel - Packet Delivered Successfully: Packet{ID:176, SHP:SQUARE, TYP: MESSENGER, SZ:2, N:1.0/2, V:2, Ideal:(690.0,530.0) Vel:(2.0,-0.3 (Mag:0.00)) Accel:false Decel:false Rev:false FinalPred:N/A St:QUEUED(Sys:21)}
2025-09-13 00:05:16.736 [AWT-EventQueue-0] INFO  c.n.game.view.panels.GamePanel - Packet Delivered Successfully: Packet{ID:182, SHP:CIRCLE, TYP: NORMAL, SZ:1, N:0.0/1, V:1, Ideal:(1110.0,680.0) Vel:(2.0,0.1 (Mag:0.00)) Accel:false Decel:false Rev:false FinalPred:N/A St:QUEUED(Sys:7)}
2025-09-13 00:05:16.737 [Thread-197] WARN  c.n.game.controller.core.NetworkGame - Sound effect not found: /assets/sounds/delivery_success.wav
2025-09-13 00:05:19.078 [AWT-EventQueue-0] DEBUG c.n.game.view.panels.GamePanel - Generated new packet: Packet{ID:186, SHP:TRIANGLE, TYP: NORMAL, SZ:3, N:0.0/3, V:3, Ideal:(730.0,540.0) Vel:(-1.0,1.7 (Mag:2.00)) Accel:false Decel:false Rev:false FinalPred:N/A St:ON_WIRE(W:17 P:0.0%)}
2025-09-13 00:05:19.393 [AWT-EventQueue-0] DEBUG c.n.game.view.panels.GamePanel - Generated new packet: Packet{ID:187, SHP:CIRCLE, TYP: NORMAL, SZ:1, N:0.0/1, V:1, Ideal:(730.0,190.0) Vel:(-0.9,1.8 (Mag:2.00)) Accel:false Decel:false Rev:false FinalPred:N/A St:ON_WIRE(W:10 P:0.0%)}
2025-09-13 00:05:20.233 [AWT-EventQueue-0] INFO  c.n.game.view.panels.GamePanel - Packet Delivered Successfully: Packet{ID:185, SHP:TRIANGLE, TYP: NORMAL, SZ:3, N:0.0/3, V:3, Ideal:(1110.0,350.0) Vel:(2.0,-0.1 (Mag:0.00)) Accel:false Decel:false Rev:false FinalPred:N/A St:QUEUED(Sys:5)}
2025-09-13 00:05:20.236 [Thread-198] WARN  c.n.game.controller.core.NetworkGame - Sound effect not found: /assets/sounds/delivery_success.wav
2025-09-13 00:05:20.638 [AWT-EventQueue-0] INFO  c.n.game.view.panels.GamePanel - Packet Delivered Successfully: Packet{ID:183, SHP:CIRCLE, TYP: NORMAL, SZ:1, N:0.0/1, V:1, Ideal:(1110.0,130.0) Vel:(1.5,-1.3 (Mag:0.00)) Accel:false Decel:false Rev:false FinalPred:N/A St:QUEUED(Sys:4)}
2025-09-13 00:05:20.639 [Thread-199] WARN  c.n.game.controller.core.NetworkGame - Sound effect not found: /assets/sounds/delivery_success.wav
2025-09-13 00:05:22.065 [AWT-EventQueue-0] DEBUG c.n.game.view.panels.GamePanel - Autosave triggered.
2025-09-13 00:05:22.065 [AWT-EventQueue-0] INFO  c.n.game.view.panels.GamePanel - Game paused.
2025-09-13 00:05:22.065 [AWT-EventQueue-0] INFO  c.n.game.utils.GameStateManager - Attempting to save game state...
2025-09-13 00:05:22.074 [AWT-EventQueue-0] INFO  c.n.game.utils.GameStateManager - Game state saved successfully to 'game_autosave.dat'.
2025-09-13 00:05:22.076 [AWT-EventQueue-0] INFO  c.n.game.view.panels.GamePanel - Game resumed.
2025-09-13 00:05:22.159 [AWT-EventQueue-0] DEBUG c.n.game.view.panels.GamePanel - Generated new packet: Packet{ID:188, SHP:CIRCLE, TYP: NORMAL, SZ:1, N:0.0/1, V:1, Ideal:(730.0,520.0) Vel:(-1.8,-0.9 (Mag:2.00)) Accel:false Decel:false Rev:false FinalPred:N/A St:ON_WIRE(W:18 P:0.0%)}
2025-09-13 00:05:22.908 [AWT-EventQueue-0] DEBUG c.n.game.view.panels.GamePanel - Generated new packet: Packet{ID:189, SHP:CIRCLE, TYP: NORMAL, SZ:1, N:0.0/1, V:1, Ideal:(730.0,190.0) Vel:(-0.9,1.8 (Mag:2.00)) Accel:false Decel:false Rev:false FinalPred:N/A St:ON_WIRE(W:10 P:0.0%)}
2025-09-13 00:05:23.323 [AWT-EventQueue-0] INFO  c.n.game.view.panels.GamePanel - Packet Delivered Successfully: Packet{ID:186, SHP:TRIANGLE, TYP: NORMAL, SZ:3, N:0.0/3, V:3, Ideal:(1110.0,350.0) Vel:(2.0,-0.1 (Mag:0.00)) Accel:false Decel:false Rev:false FinalPred:N/A St:QUEUED(Sys:5)}
2025-09-13 00:05:23.325 [Thread-200] WARN  c.n.game.controller.core.NetworkGame - Sound effect not found: /assets/sounds/delivery_success.wav
2025-09-13 00:05:23.704 [AWT-EventQueue-0] INFO  c.n.game.view.panels.GamePanel - Packet Delivered Successfully: Packet{ID:187, SHP:CIRCLE, TYP: NORMAL, SZ:1, N:0.0/1, V:1, Ideal:(1110.0,680.0) Vel:(2.0,0.1 (Mag:0.00)) Accel:false Decel:false Rev:false FinalPred:N/A St:QUEUED(Sys:7)}
2025-09-13 00:05:23.706 [Thread-201] WARN  c.n.game.controller.core.NetworkGame - Sound effect not found: /assets/sounds/delivery_success.wav
2025-09-13 00:05:25.214 [AWT-EventQueue-0] DEBUG c.n.game.view.panels.GamePanel - Generated new packet: Packet{ID:190, SHP:TRIANGLE, TYP: NORMAL, SZ:3, N:0.0/3, V:3, Ideal:(730.0,540.0) Vel:(-1.0,1.7 (Mag:2.00)) Accel:false Decel:false Rev:false FinalPred:N/A St:ON_WIRE(W:17 P:0.0%)}
2025-09-13 00:05:26.377 [AWT-EventQueue-0] DEBUG c.n.game.view.panels.GamePanel - Generated new packet: Packet{ID:191, SHP:CIRCLE, TYP: NORMAL, SZ:1, N:0.0/1, V:1, Ideal:(730.0,190.0) Vel:(-0.9,1.8 (Mag:2.00)) Accel:false Decel:false Rev:false FinalPred:N/A St:ON_WIRE(W:10 P:0.0%)}
2025-09-13 00:05:27.178 [AWT-EventQueue-0] INFO  c.n.game.view.panels.GamePanel - Packet Delivered Successfully: Packet{ID:189, SHP:CIRCLE, TYP: NORMAL, SZ:1, N:0.0/1, V:1, Ideal:(1110.0,680.0) Vel:(2.0,0.1 (Mag:0.00)) Accel:false Decel:false Rev:false FinalPred:N/A St:QUEUED(Sys:7)}
2025-09-13 00:05:27.179 [Thread-202] WARN  c.n.game.controller.core.NetworkGame - Sound effect not found: /assets/sounds/delivery_success.wav
2025-09-13 00:05:28.264 [AWT-EventQueue-0] DEBUG c.n.game.view.panels.GamePanel - Generated new packet: Packet{ID:192, SHP:CIRCLE, TYP: NORMAL, SZ:1, N:0.0/1, V:1, Ideal:(730.0,520.0) Vel:(-1.8,-0.9 (Mag:2.00)) Accel:false Decel:false Rev:false FinalPred:N/A St:ON_WIRE(W:18 P:0.0%)}
2025-09-13 00:05:29.411 [AWT-EventQueue-0] INFO  c.n.game.view.panels.GamePanel - Packet Delivered Successfully: Packet{ID:190, SHP:TRIANGLE, TYP: NORMAL, SZ:3, N:0.0/3, V:3, Ideal:(1110.0,350.0) Vel:(2.0,-0.1 (Mag:0.00)) Accel:false Decel:false Rev:false FinalPred:N/A St:QUEUED(Sys:5)}
2025-09-13 00:05:29.412 [Thread-203] WARN  c.n.game.controller.core.NetworkGame - Sound effect not found: /assets/sounds/delivery_success.wav
2025-09-13 00:05:29.817 [AWT-EventQueue-0] INFO  c.n.game.view.panels.GamePanel - Packet Delivered Successfully: Packet{ID:188, SHP:CIRCLE, TYP: NORMAL, SZ:1, N:0.0/1, V:1, Ideal:(1110.0,130.0) Vel:(1.5,-1.3 (Mag:0.00)) Accel:false Decel:false Rev:false FinalPred:N/A St:QUEUED(Sys:4)}
2025-09-13 00:05:29.818 [Thread-204] WARN  c.n.game.controller.core.NetworkGame - Sound effect not found: /assets/sounds/delivery_success.wav
2025-09-13 00:05:29.835 [AWT-EventQueue-0] DEBUG c.n.game.view.panels.GamePanel - Generated new packet: Packet{ID:193, SHP:SQUARE, TYP: NORMAL, SZ:2, N:0.0/2, V:2, Ideal:(730.0,210.0) Vel:(-0.9,0.5 (Mag:1.00)) Accel:false Decel:false Rev:false FinalPred:N/A St:ON_WIRE(W:24 P:0.0%)}
2025-09-13 00:05:30.416 [AWT-EventQueue-0] INFO  c.n.game.view.panels.GamePanel - Packet Delivered Successfully: Packet{ID:184, SHP:SQUARE, TYP: NORMAL, SZ:2, N:1.0/2, V:2, Ideal:(690.0,530.0) Vel:(2.0,-0.3 (Mag:0.00)) Accel:false Decel:false Rev:false FinalPred:N/A St:QUEUED(Sys:21)}
2025-09-13 00:05:30.652 [AWT-EventQueue-0] INFO  c.n.game.view.panels.GamePanel - Packet Delivered Successfully: Packet{ID:191, SHP:CIRCLE, TYP: NORMAL, SZ:1, N:0.0/1, V:1, Ideal:(1110.0,680.0) Vel:(2.0,0.1 (Mag:0.00)) Accel:false Decel:false Rev:false FinalPred:N/A St:QUEUED(Sys:7)}
2025-09-13 00:05:30.653 [Thread-205] WARN  c.n.game.controller.core.NetworkGame - Sound effect not found: /assets/sounds/delivery_success.wav
2025-09-13 00:05:31.315 [AWT-EventQueue-0] DEBUG c.n.game.view.panels.GamePanel - Generated new packet: Packet{ID:194, SHP:CIRCLE, TYP: NORMAL, SZ:1, N:0.0/1, V:1, Ideal:(730.0,520.0) Vel:(-1.8,-0.9 (Mag:2.00)) Accel:false Decel:false Rev:false FinalPred:N/A St:ON_WIRE(W:18 P:0.0%)}
2025-09-13 00:05:32.066 [AWT-EventQueue-0] DEBUG c.n.game.view.panels.GamePanel - Autosave triggered.
2025-09-13 00:05:32.066 [AWT-EventQueue-0] INFO  c.n.game.view.panels.GamePanel - Game paused.
2025-09-13 00:05:32.066 [AWT-EventQueue-0] INFO  c.n.game.utils.GameStateManager - Attempting to save game state...
2025-09-13 00:05:32.072 [AWT-EventQueue-0] INFO  c.n.game.utils.GameStateManager - Game state saved successfully to 'game_autosave.dat'.
2025-09-13 00:05:32.075 [AWT-EventQueue-0] INFO  c.n.game.view.panels.GamePanel - Game resumed.
2025-09-13 00:05:33.332 [AWT-EventQueue-0] DEBUG c.n.game.view.panels.GamePanel - Generated new packet: Packet{ID:195, SHP:CIRCLE, TYP: NORMAL, SZ:1, N:0.0/1, V:1, Ideal:(730.0,190.0) Vel:(-0.9,1.8 (Mag:2.00)) Accel:false Decel:false Rev:false FinalPred:N/A St:ON_WIRE(W:10 P:0.0%)}
2025-09-13 00:05:34.383 [AWT-EventQueue-0] DEBUG c.n.game.view.panels.GamePanel - Generated new packet: Packet{ID:196, SHP:TRIANGLE, TYP: NORMAL, SZ:3, N:0.0/3, V:3, Ideal:(730.0,540.0) Vel:(-1.0,1.7 (Mag:2.00)) Accel:false Decel:false Rev:false FinalPred:N/A St:ON_WIRE(W:17 P:0.0%)}
2025-09-13 00:05:34.938 [AWT-EventQueue-0] INFO  c.n.game.view.panels.GamePanel - Packet Delivered Successfully: Packet{ID:194, SHP:CIRCLE, TYP: NORMAL, SZ:1, N:0.0/1, V:1, Ideal:(690.0,530.0) Vel:(0.8,1.8 (Mag:0.00)) Accel:false Decel:false Rev:false FinalPred:N/A St:QUEUED(Sys:21)}
2025-09-13 00:05:35.949 [AWT-EventQueue-0] INFO  c.n.game.view.panels.GamePanel - Packet Delivered Successfully: Packet{ID:192, SHP:CIRCLE, TYP: NORMAL, SZ:1, N:0.0/1, V:1, Ideal:(1110.0,130.0) Vel:(1.5,-1.3 (Mag:0.00)) Accel:false Decel:false Rev:false FinalPred:N/A St:QUEUED(Sys:4)}
2025-09-13 00:05:35.952 [Thread-206] WARN  c.n.game.controller.core.NetworkGame - Sound effect not found: /assets/sounds/delivery_success.wav
2025-09-13 00:05:36.803 [AWT-EventQueue-0] DEBUG c.n.game.view.panels.GamePanel - Generated new packet: Packet{ID:197, SHP:CIRCLE, TYP: NORMAL, SZ:1, N:0.0/1, V:1, Ideal:(730.0,190.0) Vel:(-0.9,1.8 (Mag:2.00)) Accel:false Decel:false Rev:false FinalPred:N/A St:ON_WIRE(W:10 P:0.0%)}
2025-09-13 00:05:37.437 [AWT-EventQueue-0] DEBUG c.n.game.view.panels.GamePanel - Generated new packet: Packet{ID:198, SHP:TRIANGLE, TYP: NORMAL, SZ:3, N:0.0/3, V:3, Ideal:(730.0,540.0) Vel:(-1.0,1.7 (Mag:2.00)) Accel:false Decel:false Rev:false FinalPred:N/A St:ON_WIRE(W:17 P:0.0%)}
2025-09-13 00:05:37.604 [AWT-EventQueue-0] INFO  c.n.game.view.panels.GamePanel - Packet Delivered Successfully: Packet{ID:195, SHP:CIRCLE, TYP: NORMAL, SZ:1, N:0.0/1, V:1, Ideal:(1110.0,680.0) Vel:(2.0,0.1 (Mag:0.00)) Accel:false Decel:false Rev:false FinalPred:N/A St:QUEUED(Sys:7)}
2025-09-13 00:05:37.605 [Thread-207] WARN  c.n.game.controller.core.NetworkGame - Sound effect not found: /assets/sounds/delivery_success.wav
2025-09-13 00:05:38.587 [AWT-EventQueue-0] INFO  c.n.game.view.panels.GamePanel - Packet Delivered Successfully: Packet{ID:196, SHP:TRIANGLE, TYP: NORMAL, SZ:3, N:0.0/3, V:3, Ideal:(1110.0,350.0) Vel:(2.0,-0.1 (Mag:0.00)) Accel:false Decel:false Rev:false FinalPred:N/A St:QUEUED(Sys:5)}
2025-09-13 00:05:38.588 [Thread-208] WARN  c.n.game.controller.core.NetworkGame - Sound effect not found: /assets/sounds/delivery_success.wav
2025-09-13 00:05:40.272 [AWT-EventQueue-0] DEBUG c.n.game.view.panels.GamePanel - Generated new packet: Packet{ID:199, SHP:CIRCLE, TYP: NORMAL, SZ:1, N:0.0/1, V:1, Ideal:(730.0,190.0) Vel:(-0.9,1.8 (Mag:2.00)) Accel:false Decel:false Rev:false FinalPred:N/A St:ON_WIRE(W:10 P:0.0%)}
2025-09-13 00:05:40.487 [AWT-EventQueue-0] DEBUG c.n.game.view.panels.GamePanel - Generated new packet: Packet{ID:200, SHP:CIRCLE, TYP: NORMAL, SZ:1, N:0.0/1, V:1, Ideal:(730.0,520.0) Vel:(-1.8,-0.9 (Mag:2.00)) Accel:false Decel:false Rev:false FinalPred:N/A St:ON_WIRE(W:18 P:0.0%)}
2025-09-13 00:05:41.073 [AWT-EventQueue-0] INFO  c.n.game.view.panels.GamePanel - Packet Delivered Successfully: Packet{ID:197, SHP:CIRCLE, TYP: NORMAL, SZ:1, N:0.0/1, V:1, Ideal:(1110.0,680.0) Vel:(2.0,0.1 (Mag:0.00)) Accel:false Decel:false Rev:false FinalPred:N/A St:QUEUED(Sys:7)}
2025-09-13 00:05:41.074 [Thread-209] WARN  c.n.game.controller.core.NetworkGame - Sound effect not found: /assets/sounds/delivery_success.wav
2025-09-13 00:05:41.639 [AWT-EventQueue-0] INFO  c.n.game.view.panels.GamePanel - Packet Delivered Successfully: Packet{ID:198, SHP:TRIANGLE, TYP: NORMAL, SZ:3, N:0.0/3, V:3, Ideal:(1110.0,350.0) Vel:(2.0,-0.1 (Mag:0.00)) Accel:false Decel:false Rev:false FinalPred:N/A St:QUEUED(Sys:5)}
2025-09-13 00:05:41.639 [Thread-210] WARN  c.n.game.controller.core.NetworkGame - Sound effect not found: /assets/sounds/delivery_success.wav
2025-09-13 00:05:42.078 [AWT-EventQueue-0] DEBUG c.n.game.view.panels.GamePanel - Autosave triggered.
2025-09-13 00:05:42.078 [AWT-EventQueue-0] INFO  c.n.game.view.panels.GamePanel - Game paused.
2025-09-13 00:05:42.078 [AWT-EventQueue-0] INFO  c.n.game.utils.GameStateManager - Attempting to save game state...
2025-09-13 00:05:42.086 [AWT-EventQueue-0] INFO  c.n.game.utils.GameStateManager - Game state saved successfully to 'game_autosave.dat'.
2025-09-13 00:05:42.087 [AWT-EventQueue-0] INFO  c.n.game.view.panels.GamePanel - Game resumed.
2025-09-13 00:05:43.598 [AWT-EventQueue-0] DEBUG c.n.game.view.panels.GamePanel - Generated new packet: Packet{ID:201, SHP:TRIANGLE, TYP: NORMAL, SZ:3, N:0.0/3, V:3, Ideal:(730.0,540.0) Vel:(-1.0,1.7 (Mag:2.00)) Accel:false Decel:false Rev:false FinalPred:N/A St:ON_WIRE(W:17 P:0.0%)}
2025-09-13 00:05:43.801 [AWT-EventQueue-0] DEBUG c.n.game.view.panels.GamePanel - Generated new packet: Packet{ID:202, SHP:CIRCLE, TYP: NORMAL, SZ:1, N:0.0/1, V:1, Ideal:(730.0,190.0) Vel:(-0.9,1.8 (Mag:2.00)) Accel:false Decel:false Rev:false FinalPred:N/A St:ON_WIRE(W:10 P:0.0%)}
2025-09-13 00:05:44.612 [AWT-EventQueue-0] INFO  c.n.game.view.panels.GamePanel - Packet Delivered Successfully: Packet{ID:199, SHP:CIRCLE, TYP: NORMAL, SZ:1, N:0.0/1, V:1, Ideal:(1110.0,680.0) Vel:(2.0,0.1 (Mag:0.00)) Accel:false Decel:false Rev:false FinalPred:N/A St:QUEUED(Sys:7)}
2025-09-13 00:05:44.613 [Thread-211] WARN  c.n.game.controller.core.NetworkGame - Sound effect not found: /assets/sounds/delivery_success.wav
2025-09-13 00:05:45.220 [AWT-EventQueue-0] INFO  c.n.game.view.panels.GamePanel - Collision detected between Packet ID 193 and Packet ID 202
2025-09-13 00:05:45.220 [AWT-EventQueue-0] DEBUG c.n.game.view.panels.GamePanel - Impact wave generated at (728, 673) due to collision.
2025-09-13 00:05:45.239 [AWT-EventQueue-0] WARN  c.n.game.view.panels.GamePanel - Packet Lost: Packet{ID:193, SHP:SQUARE, TYP: NORMAL, SZ:2, N:2.0/2, V:2, Ideal:(735.7,670.8) Vel:(0.6,-1.9 (Mag:2.00)) Accel:false Decel:false Rev:false FinalPred:N/A St:ON_WIRE(W:30 P:3.4%)}
2025-09-13 00:05:45.239 [AWT-EventQueue-0] WARN  c.n.game.view.panels.GamePanel - Packet Lost: Packet{ID:202, SHP:CIRCLE, TYP: NORMAL, SZ:1, N:1.0/1, V:1, Ideal:(732.0,670.1) Vel:(2.0,0.1 (Mag:2.00)) Accel:false Decel:false Rev:false FinalPred:N/A St:ON_WIRE(W:11 P:0.6%)}
2025-09-13 00:05:46.660 [AWT-EventQueue-0] DEBUG c.n.game.view.panels.GamePanel - Generated new packet: Packet{ID:203, SHP:TRIANGLE, TYP: NORMAL, SZ:3, N:0.0/3, V:3, Ideal:(730.0,540.0) Vel:(-1.0,1.7 (Mag:2.00)) Accel:false Decel:false Rev:false FinalPred:N/A St:ON_WIRE(W:17 P:0.0%)}
2025-09-13 00:05:47.278 [AWT-EventQueue-0] DEBUG c.n.game.view.panels.GamePanel - Generated new packet: Packet{ID:204, SHP:SQUARE, TYP: NORMAL, SZ:2, N:0.0/2, V:2, Ideal:(730.0,210.0) Vel:(-0.9,0.5 (Mag:1.00)) Accel:false Decel:false Rev:false FinalPred:N/A St:ON_WIRE(W:24 P:0.0%)}
2025-09-13 00:05:47.808 [AWT-EventQueue-0] INFO  c.n.game.view.panels.GamePanel - Packet Delivered Successfully: Packet{ID:201, SHP:TRIANGLE, TYP: NORMAL, SZ:3, N:0.0/3, V:3, Ideal:(1110.0,350.0) Vel:(2.0,-0.1 (Mag:0.00)) Accel:false Decel:false Rev:false FinalPred:N/A St:QUEUED(Sys:5)}
2025-09-13 00:05:47.809 [Thread-215] WARN  c.n.game.controller.core.NetworkGame - Sound effect not found: /assets/sounds/delivery_success.wav
2025-09-13 00:05:48.209 [AWT-EventQueue-0] INFO  c.n.game.view.panels.GamePanel - Packet Delivered Successfully: Packet{ID:200, SHP:CIRCLE, TYP: NORMAL, SZ:1, N:0.0/1, V:1, Ideal:(1110.0,130.0) Vel:(1.5,-1.3 (Mag:0.00)) Accel:false Decel:false Rev:false FinalPred:N/A St:QUEUED(Sys:4)}
2025-09-13 00:05:48.212 [Thread-216] WARN  c.n.game.controller.core.NetworkGame - Sound effect not found: /assets/sounds/delivery_success.wav
2025-09-13 00:05:49.689 [AWT-EventQueue-0] DEBUG c.n.game.view.panels.GamePanel - Generated new packet: Packet{ID:205, SHP:CIRCLE, TYP: NORMAL, SZ:1, N:0.0/1, V:1, Ideal:(730.0,520.0) Vel:(-1.8,-0.9 (Mag:2.00)) Accel:false Decel:false Rev:false FinalPred:N/A St:ON_WIRE(W:18 P:0.0%)}
2025-09-13 00:05:50.728 [AWT-EventQueue-0] DEBUG c.n.game.view.panels.GamePanel - Generated new packet: Packet{ID:206, SHP:CIRCLE, TYP: NORMAL, SZ:1, N:0.0/1, V:1, Ideal:(730.0,190.0) Vel:(-0.9,1.8 (Mag:2.00)) Accel:false Decel:false Rev:false FinalPred:N/A St:ON_WIRE(W:10 P:0.0%)}
2025-09-13 00:05:50.843 [AWT-EventQueue-0] INFO  c.n.game.view.panels.GamePanel - Packet Delivered Successfully: Packet{ID:203, SHP:TRIANGLE, TYP: NORMAL, SZ:3, N:0.0/3, V:3, Ideal:(1110.0,350.0) Vel:(2.0,-0.1 (Mag:0.00)) Accel:false Decel:false Rev:false FinalPred:N/A St:QUEUED(Sys:5)}
2025-09-13 00:05:50.845 [Thread-217] WARN  c.n.game.controller.core.NetworkGame - Sound effect not found: /assets/sounds/delivery_success.wav
2025-09-13 00:05:52.079 [AWT-EventQueue-0] DEBUG c.n.game.view.panels.GamePanel - Autosave triggered.
2025-09-13 00:05:52.079 [AWT-EventQueue-0] INFO  c.n.game.view.panels.GamePanel - Game paused.
2025-09-13 00:05:52.079 [AWT-EventQueue-0] INFO  c.n.game.utils.GameStateManager - Attempting to save game state...
2025-09-13 00:05:52.083 [AWT-EventQueue-0] INFO  c.n.game.utils.GameStateManager - Game state saved successfully to 'game_autosave.dat'.
2025-09-13 00:05:52.084 [AWT-EventQueue-0] INFO  c.n.game.view.panels.GamePanel - Game resumed.
2025-09-13 00:05:52.766 [AWT-EventQueue-0] DEBUG c.n.game.view.panels.GamePanel - Generated new packet: Packet{ID:207, SHP:CIRCLE, TYP: NORMAL, SZ:1, N:0.0/1, V:1, Ideal:(730.0,520.0) Vel:(-1.8,-0.9 (Mag:2.00)) Accel:false Decel:false Rev:false FinalPred:N/A St:ON_WIRE(W:18 P:0.0%)}
2025-09-13 00:05:54.212 [AWT-EventQueue-0] DEBUG c.n.game.view.panels.GamePanel - Generated new packet: Packet{ID:208, SHP:CIRCLE, TYP: NORMAL, SZ:1, N:0.0/1, V:1, Ideal:(730.0,190.0) Vel:(-0.9,1.8 (Mag:2.00)) Accel:false Decel:false Rev:false FinalPred:N/A St:ON_WIRE(W:10 P:0.0%)}
2025-09-13 00:05:55.013 [AWT-EventQueue-0] INFO  c.n.game.view.panels.GamePanel - Packet Delivered Successfully: Packet{ID:206, SHP:CIRCLE, TYP: NORMAL, SZ:1, N:0.0/1, V:1, Ideal:(1110.0,680.0) Vel:(2.0,0.1 (Mag:0.00)) Accel:false Decel:false Rev:false FinalPred:N/A St:QUEUED(Sys:7)}
2025-09-13 00:05:55.014 [Thread-218] WARN  c.n.game.controller.core.NetworkGame - Sound effect not found: /assets/sounds/delivery_success.wav
2025-09-13 00:05:55.797 [AWT-EventQueue-0] DEBUG c.n.game.view.panels.GamePanel - Generated new packet: Packet{ID:209, SHP:TRIANGLE, TYP: NORMAL, SZ:3, N:0.0/3, V:3, Ideal:(730.0,540.0) Vel:(-1.0,1.7 (Mag:2.00)) Accel:false Decel:false Rev:false FinalPred:N/A St:ON_WIRE(W:17 P:0.0%)}
2025-09-13 00:05:56.533 [AWT-EventQueue-0] INFO  c.n.game.view.panels.GamePanel - Packet Delivered Successfully: Packet{ID:207, SHP:CIRCLE, TYP: NORMAL, SZ:1, N:0.0/1, V:1, Ideal:(690.0,200.0) Vel:(0.7,-1.9 (Mag:0.00)) Accel:false Decel:false Rev:false FinalPred:N/A St:QUEUED(Sys:20)}
2025-09-13 00:05:57.349 [AWT-EventQueue-0] INFO  c.n.game.view.panels.GamePanel - Packet Delivered Successfully: Packet{ID:205, SHP:CIRCLE, TYP: NORMAL, SZ:1, N:0.0/1, V:1, Ideal:(1110.0,130.0) Vel:(1.5,-1.3 (Mag:0.00)) Accel:false Decel:false Rev:false FinalPred:N/A St:QUEUED(Sys:4)}
2025-09-13 00:05:57.350 [Thread-219] WARN  c.n.game.controller.core.NetworkGame - Sound effect not found: /assets/sounds/delivery_success.wav
2025-09-13 00:05:57.666 [AWT-EventQueue-0] DEBUG c.n.game.view.panels.GamePanel - Generated new packet: Packet{ID:210, SHP:CIRCLE, TYP: NORMAL, SZ:1, N:0.0/1, V:1, Ideal:(730.0,190.0) Vel:(-0.9,1.8 (Mag:2.00)) Accel:false Decel:false Rev:false FinalPred:N/A St:ON_WIRE(W:10 P:0.0%)}
2025-09-13 00:05:58.469 [AWT-EventQueue-0] INFO  c.n.game.view.panels.GamePanel - Packet Delivered Successfully: Packet{ID:208, SHP:CIRCLE, TYP: NORMAL, SZ:1, N:0.0/1, V:1, Ideal:(1110.0,680.0) Vel:(2.0,0.1 (Mag:0.00)) Accel:false Decel:false Rev:false FinalPred:N/A St:QUEUED(Sys:7)}
2025-09-13 00:05:58.470 [Thread-220] WARN  c.n.game.controller.core.NetworkGame - Sound effect not found: /assets/sounds/delivery_success.wav
2025-09-13 00:05:58.837 [AWT-EventQueue-0] DEBUG c.n.game.view.panels.GamePanel - Generated new packet: Packet{ID:211, SHP:TRIANGLE, TYP: NORMAL, SZ:3, N:0.0/3, V:3, Ideal:(730.0,540.0) Vel:(-1.0,1.7 (Mag:2.00)) Accel:false Decel:false Rev:false FinalPred:N/A St:ON_WIRE(W:17 P:0.0%)}
2025-09-13 00:05:59.985 [AWT-EventQueue-0] INFO  c.n.game.view.panels.GamePanel - Packet Delivered Successfully: Packet{ID:209, SHP:TRIANGLE, TYP: NORMAL, SZ:3, N:0.0/3, V:3, Ideal:(1110.0,350.0) Vel:(2.0,-0.1 (Mag:0.00)) Accel:false Decel:false Rev:false FinalPred:N/A St:QUEUED(Sys:5)}
2025-09-13 00:05:59.985 [Thread-221] WARN  c.n.game.controller.core.NetworkGame - Sound effect not found: /assets/sounds/delivery_success.wav
2025-09-13 00:06:01.129 [AWT-EventQueue-0] DEBUG c.n.game.view.panels.GamePanel - Generated new packet: Packet{ID:212, SHP:CIRCLE, TYP: NORMAL, SZ:1, N:0.0/1, V:1, Ideal:(730.0,190.0) Vel:(-0.9,1.8 (Mag:2.00)) Accel:false Decel:false Rev:false FinalPred:N/A St:ON_WIRE(W:10 P:0.0%)}
2025-09-13 00:06:01.703 [AWT-EventQueue-0] INFO  c.n.game.view.panels.GamePanel - Packet Delivered Successfully: Packet{ID:204, SHP:SQUARE, TYP: NORMAL, SZ:2, N:1.0/2, V:2, Ideal:(690.0,530.0) Vel:(2.0,-0.3 (Mag:0.00)) Accel:false Decel:false Rev:false FinalPred:N/A St:QUEUED(Sys:21)}
2025-09-13 00:06:01.888 [AWT-EventQueue-0] DEBUG c.n.game.view.panels.GamePanel - Generated new packet: Packet{ID:213, SHP:CIRCLE, TYP: NORMAL, SZ:1, N:0.0/1, V:1, Ideal:(730.0,520.0) Vel:(-1.8,-0.9 (Mag:2.00)) Accel:false Decel:false Rev:false FinalPred:N/A St:ON_WIRE(W:18 P:0.0%)}
2025-09-13 00:06:01.937 [AWT-EventQueue-0] INFO  c.n.game.view.panels.GamePanel - Packet Delivered Successfully: Packet{ID:210, SHP:CIRCLE, TYP: NORMAL, SZ:1, N:0.0/1, V:1, Ideal:(1110.0,680.0) Vel:(2.0,0.1 (Mag:0.00)) Accel:false Decel:false Rev:false FinalPred:N/A St:QUEUED(Sys:7)}
2025-09-13 00:06:01.938 [Thread-222] WARN  c.n.game.controller.core.NetworkGame - Sound effect not found: /assets/sounds/delivery_success.wav
2025-09-13 00:06:02.068 [AWT-EventQueue-0] DEBUG c.n.game.view.panels.GamePanel - Autosave triggered.
2025-09-13 00:06:02.068 [AWT-EventQueue-0] INFO  c.n.game.view.panels.GamePanel - Game paused.
2025-09-13 00:06:02.068 [AWT-EventQueue-0] INFO  c.n.game.utils.GameStateManager - Attempting to save game state...
2025-09-13 00:06:02.074 [AWT-EventQueue-0] INFO  c.n.game.utils.GameStateManager - Game state saved successfully to 'game_autosave.dat'.
2025-09-13 00:06:02.074 [AWT-EventQueue-0] INFO  c.n.game.view.panels.GamePanel - Game resumed.
2025-09-13 00:06:03.067 [AWT-EventQueue-0] INFO  c.n.game.view.panels.GamePanel - Packet Delivered Successfully: Packet{ID:211, SHP:TRIANGLE, TYP: NORMAL, SZ:3, N:0.0/3, V:3, Ideal:(1110.0,350.0) Vel:(2.0,-0.1 (Mag:0.00)) Accel:false Decel:false Rev:false FinalPred:N/A St:QUEUED(Sys:5)}
2025-09-13 00:06:03.068 [Thread-223] WARN  c.n.game.controller.core.NetworkGame - Sound effect not found: /assets/sounds/delivery_success.wav
2025-09-13 00:06:04.625 [AWT-EventQueue-0] DEBUG c.n.game.view.panels.GamePanel - Generated new packet: Packet{ID:214, SHP:SQUARE, TYP: NORMAL, SZ:2, N:0.0/2, V:2, Ideal:(730.0,210.0) Vel:(-0.9,0.5 (Mag:1.00)) Accel:false Decel:false Rev:false FinalPred:N/A St:ON_WIRE(W:24 P:0.0%)}
2025-09-13 00:06:04.962 [AWT-EventQueue-0] DEBUG c.n.game.view.panels.GamePanel - Generated new packet: Packet{ID:215, SHP:CIRCLE, TYP: NORMAL, SZ:1, N:0.0/1, V:1, Ideal:(730.0,520.0) Vel:(-1.8,-0.9 (Mag:2.00)) Accel:false Decel:false Rev:false FinalPred:N/A St:ON_WIRE(W:18 P:0.0%)}
2025-09-13 00:06:05.434 [AWT-EventQueue-0] INFO  c.n.game.view.panels.GamePanel - Packet Delivered Successfully: Packet{ID:212, SHP:CIRCLE, TYP: NORMAL, SZ:1, N:0.0/1, V:1, Ideal:(1110.0,680.0) Vel:(2.0,0.1 (Mag:0.00)) Accel:false Decel:false Rev:false FinalPred:N/A St:QUEUED(Sys:7)}
2025-09-13 00:06:05.437 [Thread-224] WARN  c.n.game.controller.core.NetworkGame - Sound effect not found: /assets/sounds/delivery_success.wav
2025-09-13 00:06:06.217 [AWT-EventQueue-0] INFO  c.n.game.view.panels.GamePanel - Level 4 ended due to time limit.
2025-09-13 00:06:06.218 [AWT-EventQueue-0] INFO  c.n.game.view.panels.GamePanel - Stopping simulation. Game Over: false, Level Complete: false.
2025-09-13 00:06:06.219 [AWT-EventQueue-0] INFO  c.n.game.view.panels.GamePanel - LEVEL 4 COMPLETE. Packet loss: 18.2%.
2025-09-13 00:06:09.097 [AWT-EventQueue-0] INFO  c.n.game.controller.core.NetworkGame - Current level set to 5.
2025-09-13 00:06:09.097 [AWT-EventQueue-0] INFO  c.n.game.controller.core.NetworkGame - Attempting to start game for level 5.
2025-09-13 00:06:09.097 [AWT-EventQueue-0] INFO  c.n.game.view.panels.GamePanel - Initializing level 5.
2025-09-13 00:06:09.097 [AWT-EventQueue-0] INFO  c.n.game.view.panels.GamePanel - Stopping simulation. Game Over: false, Level Complete: true.
2025-09-13 00:06:09.100 [AWT-EventQueue-0] INFO  c.n.game.utils.GameStateManager - Autosave file 'game_autosave.dat' deleted successfully.
2025-09-13 00:06:09.105 [AWT-EventQueue-0] INFO  c.n.game.view.panels.GamePanel - Level 5 initialized successfully with 29 systems and 0 wires.
2025-09-13 00:06:20.493 [AWT-EventQueue-0] INFO  c.n.game.controller.core.NetworkGame - Returning to main menu.
2025-09-13 00:06:20.493 [AWT-EventQueue-0] DEBUG c.n.game.controller.core.NetworkGame - Background music started playing.
2025-09-13 00:06:20.494 [AWT-EventQueue-0] DEBUG c.n.game.utils.GameStateManager - Attempted to delete autosave file, but it does not exist.
2025-09-13 00:06:22.180 [AWT-EventQueue-0] DEBUG c.n.game.controller.core.NetworkGame - Showing level selection panel.
2025-09-13 00:06:23.398 [AWT-EventQueue-0] INFO  c.n.game.controller.core.NetworkGame - Current level set to 4.
2025-09-13 00:06:23.399 [AWT-EventQueue-0] INFO  c.n.game.controller.core.NetworkGame - Attempting to start game for level 4.
2025-09-13 00:06:23.399 [AWT-EventQueue-0] DEBUG c.n.game.controller.core.NetworkGame - Background music stopped.
2025-09-13 00:06:23.403 [AWT-EventQueue-0] INFO  c.n.game.view.panels.GamePanel - Initializing level 4.
2025-09-13 00:06:23.405 [AWT-EventQueue-0] INFO  c.n.game.view.panels.GamePanel - Level 4 initialized successfully with 24 systems and 0 wires.
2025-09-13 00:06:41.062 [AWT-EventQueue-0] INFO  c.n.game.controller.core.NetworkGame - Returning to main menu.
2025-09-13 00:06:41.062 [AWT-EventQueue-0] DEBUG c.n.game.controller.core.NetworkGame - Background music started playing.
2025-09-13 00:06:41.062 [AWT-EventQueue-0] DEBUG c.n.game.utils.GameStateManager - Attempted to delete autosave file, but it does not exist.
2025-09-13 00:06:43.099 [AWT-EventQueue-0] DEBUG c.n.game.controller.core.NetworkGame - Showing level selection panel.
2025-09-13 00:06:44.000 [AWT-EventQueue-0] INFO  c.n.game.controller.core.NetworkGame - Current level set to 5.
2025-09-13 00:06:44.001 [AWT-EventQueue-0] INFO  c.n.game.controller.core.NetworkGame - Attempting to start game for level 5.
2025-09-13 00:06:44.001 [AWT-EventQueue-0] DEBUG c.n.game.controller.core.NetworkGame - Background music stopped.
2025-09-13 00:06:44.005 [AWT-EventQueue-0] INFO  c.n.game.view.panels.GamePanel - Initializing level 5.
2025-09-13 00:06:44.009 [AWT-EventQueue-0] INFO  c.n.game.view.panels.GamePanel - Level 5 initialized successfully with 29 systems and 0 wires.
2025-09-13 00:06:48.661 [AWT-EventQueue-0] DEBUG c.n.game.view.panels.GamePanel - Starting wire drawing from port 5.
2025-09-13 00:06:55.591 [AWT-EventQueue-0] DEBUG c.n.game.view.panels.GamePanel - Wire drawing cancelled.
2025-09-13 00:07:03.479 [AWT-EventQueue-0] INFO  c.n.game.controller.core.NetworkGame - Returning to main menu.
2025-09-13 00:07:03.479 [AWT-EventQueue-0] DEBUG c.n.game.controller.core.NetworkGame - Background music started playing.
2025-09-13 00:07:03.479 [AWT-EventQueue-0] DEBUG c.n.game.utils.GameStateManager - Attempted to delete autosave file, but it does not exist.
2025-09-13 00:07:06.436 [AWT-EventQueue-0] INFO  c.n.game.controller.core.NetworkGame - Shutdown sequence initiated...
2025-09-13 00:07:06.531 [AWT-EventQueue-0] INFO  c.n.game.controller.core.NetworkGame - Application shutdown complete. Exiting.
