2025-09-15 17:21:07.060 [AWT-EventQueue-0] INFO  c.n.game.controller.core.NetworkGame - ========================================================
2025-09-15 17:21:07.083 [AWT-EventQueue-0] INFO  c.n.game.controller.core.NetworkGame - Application starting up...
2025-09-15 17:21:07.084 [AWT-EventQueue-0] INFO  c.n.game.controller.core.NetworkGame - Current Working Directory: C:\Users\Abolfazl\Ap 1403_4\pgit - Copy
2025-09-15 17:21:07.086 [AWT-EventQueue-0] INFO  c.n.game.controller.core.NetworkGame - ========================================================
2025-09-15 17:21:07.138 [AWT-EventQueue-0] INFO  c.n.game.controller.core.NetworkGame - ========================================================
2025-09-15 17:21:07.138 [AWT-EventQueue-0] INFO  c.n.game.controller.core.NetworkGame - Network Operator Simulator is starting up...
2025-09-15 17:21:07.720 [AWT-EventQueue-0] DEBUG c.n.game.controller.core.NetworkGame - Background music started playing.
2025-09-15 17:21:07.720 [AWT-EventQueue-0] INFO  c.n.game.controller.core.NetworkGame - Sound system initialized successfully.
2025-09-15 17:21:07.841 [AWT-EventQueue-0] DEBUG c.n.game.utils.GameStateManager - No save file found at 'game_autosave.dat'.
2025-09-15 17:21:07.841 [AWT-EventQueue-0] INFO  c.n.game.controller.core.NetworkGame - No existing save file found. Starting fresh.
2025-09-15 17:21:07.842 [AWT-EventQueue-0] INFO  c.n.game.controller.core.NetworkGame - Application initialized successfully. Showing main menu.
2025-09-15 17:21:10.146 [AWT-EventQueue-0] INFO  c.n.game.controller.core.NetworkGame - Attempting to start game for level 1.
2025-09-15 17:21:10.147 [AWT-EventQueue-0] DEBUG c.n.game.controller.core.NetworkGame - Background music stopped.
2025-09-15 17:21:10.152 [AWT-EventQueue-0] INFO  c.n.game.controller.logic.GameEngine - GameEngine: Initializing level 1.
2025-09-15 17:21:10.152 [AWT-EventQueue-0] INFO  c.n.game.controller.logic.GameEngine - GameEngine: Stopping simulation.
2025-09-15 17:21:10.165 [AWT-EventQueue-0] INFO  c.n.game.view.panels.GamePanel - Cancelling all interactive modes. Current mode: NONE
2025-09-15 17:21:11.613 [AWT-EventQueue-0] INFO  c.n.game.controller.core.NetworkGame - Returning to main menu.
2025-09-15 17:21:11.614 [AWT-EventQueue-0] DEBUG c.n.game.controller.core.NetworkGame - Background music started playing.
2025-09-15 17:21:12.758 [AWT-EventQueue-0] DEBUG c.n.game.controller.core.NetworkGame - Showing level selection panel.
2025-09-15 17:21:13.638 [AWT-EventQueue-0] INFO  c.n.game.controller.core.NetworkGame - Current level set to 5.
2025-09-15 17:21:13.639 [AWT-EventQueue-0] INFO  c.n.game.controller.core.NetworkGame - Attempting to start game for level 5.
2025-09-15 17:21:13.640 [AWT-EventQueue-0] DEBUG c.n.game.controller.core.NetworkGame - Background music stopped.
2025-09-15 17:21:13.644 [AWT-EventQueue-0] INFO  c.n.game.controller.logic.GameEngine - GameEngine: Initializing level 5.
2025-09-15 17:21:13.644 [AWT-EventQueue-0] INFO  c.n.game.controller.logic.GameEngine - GameEngine: Stopping simulation.
2025-09-15 17:21:13.652 [AWT-EventQueue-0] INFO  c.n.game.view.panels.GamePanel - Cancelling all interactive modes. Current mode: NONE
2025-09-15 17:21:20.853 [AWT-EventQueue-0] INFO  c.n.game.controller.core.NetworkGame - Returning to main menu.
2025-09-15 17:21:20.854 [AWT-EventQueue-0] DEBUG c.n.game.controller.core.NetworkGame - Background music started playing.
2025-09-15 17:21:22.110 [AWT-EventQueue-0] DEBUG c.n.game.controller.core.NetworkGame - Showing level selection panel.
2025-09-15 17:21:22.978 [AWT-EventQueue-0] INFO  c.n.game.controller.core.NetworkGame - Current level set to 4.
2025-09-15 17:21:22.979 [AWT-EventQueue-0] INFO  c.n.game.controller.core.NetworkGame - Attempting to start game for level 4.
2025-09-15 17:21:22.980 [AWT-EventQueue-0] DEBUG c.n.game.controller.core.NetworkGame - Background music stopped.
2025-09-15 17:21:22.988 [AWT-EventQueue-0] INFO  c.n.game.controller.logic.GameEngine - GameEngine: Initializing level 4.
2025-09-15 17:21:22.988 [AWT-EventQueue-0] INFO  c.n.game.controller.logic.GameEngine - GameEngine: Stopping simulation.
2025-09-15 17:21:22.989 [AWT-EventQueue-0] INFO  c.n.game.view.panels.GamePanel - Cancelling all interactive modes. Current mode: NONE
2025-09-15 17:21:24.589 [AWT-EventQueue-0] INFO  c.n.game.controller.core.NetworkGame - Returning to main menu.
2025-09-15 17:21:24.590 [AWT-EventQueue-0] DEBUG c.n.game.controller.core.NetworkGame - Background music started playing.
2025-09-15 17:21:25.812 [AWT-EventQueue-0] DEBUG c.n.game.controller.core.NetworkGame - Showing level selection panel.
2025-09-15 17:21:27.706 [AWT-EventQueue-0] INFO  c.n.game.controller.core.NetworkGame - Current level set to 3.
2025-09-15 17:21:27.706 [AWT-EventQueue-0] INFO  c.n.game.controller.core.NetworkGame - Attempting to start game for level 3.
2025-09-15 17:21:27.706 [AWT-EventQueue-0] DEBUG c.n.game.controller.core.NetworkGame - Background music stopped.
2025-09-15 17:21:27.707 [AWT-EventQueue-0] INFO  c.n.game.controller.logic.GameEngine - GameEngine: Initializing level 3.
2025-09-15 17:21:27.707 [AWT-EventQueue-0] INFO  c.n.game.controller.logic.GameEngine - GameEngine: Stopping simulation.
2025-09-15 17:21:27.708 [AWT-EventQueue-0] INFO  c.n.game.view.panels.GamePanel - Cancelling all interactive modes. Current mode: NONE
2025-09-15 17:21:29.157 [AWT-EventQueue-0] INFO  c.n.game.controller.core.NetworkGame - Returning to main menu.
2025-09-15 17:21:29.159 [AWT-EventQueue-0] DEBUG c.n.game.controller.core.NetworkGame - Background music started playing.
2025-09-15 17:21:30.202 [AWT-EventQueue-0] DEBUG c.n.game.controller.core.NetworkGame - Showing level selection panel.
2025-09-15 17:21:30.968 [AWT-EventQueue-0] INFO  c.n.game.controller.core.NetworkGame - Current level set to 2.
2025-09-15 17:21:30.968 [AWT-EventQueue-0] INFO  c.n.game.controller.core.NetworkGame - Attempting to start game for level 2.
2025-09-15 17:21:30.969 [AWT-EventQueue-0] DEBUG c.n.game.controller.core.NetworkGame - Background music stopped.
2025-09-15 17:21:30.971 [AWT-EventQueue-0] INFO  c.n.game.controller.logic.GameEngine - GameEngine: Initializing level 2.
2025-09-15 17:21:30.971 [AWT-EventQueue-0] INFO  c.n.game.controller.logic.GameEngine - GameEngine: Stopping simulation.
2025-09-15 17:21:30.972 [AWT-EventQueue-0] INFO  c.n.game.view.panels.GamePanel - Cancelling all interactive modes. Current mode: NONE
2025-09-15 17:21:32.018 [AWT-EventQueue-0] INFO  c.n.game.controller.core.NetworkGame - Returning to main menu.
2025-09-15 17:21:32.018 [AWT-EventQueue-0] DEBUG c.n.game.controller.core.NetworkGame - Background music started playing.
2025-09-15 17:21:33.031 [AWT-EventQueue-0] DEBUG c.n.game.controller.core.NetworkGame - Showing level selection panel.
2025-09-15 17:21:33.669 [AWT-EventQueue-0] INFO  c.n.game.controller.core.NetworkGame - Current level set to 1.
2025-09-15 17:21:33.670 [AWT-EventQueue-0] INFO  c.n.game.controller.core.NetworkGame - Attempting to start game for level 1.
2025-09-15 17:21:33.679 [AWT-EventQueue-0] DEBUG c.n.game.controller.core.NetworkGame - Background music stopped.
2025-09-15 17:21:33.682 [AWT-EventQueue-0] INFO  c.n.game.controller.logic.GameEngine - GameEngine: Initializing level 1.
2025-09-15 17:21:33.682 [AWT-EventQueue-0] INFO  c.n.game.controller.logic.GameEngine - GameEngine: Stopping simulation.
2025-09-15 17:21:33.682 [AWT-EventQueue-0] INFO  c.n.game.view.panels.GamePanel - Cancelling all interactive modes. Current mode: NONE
2025-09-15 17:21:34.778 [AWT-EventQueue-0] INFO  c.n.game.controller.core.NetworkGame - Returning to main menu.
2025-09-15 17:21:34.779 [AWT-EventQueue-0] DEBUG c.n.game.controller.core.NetworkGame - Background music started playing.
2025-09-15 17:21:35.989 [AWT-EventQueue-0] DEBUG c.n.game.controller.core.NetworkGame - Showing level selection panel.
2025-09-15 17:21:36.632 [AWT-EventQueue-0] INFO  c.n.game.controller.core.NetworkGame - Current level set to 1.
2025-09-15 17:21:36.632 [AWT-EventQueue-0] INFO  c.n.game.controller.core.NetworkGame - Attempting to start game for level 1.
2025-09-15 17:21:36.632 [AWT-EventQueue-0] DEBUG c.n.game.controller.core.NetworkGame - Background music stopped.
2025-09-15 17:21:36.637 [AWT-EventQueue-0] INFO  c.n.game.controller.logic.GameEngine - GameEngine: Initializing level 1.
2025-09-15 17:21:36.637 [AWT-EventQueue-0] INFO  c.n.game.controller.logic.GameEngine - GameEngine: Stopping simulation.
2025-09-15 17:21:36.638 [AWT-EventQueue-0] INFO  c.n.game.view.panels.GamePanel - Cancelling all interactive modes. Current mode: NONE
2025-09-15 17:21:37.488 [AWT-EventQueue-0] INFO  c.n.game.controller.core.NetworkGame - Returning to main menu.
2025-09-15 17:21:37.489 [AWT-EventQueue-0] DEBUG c.n.game.controller.core.NetworkGame - Background music started playing.
2025-09-15 17:36:48.038 [AWT-EventQueue-0] INFO  c.n.game.controller.core.NetworkGame - ========================================================
2025-09-15 17:36:48.040 [AWT-EventQueue-0] INFO  c.n.game.controller.core.NetworkGame - Application starting up...
2025-09-15 17:36:48.040 [AWT-EventQueue-0] INFO  c.n.game.controller.core.NetworkGame - Current Working Directory: C:\Users\Abolfazl\Ap 1403_4\pgit - Copy
2025-09-15 17:36:48.042 [AWT-EventQueue-0] INFO  c.n.game.controller.core.NetworkGame - ========================================================
2025-09-15 17:36:48.072 [AWT-EventQueue-0] INFO  c.n.game.controller.core.NetworkGame - ========================================================
2025-09-15 17:36:48.072 [AWT-EventQueue-0] INFO  c.n.game.controller.core.NetworkGame - Network Operator Simulator is starting up...
2025-09-15 17:36:48.852 [AWT-EventQueue-0] DEBUG c.n.game.controller.core.NetworkGame - Background music started playing.
2025-09-15 17:36:48.853 [AWT-EventQueue-0] INFO  c.n.game.controller.core.NetworkGame - Sound system initialized successfully.
2025-09-15 17:36:49.016 [AWT-EventQueue-0] DEBUG c.n.game.utils.GameStateManager - No save file found at 'game_autosave.dat'.
2025-09-15 17:36:49.017 [AWT-EventQueue-0] INFO  c.n.game.controller.core.NetworkGame - No existing save file found. Starting fresh.
2025-09-15 17:36:49.017 [AWT-EventQueue-0] INFO  c.n.game.controller.core.NetworkGame - Application initialized successfully. Showing main menu.
2025-09-15 17:36:55.151 [AWT-EventQueue-0] DEBUG c.n.game.controller.core.NetworkGame - Showing level selection panel.
2025-09-15 17:36:56.271 [AWT-EventQueue-0] INFO  c.n.game.controller.core.NetworkGame - Current level set to 4.
2025-09-15 17:36:56.273 [AWT-EventQueue-0] INFO  c.n.game.controller.core.NetworkGame - Attempting to start game for level 4.
2025-09-15 17:36:56.274 [AWT-EventQueue-0] DEBUG c.n.game.controller.core.NetworkGame - Background music stopped.
2025-09-15 17:36:56.277 [AWT-EventQueue-0] INFO  c.n.game.controller.logic.GameEngine - GameEngine: Initializing level 4.
2025-09-15 17:36:56.278 [AWT-EventQueue-0] INFO  c.n.game.controller.logic.GameEngine - GameEngine: Stopping simulation.
2025-09-15 17:36:56.306 [AWT-EventQueue-0] INFO  c.n.game.view.panels.GamePanel - Cancelling all interactive modes. Current mode: NONE
2025-09-15 17:36:58.526 [AWT-EventQueue-0] INFO  c.n.game.controller.core.NetworkGame - Returning to main menu.
2025-09-15 17:36:58.528 [AWT-EventQueue-0] DEBUG c.n.game.controller.core.NetworkGame - Background music started playing.
2025-09-15 17:37:00.181 [AWT-EventQueue-0] DEBUG c.n.game.controller.core.NetworkGame - Showing level selection panel.
2025-09-15 17:37:00.989 [AWT-EventQueue-0] INFO  c.n.game.controller.core.NetworkGame - Current level set to 5.
2025-09-15 17:37:00.989 [AWT-EventQueue-0] INFO  c.n.game.controller.core.NetworkGame - Attempting to start game for level 5.
2025-09-15 17:37:00.989 [AWT-EventQueue-0] DEBUG c.n.game.controller.core.NetworkGame - Background music stopped.
2025-09-15 17:37:00.992 [AWT-EventQueue-0] INFO  c.n.game.controller.logic.GameEngine - GameEngine: Initializing level 5.
2025-09-15 17:37:00.992 [AWT-EventQueue-0] INFO  c.n.game.controller.logic.GameEngine - GameEngine: Stopping simulation.
2025-09-15 17:37:00.993 [AWT-EventQueue-0] INFO  c.n.game.view.panels.GamePanel - Cancelling all interactive modes. Current mode: NONE
2025-09-15 17:37:02.089 [AWT-EventQueue-0] INFO  c.n.game.controller.core.NetworkGame - Returning to main menu.
2025-09-15 17:37:02.090 [AWT-EventQueue-0] DEBUG c.n.game.controller.core.NetworkGame - Background music started playing.
2025-09-15 17:37:03.112 [AWT-EventQueue-0] DEBUG c.n.game.controller.core.NetworkGame - Showing level selection panel.
2025-09-15 17:37:03.750 [AWT-EventQueue-0] INFO  c.n.game.controller.core.NetworkGame - Current level set to 3.
2025-09-15 17:37:03.750 [AWT-EventQueue-0] INFO  c.n.game.controller.core.NetworkGame - Attempting to start game for level 3.
2025-09-15 17:37:03.751 [AWT-EventQueue-0] DEBUG c.n.game.controller.core.NetworkGame - Background music stopped.
2025-09-15 17:37:03.755 [AWT-EventQueue-0] INFO  c.n.game.controller.logic.GameEngine - GameEngine: Initializing level 3.
2025-09-15 17:37:03.756 [AWT-EventQueue-0] INFO  c.n.game.controller.logic.GameEngine - GameEngine: Stopping simulation.
2025-09-15 17:37:03.758 [AWT-EventQueue-0] INFO  c.n.game.view.panels.GamePanel - Cancelling all interactive modes. Current mode: NONE
2025-09-15 17:37:04.439 [AWT-EventQueue-0] INFO  c.n.game.controller.core.NetworkGame - Returning to main menu.
2025-09-15 17:37:04.440 [AWT-EventQueue-0] DEBUG c.n.game.controller.core.NetworkGame - Background music started playing.
2025-09-15 17:37:05.371 [AWT-EventQueue-0] DEBUG c.n.game.controller.core.NetworkGame - Showing level selection panel.
2025-09-15 17:37:06.149 [AWT-EventQueue-0] INFO  c.n.game.controller.core.NetworkGame - Current level set to 2.
2025-09-15 17:37:06.150 [AWT-EventQueue-0] INFO  c.n.game.controller.core.NetworkGame - Attempting to start game for level 2.
2025-09-15 17:37:06.150 [AWT-EventQueue-0] DEBUG c.n.game.controller.core.NetworkGame - Background music stopped.
2025-09-15 17:37:06.155 [AWT-EventQueue-0] INFO  c.n.game.controller.logic.GameEngine - GameEngine: Initializing level 2.
2025-09-15 17:37:06.155 [AWT-EventQueue-0] INFO  c.n.game.controller.logic.GameEngine - GameEngine: Stopping simulation.
2025-09-15 17:37:06.156 [AWT-EventQueue-0] INFO  c.n.game.view.panels.GamePanel - Cancelling all interactive modes. Current mode: NONE
2025-09-15 17:37:06.839 [AWT-EventQueue-0] INFO  c.n.game.controller.core.NetworkGame - Returning to main menu.
2025-09-15 17:37:06.840 [AWT-EventQueue-0] DEBUG c.n.game.controller.core.NetworkGame - Background music started playing.
2025-09-15 17:37:09.364 [AWT-EventQueue-0] INFO  c.n.game.controller.core.NetworkGame - Shutdown sequence initiated...
2025-09-15 17:37:09.392 [AWT-EventQueue-0] INFO  c.n.game.controller.core.NetworkGame - Application shutdown complete. Exiting.
2025-09-15 17:37:15.637 [AWT-EventQueue-0] INFO  c.n.game.controller.core.NetworkGame - ========================================================
2025-09-15 17:37:15.639 [AWT-EventQueue-0] INFO  c.n.game.controller.core.NetworkGame - Application starting up...
2025-09-15 17:37:15.639 [AWT-EventQueue-0] INFO  c.n.game.controller.core.NetworkGame - Current Working Directory: C:\Users\Abolfazl\Ap 1403_4\pgit - Copy
2025-09-15 17:37:15.640 [AWT-EventQueue-0] INFO  c.n.game.controller.core.NetworkGame - ========================================================
2025-09-15 17:37:15.670 [AWT-EventQueue-0] INFO  c.n.game.controller.core.NetworkGame - ========================================================
2025-09-15 17:37:15.671 [AWT-EventQueue-0] INFO  c.n.game.controller.core.NetworkGame - Network Operator Simulator is starting up...
2025-09-15 17:37:16.253 [AWT-EventQueue-0] DEBUG c.n.game.controller.core.NetworkGame - Background music started playing.
2025-09-15 17:37:16.253 [AWT-EventQueue-0] INFO  c.n.game.controller.core.NetworkGame - Sound system initialized successfully.
2025-09-15 17:37:16.373 [AWT-EventQueue-0] DEBUG c.n.game.utils.GameStateManager - No save file found at 'game_autosave.dat'.
2025-09-15 17:37:16.374 [AWT-EventQueue-0] INFO  c.n.game.controller.core.NetworkGame - No existing save file found. Starting fresh.
2025-09-15 17:37:16.374 [AWT-EventQueue-0] INFO  c.n.game.controller.core.NetworkGame - Application initialized successfully. Showing main menu.
2025-09-15 17:37:18.270 [AWT-EventQueue-0] DEBUG c.n.game.controller.core.NetworkGame - Showing level selection panel.
2025-09-15 17:37:18.599 [AWT-EventQueue-0] INFO  c.n.game.controller.core.NetworkGame - Current level set to 2.
2025-09-15 17:37:18.600 [AWT-EventQueue-0] INFO  c.n.game.controller.core.NetworkGame - Attempting to start game for level 2.
2025-09-15 17:37:18.601 [AWT-EventQueue-0] DEBUG c.n.game.controller.core.NetworkGame - Background music stopped.
2025-09-15 17:37:18.606 [AWT-EventQueue-0] INFO  c.n.game.controller.logic.GameEngine - GameEngine: Initializing level 2.
2025-09-15 17:37:18.606 [AWT-EventQueue-0] INFO  c.n.game.controller.logic.GameEngine - GameEngine: Stopping simulation.
2025-09-15 17:37:18.618 [AWT-EventQueue-0] INFO  c.n.game.view.panels.GamePanel - Cancelling all interactive modes. Current mode: NONE
2025-09-15 17:37:20.393 [AWT-EventQueue-0] INFO  c.n.game.controller.core.NetworkGame - Returning to main menu.
2025-09-15 17:37:20.394 [AWT-EventQueue-0] DEBUG c.n.game.controller.core.NetworkGame - Background music started playing.
2025-09-15 17:37:21.281 [AWT-EventQueue-0] DEBUG c.n.game.controller.core.NetworkGame - Showing level selection panel.
2025-09-15 17:37:22.060 [AWT-EventQueue-0] INFO  c.n.game.controller.core.NetworkGame - Current level set to 1.
2025-09-15 17:37:22.060 [AWT-EventQueue-0] INFO  c.n.game.controller.core.NetworkGame - Attempting to start game for level 1.
2025-09-15 17:37:22.061 [AWT-EventQueue-0] DEBUG c.n.game.controller.core.NetworkGame - Background music stopped.
2025-09-15 17:37:22.064 [AWT-EventQueue-0] INFO  c.n.game.controller.logic.GameEngine - GameEngine: Initializing level 1.
2025-09-15 17:37:22.066 [AWT-EventQueue-0] INFO  c.n.game.controller.logic.GameEngine - GameEngine: Stopping simulation.
2025-09-15 17:37:22.067 [AWT-EventQueue-0] INFO  c.n.game.view.panels.GamePanel - Cancelling all interactive modes. Current mode: NONE
2025-09-15 17:37:23.068 [AWT-EventQueue-0] INFO  c.n.game.controller.core.NetworkGame - Returning to main menu.
2025-09-15 17:37:23.070 [AWT-EventQueue-0] DEBUG c.n.game.controller.core.NetworkGame - Background music started playing.
2025-09-15 17:37:24.031 [AWT-EventQueue-0] DEBUG c.n.game.controller.core.NetworkGame - Showing level selection panel.
2025-09-15 17:37:24.840 [AWT-EventQueue-0] INFO  c.n.game.controller.core.NetworkGame - Current level set to 3.
2025-09-15 17:37:24.841 [AWT-EventQueue-0] INFO  c.n.game.controller.core.NetworkGame - Attempting to start game for level 3.
2025-09-15 17:37:24.841 [AWT-EventQueue-0] DEBUG c.n.game.controller.core.NetworkGame - Background music stopped.
2025-09-15 17:37:24.845 [AWT-EventQueue-0] INFO  c.n.game.controller.logic.GameEngine - GameEngine: Initializing level 3.
2025-09-15 17:37:24.845 [AWT-EventQueue-0] INFO  c.n.game.controller.logic.GameEngine - GameEngine: Stopping simulation.
2025-09-15 17:37:24.854 [AWT-EventQueue-0] INFO  c.n.game.view.panels.GamePanel - Cancelling all interactive modes. Current mode: NONE
2025-09-15 17:37:27.443 [AWT-EventQueue-0] INFO  c.n.game.controller.core.NetworkGame - Returning to main menu.
2025-09-15 17:37:27.444 [AWT-EventQueue-0] DEBUG c.n.game.controller.core.NetworkGame - Background music started playing.
2025-09-15 17:37:29.838 [AWT-EventQueue-0] INFO  c.n.game.controller.core.NetworkGame - Shutdown sequence initiated...
2025-09-15 17:37:29.870 [AWT-EventQueue-0] INFO  c.n.game.controller.core.NetworkGame - Application shutdown complete. Exiting.
2025-09-15 17:37:35.465 [AWT-EventQueue-0] INFO  c.n.game.controller.core.NetworkGame - ========================================================
2025-09-15 17:37:35.467 [AWT-EventQueue-0] INFO  c.n.game.controller.core.NetworkGame - Application starting up...
2025-09-15 17:37:35.467 [AWT-EventQueue-0] INFO  c.n.game.controller.core.NetworkGame - Current Working Directory: C:\Users\Abolfazl\Ap 1403_4\pgit - Copy
2025-09-15 17:37:35.468 [AWT-EventQueue-0] INFO  c.n.game.controller.core.NetworkGame - ========================================================
2025-09-15 17:37:35.498 [AWT-EventQueue-0] INFO  c.n.game.controller.core.NetworkGame - ========================================================
2025-09-15 17:37:35.498 [AWT-EventQueue-0] INFO  c.n.game.controller.core.NetworkGame - Network Operator Simulator is starting up...
2025-09-15 17:37:36.105 [AWT-EventQueue-0] DEBUG c.n.game.controller.core.NetworkGame - Background music started playing.
2025-09-15 17:37:36.106 [AWT-EventQueue-0] INFO  c.n.game.controller.core.NetworkGame - Sound system initialized successfully.
2025-09-15 17:37:36.257 [AWT-EventQueue-0] DEBUG c.n.game.utils.GameStateManager - No save file found at 'game_autosave.dat'.
2025-09-15 17:37:36.257 [AWT-EventQueue-0] INFO  c.n.game.controller.core.NetworkGame - No existing save file found. Starting fresh.
2025-09-15 17:37:36.258 [AWT-EventQueue-0] INFO  c.n.game.controller.core.NetworkGame - Application initialized successfully. Showing main menu.
2025-09-15 17:37:37.189 [AWT-EventQueue-0] DEBUG c.n.game.controller.core.NetworkGame - Showing level selection panel.
2025-09-15 17:37:38.126 [AWT-EventQueue-0] INFO  c.n.game.controller.core.NetworkGame - Current level set to 4.
2025-09-15 17:37:38.127 [AWT-EventQueue-0] INFO  c.n.game.controller.core.NetworkGame - Attempting to start game for level 4.
2025-09-15 17:37:38.128 [AWT-EventQueue-0] DEBUG c.n.game.controller.core.NetworkGame - Background music stopped.
2025-09-15 17:37:38.133 [AWT-EventQueue-0] INFO  c.n.game.controller.logic.GameEngine - GameEngine: Initializing level 4.
2025-09-15 17:37:38.134 [AWT-EventQueue-0] INFO  c.n.game.controller.logic.GameEngine - GameEngine: Stopping simulation.
2025-09-15 17:37:38.154 [AWT-EventQueue-0] INFO  c.n.game.view.panels.GamePanel - Cancelling all interactive modes. Current mode: NONE
2025-09-15 17:37:48.851 [AWT-EventQueue-0] INFO  c.n.game.controller.core.NetworkGame - Returning to main menu.
2025-09-15 17:37:48.852 [AWT-EventQueue-0] DEBUG c.n.game.controller.core.NetworkGame - Background music started playing.
2025-09-15 17:37:50.922 [AWT-EventQueue-0] DEBUG c.n.game.controller.core.NetworkGame - Showing level selection panel.
2025-09-15 17:37:51.831 [AWT-EventQueue-0] INFO  c.n.game.controller.core.NetworkGame - Current level set to 3.
2025-09-15 17:37:51.832 [AWT-EventQueue-0] INFO  c.n.game.controller.core.NetworkGame - Attempting to start game for level 3.
2025-09-15 17:37:51.840 [AWT-EventQueue-0] DEBUG c.n.game.controller.core.NetworkGame - Background music stopped.
2025-09-15 17:37:51.845 [AWT-EventQueue-0] INFO  c.n.game.controller.logic.GameEngine - GameEngine: Initializing level 3.
2025-09-15 17:37:51.845 [AWT-EventQueue-0] INFO  c.n.game.controller.logic.GameEngine - GameEngine: Stopping simulation.
2025-09-15 17:37:51.846 [AWT-EventQueue-0] INFO  c.n.game.view.panels.GamePanel - Cancelling all interactive modes. Current mode: NONE
2025-09-15 17:37:52.969 [AWT-EventQueue-0] INFO  c.n.game.controller.core.NetworkGame - Returning to main menu.
2025-09-15 17:37:52.970 [AWT-EventQueue-0] DEBUG c.n.game.controller.core.NetworkGame - Background music started playing.
2025-09-15 17:37:55.499 [AWT-EventQueue-0] INFO  c.n.game.controller.core.NetworkGame - Shutdown sequence initiated...
2025-09-15 17:37:55.536 [AWT-EventQueue-0] INFO  c.n.game.controller.core.NetworkGame - Application shutdown complete. Exiting.
2025-09-15 18:37:57.245 [AWT-EventQueue-0] INFO  c.n.game.controller.core.NetworkGame - ========================================================
2025-09-15 18:37:57.248 [AWT-EventQueue-0] INFO  c.n.game.controller.core.NetworkGame - Application starting up...
2025-09-15 18:37:57.249 [AWT-EventQueue-0] INFO  c.n.game.controller.core.NetworkGame - Current Working Directory: C:\Users\Abolfazl\Ap 1403_4\pgit - Copy
2025-09-15 18:37:57.250 [AWT-EventQueue-0] INFO  c.n.game.controller.core.NetworkGame - ========================================================
2025-09-15 18:37:57.292 [AWT-EventQueue-0] INFO  c.n.game.controller.core.NetworkGame - ========================================================
2025-09-15 18:37:57.293 [AWT-EventQueue-0] INFO  c.n.game.controller.core.NetworkGame - Network Operator Simulator is starting up...
2025-09-15 18:37:58.200 [AWT-EventQueue-0] DEBUG c.n.game.controller.core.NetworkGame - Background music started playing.
2025-09-15 18:37:58.200 [AWT-EventQueue-0] INFO  c.n.game.controller.core.NetworkGame - Sound system initialized successfully.
2025-09-15 18:37:58.396 [AWT-EventQueue-0] DEBUG c.n.game.utils.GameStateManager - No save file found at 'game_autosave.dat'.
2025-09-15 18:37:58.396 [AWT-EventQueue-0] INFO  c.n.game.controller.core.NetworkGame - No existing save file found. Starting fresh.
2025-09-15 18:37:58.397 [AWT-EventQueue-0] INFO  c.n.game.controller.core.NetworkGame - Application initialized successfully. Showing main menu.
2025-09-15 18:37:59.900 [AWT-EventQueue-0] DEBUG c.n.game.controller.core.NetworkGame - Showing level selection panel.
2025-09-15 18:38:00.733 [AWT-EventQueue-0] INFO  c.n.game.controller.core.NetworkGame - Current level set to 1.
2025-09-15 18:38:00.735 [AWT-EventQueue-0] INFO  c.n.game.controller.core.NetworkGame - Attempting to start game for level 1.
2025-09-15 18:38:00.736 [AWT-EventQueue-0] DEBUG c.n.game.controller.core.NetworkGame - Background music stopped.
2025-09-15 18:38:00.739 [AWT-EventQueue-0] INFO  c.n.game.controller.logic.GameEngine - GameEngine: Initializing level 1.
2025-09-15 18:38:00.740 [AWT-EventQueue-0] INFO  c.n.game.controller.logic.GameEngine - GameEngine: Stopping simulation.
2025-09-15 18:38:00.763 [AWT-EventQueue-0] INFO  c.n.game.view.panels.GamePanel - Cancelling all interactive modes. Current mode: NONE
2025-09-15 18:38:02.252 [AWT-EventQueue-0] INFO  c.n.game.controller.core.NetworkGame - Returning to main menu.
2025-09-15 18:38:02.256 [AWT-EventQueue-0] DEBUG c.n.game.controller.core.NetworkGame - Background music started playing.
2025-09-15 18:38:03.420 [AWT-EventQueue-0] DEBUG c.n.game.controller.core.NetworkGame - Showing level selection panel.
2025-09-15 18:38:04.160 [AWT-EventQueue-0] INFO  c.n.game.controller.core.NetworkGame - Current level set to 2.
2025-09-15 18:38:04.161 [AWT-EventQueue-0] INFO  c.n.game.controller.core.NetworkGame - Attempting to start game for level 2.
2025-09-15 18:38:04.168 [AWT-EventQueue-0] DEBUG c.n.game.controller.core.NetworkGame - Background music stopped.
2025-09-15 18:38:04.172 [AWT-EventQueue-0] INFO  c.n.game.controller.logic.GameEngine - GameEngine: Initializing level 2.
2025-09-15 18:38:04.172 [AWT-EventQueue-0] INFO  c.n.game.controller.logic.GameEngine - GameEngine: Stopping simulation.
2025-09-15 18:38:04.175 [AWT-EventQueue-0] INFO  c.n.game.view.panels.GamePanel - Cancelling all interactive modes. Current mode: NONE
2025-09-15 18:38:09.207 [AWT-EventQueue-0] INFO  c.n.game.controller.core.NetworkGame - Returning to main menu.
2025-09-15 18:38:09.208 [AWT-EventQueue-0] DEBUG c.n.game.controller.core.NetworkGame - Background music started playing.
2025-09-15 18:38:10.226 [AWT-EventQueue-0] DEBUG c.n.game.controller.core.NetworkGame - Showing level selection panel.
2025-09-15 18:38:11.467 [AWT-EventQueue-0] INFO  c.n.game.controller.core.NetworkGame - Current level set to 3.
2025-09-15 18:38:11.469 [AWT-EventQueue-0] INFO  c.n.game.controller.core.NetworkGame - Attempting to start game for level 3.
2025-09-15 18:38:11.469 [AWT-EventQueue-0] DEBUG c.n.game.controller.core.NetworkGame - Background music stopped.
2025-09-15 18:38:11.473 [AWT-EventQueue-0] INFO  c.n.game.controller.logic.GameEngine - GameEngine: Initializing level 3.
2025-09-15 18:38:11.474 [AWT-EventQueue-0] INFO  c.n.game.controller.logic.GameEngine - GameEngine: Stopping simulation.
2025-09-15 18:38:11.485 [AWT-EventQueue-0] INFO  c.n.game.view.panels.GamePanel - Cancelling all interactive modes. Current mode: NONE
2025-09-15 18:38:28.659 [AWT-EventQueue-0] INFO  c.n.game.controller.core.NetworkGame - ========================================================
2025-09-15 18:38:28.661 [AWT-EventQueue-0] INFO  c.n.game.controller.core.NetworkGame - Application starting up...
2025-09-15 18:38:28.661 [AWT-EventQueue-0] INFO  c.n.game.controller.core.NetworkGame - Current Working Directory: C:\Users\Abolfazl\Ap 1403_4\pgit - Copy
2025-09-15 18:38:28.664 [AWT-EventQueue-0] INFO  c.n.game.controller.core.NetworkGame - ========================================================
2025-09-15 18:38:28.709 [AWT-EventQueue-0] INFO  c.n.game.controller.core.NetworkGame - ========================================================
2025-09-15 18:38:28.709 [AWT-EventQueue-0] INFO  c.n.game.controller.core.NetworkGame - Network Operator Simulator is starting up...
2025-09-15 18:38:29.679 [AWT-EventQueue-0] DEBUG c.n.game.controller.core.NetworkGame - Background music started playing.
2025-09-15 18:38:29.680 [AWT-EventQueue-0] INFO  c.n.game.controller.core.NetworkGame - Sound system initialized successfully.
2025-09-15 18:38:29.889 [AWT-EventQueue-0] DEBUG c.n.game.utils.GameStateManager - No save file found at 'game_autosave.dat'.
2025-09-15 18:38:29.889 [AWT-EventQueue-0] INFO  c.n.game.controller.core.NetworkGame - No existing save file found. Starting fresh.
2025-09-15 18:38:29.890 [AWT-EventQueue-0] INFO  c.n.game.controller.core.NetworkGame - Application initialized successfully. Showing main menu.
2025-09-15 18:38:31.439 [AWT-EventQueue-0] DEBUG c.n.game.controller.core.NetworkGame - Showing level selection panel.
2025-09-15 18:38:32.430 [AWT-EventQueue-0] INFO  c.n.game.controller.core.NetworkGame - Current level set to 5.
2025-09-15 18:38:32.431 [AWT-EventQueue-0] INFO  c.n.game.controller.core.NetworkGame - Attempting to start game for level 5.
2025-09-15 18:38:32.432 [AWT-EventQueue-0] DEBUG c.n.game.controller.core.NetworkGame - Background music stopped.
2025-09-15 18:38:32.437 [AWT-EventQueue-0] INFO  c.n.game.controller.logic.GameEngine - GameEngine: Initializing level 5.
2025-09-15 18:38:32.438 [AWT-EventQueue-0] INFO  c.n.game.controller.logic.GameEngine - GameEngine: Stopping simulation.
2025-09-15 18:38:32.468 [AWT-EventQueue-0] INFO  c.n.game.view.panels.GamePanel - Cancelling all interactive modes. Current mode: NONE
2025-09-15 18:38:42.494 [AWT-EventQueue-0] INFO  c.n.game.controller.core.NetworkGame - Returning to main menu.
2025-09-15 18:38:42.495 [AWT-EventQueue-0] DEBUG c.n.game.controller.core.NetworkGame - Background music started playing.
2025-09-15 18:48:52.689 [AWT-EventQueue-0] INFO  c.n.game.controller.core.NetworkGame - ========================================================
2025-09-15 18:48:52.691 [AWT-EventQueue-0] INFO  c.n.game.controller.core.NetworkGame - Application starting up...
2025-09-15 18:48:52.692 [AWT-EventQueue-0] INFO  c.n.game.controller.core.NetworkGame - Current Working Directory: C:\Users\Abolfazl\Ap 1403_4\pgit - Copy
2025-09-15 18:48:52.694 [AWT-EventQueue-0] INFO  c.n.game.controller.core.NetworkGame - ========================================================
2025-09-15 18:48:52.759 [AWT-EventQueue-0] INFO  c.n.game.controller.core.NetworkGame - ========================================================
2025-09-15 18:48:52.760 [AWT-EventQueue-0] INFO  c.n.game.controller.core.NetworkGame - Network Operator Simulator is starting up...
2025-09-15 18:48:53.909 [AWT-EventQueue-0] DEBUG c.n.game.controller.core.NetworkGame - Background music started playing.
2025-09-15 18:48:53.910 [AWT-EventQueue-0] INFO  c.n.game.controller.core.NetworkGame - Sound system initialized successfully.
2025-09-15 18:48:54.200 [AWT-EventQueue-0] DEBUG c.n.game.utils.GameStateManager - No save file found at 'game_autosave.dat'.
2025-09-15 18:48:54.201 [AWT-EventQueue-0] INFO  c.n.game.controller.core.NetworkGame - No existing save file found. Starting fresh.
2025-09-15 18:48:54.202 [AWT-EventQueue-0] INFO  c.n.game.controller.core.NetworkGame - Application initialized successfully. Showing main menu.
2025-09-15 18:48:55.419 [AWT-EventQueue-0] DEBUG c.n.game.controller.core.NetworkGame - Showing level selection panel.
2025-09-15 18:48:56.312 [AWT-EventQueue-0] INFO  c.n.game.controller.core.NetworkGame - Current level set to 1.
2025-09-15 18:48:56.313 [AWT-EventQueue-0] INFO  c.n.game.controller.core.NetworkGame - Attempting to start game for level 1.
2025-09-15 18:48:56.314 [AWT-EventQueue-0] DEBUG c.n.game.controller.core.NetworkGame - Background music stopped.
2025-09-15 18:48:56.318 [AWT-EventQueue-0] INFO  c.n.game.controller.logic.GameEngine - GameEngine: Initializing level 1.
2025-09-15 18:48:56.318 [AWT-EventQueue-0] INFO  c.n.game.controller.logic.GameEngine - GameEngine: Stopping simulation and cleaning up level state.
2025-09-15 18:48:56.318 [AWT-EventQueue-0] INFO  c.n.game.controller.logic.GameEngine - GameEngine: Stopping simulation timers and flags.
2025-09-15 18:48:56.335 [AWT-EventQueue-0] INFO  c.n.game.view.panels.GamePanel - Cancelling all interactive modes. Current mode: NONE
2025-09-15 18:48:57.275 [AWT-EventQueue-0] INFO  c.n.game.controller.core.NetworkGame - Returning to main menu.
2025-09-15 18:48:57.276 [AWT-EventQueue-0] DEBUG c.n.game.controller.core.NetworkGame - Background music started playing.
2025-09-15 18:48:58.222 [AWT-EventQueue-0] DEBUG c.n.game.controller.core.NetworkGame - Showing level selection panel.
2025-09-15 18:48:58.882 [AWT-EventQueue-0] INFO  c.n.game.controller.core.NetworkGame - Current level set to 2.
2025-09-15 18:48:58.883 [AWT-EventQueue-0] INFO  c.n.game.controller.core.NetworkGame - Attempting to start game for level 2.
2025-09-15 18:48:58.883 [AWT-EventQueue-0] DEBUG c.n.game.controller.core.NetworkGame - Background music stopped.
2025-09-15 18:48:58.887 [AWT-EventQueue-0] INFO  c.n.game.controller.logic.GameEngine - GameEngine: Initializing level 2.
2025-09-15 18:48:58.888 [AWT-EventQueue-0] INFO  c.n.game.controller.logic.GameEngine - GameEngine: Stopping simulation and cleaning up level state.
2025-09-15 18:48:58.888 [AWT-EventQueue-0] INFO  c.n.game.controller.logic.GameEngine - GameEngine: Stopping simulation timers and flags.
2025-09-15 18:48:58.890 [AWT-EventQueue-0] INFO  c.n.game.view.panels.GamePanel - Cancelling all interactive modes. Current mode: NONE
2025-09-15 18:48:59.581 [AWT-EventQueue-0] INFO  c.n.game.controller.core.NetworkGame - Returning to main menu.
2025-09-15 18:48:59.582 [AWT-EventQueue-0] DEBUG c.n.game.controller.core.NetworkGame - Background music started playing.
2025-09-15 18:49:00.525 [AWT-EventQueue-0] DEBUG c.n.game.controller.core.NetworkGame - Showing level selection panel.
2025-09-15 18:49:01.211 [AWT-EventQueue-0] INFO  c.n.game.controller.core.NetworkGame - Current level set to 3.
2025-09-15 18:49:01.211 [AWT-EventQueue-0] INFO  c.n.game.controller.core.NetworkGame - Attempting to start game for level 3.
2025-09-15 18:49:01.212 [AWT-EventQueue-0] DEBUG c.n.game.controller.core.NetworkGame - Background music stopped.
2025-09-15 18:49:01.216 [AWT-EventQueue-0] INFO  c.n.game.controller.logic.GameEngine - GameEngine: Initializing level 3.
2025-09-15 18:49:01.216 [AWT-EventQueue-0] INFO  c.n.game.controller.logic.GameEngine - GameEngine: Stopping simulation and cleaning up level state.
2025-09-15 18:49:01.216 [AWT-EventQueue-0] INFO  c.n.game.controller.logic.GameEngine - GameEngine: Stopping simulation timers and flags.
2025-09-15 18:49:01.223 [AWT-EventQueue-0] INFO  c.n.game.view.panels.GamePanel - Cancelling all interactive modes. Current mode: NONE
2025-09-15 18:49:02.020 [AWT-EventQueue-0] INFO  c.n.game.controller.core.NetworkGame - Returning to main menu.
2025-09-15 18:49:02.020 [AWT-EventQueue-0] DEBUG c.n.game.controller.core.NetworkGame - Background music started playing.
2025-09-15 18:49:03.312 [AWT-EventQueue-0] DEBUG c.n.game.controller.core.NetworkGame - Showing level selection panel.
2025-09-15 18:49:04.151 [AWT-EventQueue-0] INFO  c.n.game.controller.core.NetworkGame - Current level set to 4.
2025-09-15 18:49:04.152 [AWT-EventQueue-0] INFO  c.n.game.controller.core.NetworkGame - Attempting to start game for level 4.
2025-09-15 18:49:04.154 [AWT-EventQueue-0] DEBUG c.n.game.controller.core.NetworkGame - Background music stopped.
2025-09-15 18:49:04.158 [AWT-EventQueue-0] INFO  c.n.game.controller.logic.GameEngine - GameEngine: Initializing level 4.
2025-09-15 18:49:04.159 [AWT-EventQueue-0] INFO  c.n.game.controller.logic.GameEngine - GameEngine: Stopping simulation and cleaning up level state.
2025-09-15 18:49:04.159 [AWT-EventQueue-0] INFO  c.n.game.controller.logic.GameEngine - GameEngine: Stopping simulation timers and flags.
2025-09-15 18:49:04.162 [AWT-EventQueue-0] INFO  c.n.game.view.panels.GamePanel - Cancelling all interactive modes. Current mode: NONE
2025-09-15 18:49:04.950 [AWT-EventQueue-0] INFO  c.n.game.controller.core.NetworkGame - Returning to main menu.
2025-09-15 18:49:04.952 [AWT-EventQueue-0] DEBUG c.n.game.controller.core.NetworkGame - Background music started playing.
2025-09-15 18:49:06.304 [AWT-EventQueue-0] DEBUG c.n.game.controller.core.NetworkGame - Showing level selection panel.
2025-09-15 18:49:07.181 [AWT-EventQueue-0] INFO  c.n.game.controller.core.NetworkGame - Current level set to 5.
2025-09-15 18:49:07.181 [AWT-EventQueue-0] INFO  c.n.game.controller.core.NetworkGame - Attempting to start game for level 5.
2025-09-15 18:49:07.181 [AWT-EventQueue-0] DEBUG c.n.game.controller.core.NetworkGame - Background music stopped.
2025-09-15 18:49:07.185 [AWT-EventQueue-0] INFO  c.n.game.controller.logic.GameEngine - GameEngine: Initializing level 5.
2025-09-15 18:49:07.185 [AWT-EventQueue-0] INFO  c.n.game.controller.logic.GameEngine - GameEngine: Stopping simulation and cleaning up level state.
2025-09-15 18:49:07.185 [AWT-EventQueue-0] INFO  c.n.game.controller.logic.GameEngine - GameEngine: Stopping simulation timers and flags.
2025-09-15 18:49:07.186 [AWT-EventQueue-0] INFO  c.n.game.view.panels.GamePanel - Cancelling all interactive modes. Current mode: NONE
2025-09-15 18:49:08.100 [AWT-EventQueue-0] INFO  c.n.game.controller.core.NetworkGame - Returning to main menu.
2025-09-15 18:49:08.101 [AWT-EventQueue-0] DEBUG c.n.game.controller.core.NetworkGame - Background music started playing.
2025-09-15 18:49:09.123 [AWT-EventQueue-0] DEBUG c.n.game.controller.core.NetworkGame - Showing level selection panel.
2025-09-15 18:49:10.020 [AWT-EventQueue-0] INFO  c.n.game.controller.core.NetworkGame - Current level set to 3.
2025-09-15 18:49:10.020 [AWT-EventQueue-0] INFO  c.n.game.controller.core.NetworkGame - Attempting to start game for level 3.
2025-09-15 18:49:10.021 [AWT-EventQueue-0] DEBUG c.n.game.controller.core.NetworkGame - Background music stopped.
2025-09-15 18:49:10.024 [AWT-EventQueue-0] INFO  c.n.game.controller.logic.GameEngine - GameEngine: Initializing level 3.
2025-09-15 18:49:10.024 [AWT-EventQueue-0] INFO  c.n.game.controller.logic.GameEngine - GameEngine: Stopping simulation and cleaning up level state.
2025-09-15 18:49:10.025 [AWT-EventQueue-0] INFO  c.n.game.controller.logic.GameEngine - GameEngine: Stopping simulation timers and flags.
2025-09-15 18:49:10.025 [AWT-EventQueue-0] INFO  c.n.game.view.panels.GamePanel - Cancelling all interactive modes. Current mode: NONE
2025-09-15 18:49:13.487 [AWT-EventQueue-0] DEBUG c.n.game.view.panels.GamePanel - Starting wire drawing from port 4.
2025-09-15 18:49:14.775 [AWT-EventQueue-0] DEBUG c.n.game.view.panels.GamePanel - Wire drawing cancelled.
2025-09-15 18:49:16.020 [AWT-EventQueue-0] DEBUG c.n.game.view.panels.GamePanel - Starting wire drawing from port 22.
2025-09-15 18:49:17.010 [AWT-EventQueue-0] DEBUG c.n.game.view.panels.GamePanel - Wire drawing cancelled.
2025-09-15 18:49:18.862 [AWT-EventQueue-0] DEBUG c.n.game.view.panels.GamePanel - Starting wire drawing from port 13.
2025-09-15 18:49:19.923 [AWT-EventQueue-0] DEBUG c.n.game.view.panels.GamePanel - Wire drawing cancelled.
2025-09-15 18:49:21.457 [AWT-EventQueue-0] DEBUG c.n.game.view.panels.GamePanel - Starting wire drawing from port 46.
2025-09-15 18:49:22.381 [AWT-EventQueue-0] DEBUG c.n.game.view.panels.GamePanel - Wire drawing cancelled.
2025-09-15 18:49:23.907 [AWT-EventQueue-0] DEBUG c.n.game.view.panels.GamePanel - Starting wire drawing from port 2.
2025-09-15 18:49:24.511 [AWT-EventQueue-0] DEBUG c.n.game.view.panels.GamePanel - Wire drawing cancelled.
2025-09-15 18:49:25.727 [AWT-EventQueue-0] DEBUG c.n.game.view.panels.GamePanel - Starting wire drawing from port 19.
2025-09-15 18:49:26.771 [AWT-EventQueue-0] DEBUG c.n.game.view.panels.GamePanel - Wire drawing cancelled.
2025-09-15 18:49:29.077 [AWT-EventQueue-0] DEBUG c.n.game.view.panels.GamePanel - Starting wire drawing from port 20.
2025-09-15 18:49:29.863 [AWT-EventQueue-0] DEBUG c.n.game.view.panels.GamePanel - Wire drawing cancelled.
2025-09-15 18:49:32.357 [AWT-EventQueue-0] DEBUG c.n.game.view.panels.GamePanel - Starting wire drawing from port 32.
2025-09-15 18:49:33.132 [AWT-EventQueue-0] DEBUG c.n.game.view.panels.GamePanel - Wire drawing cancelled.
2025-09-15 18:49:34.407 [AWT-EventQueue-0] DEBUG c.n.game.view.panels.GamePanel - Starting wire drawing from port 33.
2025-09-15 18:49:35.045 [AWT-EventQueue-0] DEBUG c.n.game.view.panels.GamePanel - Wire drawing cancelled.
2025-09-15 18:49:36.614 [AWT-EventQueue-0] DEBUG c.n.game.view.panels.GamePanel - Starting wire drawing from port 28.
2025-09-15 18:49:37.210 [AWT-EventQueue-0] DEBUG c.n.game.view.panels.GamePanel - Wire drawing cancelled.
2025-09-15 18:49:39.197 [AWT-EventQueue-0] DEBUG c.n.game.view.panels.GamePanel - Starting wire drawing from port 28.
2025-09-15 18:49:40.603 [AWT-EventQueue-0] DEBUG c.n.game.view.panels.GamePanel - Wire drawing cancelled.
2025-09-15 18:49:42.427 [AWT-EventQueue-0] DEBUG c.n.game.view.panels.GamePanel - Starting wire drawing from port 29.
2025-09-15 18:49:43.531 [AWT-EventQueue-0] DEBUG c.n.game.view.panels.GamePanel - Wire drawing cancelled.
2025-09-15 18:49:44.595 [Thread-13] WARN  c.n.game.controller.core.NetworkGame - Sound effect not found: /assets/sounds/ui_confirm.wav
2025-09-15 18:49:49.737 [AWT-EventQueue-0] DEBUG c.n.game.view.panels.GamePanel - Starting wire drawing from port 0.
2025-09-15 18:49:51.331 [AWT-EventQueue-0] DEBUG c.n.game.view.panels.GamePanel - Wire drawing cancelled.
2025-09-15 18:49:52.917 [AWT-EventQueue-0] DEBUG c.n.game.view.panels.GamePanel - Starting wire drawing from port 16.
2025-09-15 18:49:54.153 [AWT-EventQueue-0] DEBUG c.n.game.view.panels.GamePanel - Wire drawing cancelled.
2025-09-15 18:50:04.296 [AWT-EventQueue-0] DEBUG c.n.game.view.panels.GamePanel - Starting wire drawing from port 17.
2025-09-15 18:50:05.581 [AWT-EventQueue-0] DEBUG c.n.game.view.panels.GamePanel - Wire drawing cancelled.
2025-09-15 18:50:09.487 [AWT-EventQueue-0] DEBUG c.n.game.view.panels.GamePanel - Starting wire drawing from port 24.
2025-09-15 18:50:10.371 [AWT-EventQueue-0] DEBUG c.n.game.view.panels.GamePanel - Wire drawing cancelled.
2025-09-15 18:50:11.771 [AWT-EventQueue-0] DEBUG c.n.game.view.panels.GamePanel - Starting wire drawing from port 25.
2025-09-15 18:50:13.314 [AWT-EventQueue-0] DEBUG c.n.game.view.panels.GamePanel - Wire drawing cancelled.
2025-09-15 18:50:16.747 [AWT-EventQueue-0] DEBUG c.n.game.view.panels.GamePanel - Starting wire drawing from port 1.
2025-09-15 18:50:18.391 [AWT-EventQueue-0] DEBUG c.n.game.view.panels.GamePanel - Wire drawing cancelled.
2025-09-15 18:50:20.666 [AWT-EventQueue-0] DEBUG c.n.game.view.panels.GamePanel - Starting wire drawing from port 3.
2025-09-15 18:50:22.032 [AWT-EventQueue-0] DEBUG c.n.game.view.panels.GamePanel - Wire drawing cancelled.
2025-09-15 18:50:26.674 [AWT-EventQueue-0] DEBUG c.n.game.view.panels.GamePanel - Starting wire drawing from port 12.
2025-09-15 18:50:32.382 [AWT-EventQueue-0] DEBUG c.n.game.view.panels.GamePanel - Wire drawing cancelled.
2025-09-15 18:50:35.605 [AWT-EventQueue-0] DEBUG c.n.game.view.panels.GamePanel - Starting wire drawing from port 40.
2025-09-15 18:50:38.148 [AWT-EventQueue-0] DEBUG c.n.game.view.panels.GamePanel - Wire drawing cancelled.
2025-09-15 18:50:40.377 [AWT-EventQueue-0] DEBUG c.n.game.view.panels.GamePanel - Starting wire drawing from port 41.
2025-09-15 18:50:41.855 [AWT-EventQueue-0] DEBUG c.n.game.view.panels.GamePanel - Wire drawing cancelled.
2025-09-15 18:50:43.228 [AWT-EventQueue-0] DEBUG c.n.game.view.panels.GamePanel - Starting wire drawing from port 42.
2025-09-15 18:50:44.739 [AWT-EventQueue-0] DEBUG c.n.game.view.panels.GamePanel - Wire drawing cancelled.
2025-09-15 18:50:46.220 [AWT-EventQueue-0] DEBUG c.n.game.view.panels.GamePanel - Starting wire drawing from port 51.
2025-09-15 18:50:46.852 [AWT-EventQueue-0] DEBUG c.n.game.view.panels.GamePanel - Wire drawing cancelled.
2025-09-15 18:50:52.706 [AWT-EventQueue-0] DEBUG c.n.game.view.panels.GamePanel - Starting wire drawing from port 45.
2025-09-15 18:50:53.665 [AWT-EventQueue-0] DEBUG c.n.game.view.panels.GamePanel - Wire drawing cancelled.
2025-09-15 18:50:55.368 [AWT-EventQueue-0] DEBUG c.n.game.view.panels.GamePanel - Starting wire drawing from port 37.
2025-09-15 18:50:57.841 [AWT-EventQueue-0] DEBUG c.n.game.view.panels.GamePanel - Wire drawing cancelled.
2025-09-15 18:50:59.607 [AWT-EventQueue-0] DEBUG c.n.game.view.panels.GamePanel - Starting wire drawing from port 36.
2025-09-15 18:51:01.553 [AWT-EventQueue-0] DEBUG c.n.game.view.panels.GamePanel - Wire drawing cancelled.
2025-09-15 18:51:15.546 [Thread-29] WARN  c.n.game.controller.core.NetworkGame - Sound effect not found: /assets/sounds/wire_disconnect.wav
2025-09-15 18:51:17.407 [AWT-EventQueue-0] DEBUG c.n.game.view.panels.GamePanel - Starting wire drawing from port 37.
2025-09-15 18:51:18.583 [AWT-EventQueue-0] DEBUG c.n.game.view.panels.GamePanel - Wire drawing cancelled.
2025-09-15 18:51:20.156 [AWT-EventQueue-0] DEBUG c.n.game.view.panels.GamePanel - Starting wire drawing from port 13.
2025-09-15 18:51:21.343 [AWT-EventQueue-0] DEBUG c.n.game.controller.core.NetworkGame - Displaying temporary message: 'Network is fully connected and ready!'
2025-09-15 18:51:21.400 [AWT-EventQueue-0] DEBUG c.n.game.view.panels.GamePanel - Wire drawing cancelled.
2025-09-15 18:51:23.896 [Thread-32] WARN  c.n.game.controller.core.NetworkGame - Sound effect not found: /assets/sounds/wire_disconnect.wav
2025-09-15 18:51:25.195 [Thread-33] WARN  c.n.game.controller.core.NetworkGame - Sound effect not found: /assets/sounds/wire_disconnect.wav
2025-09-15 18:51:27.418 [AWT-EventQueue-0] DEBUG c.n.game.view.panels.GamePanel - Starting wire drawing from port 13.
2025-09-15 18:51:28.802 [AWT-EventQueue-0] DEBUG c.n.game.view.panels.GamePanel - Wire drawing cancelled.
2025-09-15 18:51:30.267 [AWT-EventQueue-0] DEBUG c.n.game.view.panels.GamePanel - Starting wire drawing from port 12.
2025-09-15 18:51:31.103 [AWT-EventQueue-0] DEBUG c.n.game.controller.core.NetworkGame - Displaying temporary message: 'Network is fully connected and ready!'
2025-09-15 18:51:31.125 [AWT-EventQueue-0] DEBUG c.n.game.view.panels.GamePanel - Wire drawing cancelled.
2025-09-15 18:51:31.503 [AWT-EventQueue-0] INFO  c.n.game.controller.logic.GameEngine - GameEngine: Starting simulation for level 3.
2025-09-15 18:51:31.524 [AWT-EventQueue-0] DEBUG c.n.game.controller.logic.GameEngine - Generated: Packet{ID:0, SHP:CIRCLE, TYP: MESSENGER, SZ:1, N:0.0/1, V:1, Ideal:(130.0,440.0) Vel:(2.0,0.0 (Mag:2.00)) St:ON_WIRE(W:16 P:0.0%)}
2025-09-15 18:51:31.526 [AWT-EventQueue-0] DEBUG c.n.game.controller.logic.GameEngine - Generated: Packet{ID:1, SHP:CIRCLE, TYP: MESSENGER, SZ:1, N:0.0/1, V:1, Ideal:(130.0,720.0) Vel:(1.9,-0.6 (Mag:2.00)) St:ON_WIRE(W:4 P:0.0%)}
2025-09-15 18:51:31.527 [AWT-EventQueue-0] DEBUG c.n.game.controller.logic.GameEngine - Generated: Packet{ID:2, SHP:CIRCLE, TYP: MESSENGER, SZ:1, N:0.0/1, V:1, Ideal:(130.0,130.0) Vel:(2.0,-0.1 (Mag:2.00)) St:ON_WIRE(W:0 P:0.0%)}
2025-09-15 18:51:33.658 [AWT-EventQueue-0] DEBUG c.n.game.controller.logic.GameEngine - Generated: Packet{ID:3, SHP:CIRCLE, TYP: MESSENGER, SZ:1, N:0.0/1, V:1, Ideal:(130.0,440.0) Vel:(2.0,0.0 (Mag:2.00)) St:ON_WIRE(W:16 P:0.0%)}
2025-09-15 18:51:33.944 [AWT-EventQueue-0] WARN  c.n.game.controller.logic.GameEngine - Lost: Packet{ID:1, SHP:CIRCLE, TYP: TROJAN, SZ:1, N:1.0/1, V:1, Ideal:(601.7,621.0) Vel:(1.7,1.0 (Mag:2.00)) St:ON_WIRE(W:8 P:1.4%)}
2025-09-15 18:51:34.196 [AWT-EventQueue-0] DEBUG c.n.game.controller.logic.GameEngine - Generated: Packet{ID:4, SHP:CIRCLE, TYP: MESSENGER, SZ:1, N:0.0/1, V:1, Ideal:(130.0,740.0) Vel:(1.6,-1.2 (Mag:2.00)) St:ON_WIRE(W:17 P:0.0%)}
2025-09-15 18:51:34.696 [AWT-EventQueue-0] WARN  c.n.game.controller.logic.GameEngine - Lost: Packet{ID:0, SHP:CIRCLE, TYP: MESSENGER, SZ:1, N:1.0/1, V:1, Ideal:(342.0,170.1) Vel:(2.0,0.1 (Mag:1.96)) St:ON_WIRE(W:28 P:0.5%)}
2025-09-15 18:51:34.844 [AWT-EventQueue-0] DEBUG c.n.game.controller.logic.GameEngine - Generated: Packet{ID:5, SHP:CIRCLE, TYP: MESSENGER, SZ:1, N:0.0/1, V:1, Ideal:(130.0,130.0) Vel:(2.0,-0.1 (Mag:2.00)) St:ON_WIRE(W:0 P:0.0%)}
2025-09-15 18:51:35.745 [AWT-EventQueue-0] DEBUG c.n.game.controller.logic.GameEngine - Generated: Packet{ID:6, SHP:CIRCLE, TYP: MESSENGER, SZ:1, N:0.0/1, V:1, Ideal:(130.0,420.0) Vel:(2.0,0.0 (Mag:2.00)) St:ON_WIRE(W:11 P:0.0%)}
2025-09-15 18:51:36.211 [AWT-EventQueue-0] WARN  c.n.game.controller.logic.GameEngine - Lost: Packet{ID:3, SHP:CIRCLE, TYP: MESSENGER, SZ:1, N:1.0/1, V:1, Ideal:(342.0,170.1) Vel:(2.0,0.1 (Mag:1.96)) St:ON_WIRE(W:28 P:0.5%)}
2025-09-15 18:51:36.813 [AWT-EventQueue-0] DEBUG c.n.game.controller.logic.GameEngine - Generated: Packet{ID:7, SHP:CIRCLE, TYP: MESSENGER, SZ:1, N:0.0/1, V:1, Ideal:(130.0,720.0) Vel:(1.9,-0.6 (Mag:2.00)) St:ON_WIRE(W:4 P:0.0%)}
2025-09-15 18:51:37.732 [AWT-EventQueue-0] WARN  c.n.game.controller.logic.GameEngine - Lost: Packet{ID:2, SHP:CIRCLE, TYP: MESSENGER, SZ:1, N:1.0/1, V:1, Ideal:(342.0,170.1) Vel:(2.0,0.1 (Mag:1.96)) St:ON_WIRE(W:28 P:0.5%)}
2025-09-15 18:51:37.831 [AWT-EventQueue-0] DEBUG c.n.game.controller.logic.GameEngine - Generated: Packet{ID:8, SHP:CIRCLE, TYP: MESSENGER, SZ:1, N:0.0/1, V:1, Ideal:(130.0,440.0) Vel:(2.0,0.0 (Mag:2.00)) St:ON_WIRE(W:16 P:0.0%)}
2025-09-15 18:51:38.115 [AWT-EventQueue-0] DEBUG c.n.game.controller.logic.GameEngine - Generated: Packet{ID:9, SHP:CIRCLE, TYP: MESSENGER, SZ:1, N:0.0/1, V:1, Ideal:(130.0,130.0) Vel:(2.0,-0.1 (Mag:2.00)) St:ON_WIRE(W:0 P:0.0%)}
2025-09-15 18:51:38.379 [AWT-EventQueue-0] WARN  c.n.game.controller.logic.GameEngine - Lost: Packet{ID:6, SHP:CIRCLE, TYP: MESSENGER, SZ:1, N:1.0/1, V:1, Ideal:(601.1,261.6) Vel:(1.1,1.6 (Mag:1.96)) St:ON_WIRE(W:15 P:0.9%)}
2025-09-15 18:51:39.428 [AWT-EventQueue-0] DEBUG c.n.game.controller.logic.GameEngine - Generated: Packet{ID:10, SHP:CIRCLE, TYP: MESSENGER, SZ:1, N:0.0/1, V:1, Ideal:(130.0,740.0) Vel:(1.6,-1.2 (Mag:2.00)) St:ON_WIRE(W:17 P:0.0%)}
2025-09-15 18:51:39.579 [AWT-EventQueue-0] WARN  c.n.game.controller.logic.GameEngine - Lost: Packet{ID:7, SHP:CIRCLE, TYP: MESSENGER, SZ:1, N:1.0/1, V:1, Ideal:(601.7,621.0) Vel:(1.7,1.0 (Mag:1.96)) St:ON_WIRE(W:8 P:1.4%)}
2025-09-15 18:51:39.913 [AWT-EventQueue-0] DEBUG c.n.game.controller.logic.GameEngine - Generated: Packet{ID:11, SHP:CIRCLE, TYP: MESSENGER, SZ:1, N:0.0/1, V:1, Ideal:(130.0,440.0) Vel:(2.0,0.0 (Mag:2.00)) St:ON_WIRE(W:16 P:0.0%)}
2025-09-15 18:51:40.599 [AWT-EventQueue-0] INFO  c.n.game.controller.logic.GameEngine - Delivered: Packet{ID:4, SHP:CIRCLE, TYP: MESSENGER, SZ:1, N:0.0/1, V:1, Ideal:(1110.0,730.0) Vel:(2.0,0.4 (Mag:0.00)) St:QUEUED(Sys:4)}
2025-09-15 18:51:40.601 [Thread-42] WARN  c.n.game.controller.core.NetworkGame - Sound effect not found: /assets/sounds/delivery_success.wav
2025-09-15 18:51:41.102 [AWT-EventQueue-0] WARN  c.n.game.controller.logic.GameEngine - Lost: Packet{ID:8, SHP:CIRCLE, TYP: MESSENGER, SZ:1, N:1.0/1, V:1, Ideal:(601.1,261.6) Vel:(1.1,1.6 (Mag:1.96)) St:ON_WIRE(W:15 P:0.9%)}
2025-09-15 18:51:41.387 [AWT-EventQueue-0] DEBUG c.n.game.controller.logic.GameEngine - Generated: Packet{ID:12, SHP:CIRCLE, TYP: MESSENGER, SZ:1, N:0.0/1, V:1, Ideal:(130.0,130.0) Vel:(2.0,-0.1 (Mag:2.00)) St:ON_WIRE(W:0 P:0.0%)}
2025-09-15 18:51:41.504 [AWT-EventQueue-0] INFO  c.n.game.utils.GameStateManager - Attempting to save game state...
2025-09-15 18:51:41.532 [AWT-EventQueue-0] INFO  c.n.game.utils.GameStateManager - Game state saved successfully to 'game_autosave.dat'.
2025-09-15 18:51:42.016 [AWT-EventQueue-0] DEBUG c.n.game.controller.logic.GameEngine - Generated: Packet{ID:13, SHP:CIRCLE, TYP: MESSENGER, SZ:1, N:0.0/1, V:1, Ideal:(130.0,420.0) Vel:(2.0,0.0 (Mag:2.00)) St:ON_WIRE(W:11 P:0.0%)}
2025-09-15 18:51:42.065 [AWT-EventQueue-0] DEBUG c.n.game.controller.logic.GameEngine - Generated: Packet{ID:14, SHP:CIRCLE, TYP: MESSENGER, SZ:1, N:0.0/1, V:1, Ideal:(130.0,720.0) Vel:(1.9,-0.6 (Mag:2.00)) St:ON_WIRE(W:4 P:0.0%)}
2025-09-15 18:51:42.487 [AWT-EventQueue-0] WARN  c.n.game.controller.logic.GameEngine - Lost: Packet{ID:11, SHP:CIRCLE, TYP: MESSENGER, SZ:1, N:1.0/1, V:1, Ideal:(342.0,170.1) Vel:(2.0,0.1 (Mag:1.96)) St:ON_WIRE(W:28 P:0.5%)}
2025-09-15 18:51:43.899 [AWT-EventQueue-0] WARN  c.n.game.controller.logic.GameEngine - Lost: Packet{ID:5, SHP:CIRCLE, TYP: MESSENGER, SZ:1, N:1.0/1, V:1, Ideal:(342.0,170.1) Vel:(2.0,0.1 (Mag:1.96)) St:ON_WIRE(W:28 P:0.5%)}
2025-09-15 18:51:44.099 [AWT-EventQueue-0] DEBUG c.n.game.controller.logic.GameEngine - Generated: Packet{ID:15, SHP:CIRCLE, TYP: MESSENGER, SZ:1, N:0.0/1, V:1, Ideal:(130.0,440.0) Vel:(2.0,0.0 (Mag:2.00)) St:ON_WIRE(W:16 P:0.0%)}
2025-09-15 18:51:44.668 [AWT-EventQueue-0] DEBUG c.n.game.controller.logic.GameEngine - Generated: Packet{ID:16, SHP:CIRCLE, TYP: MESSENGER, SZ:1, N:0.0/1, V:1, Ideal:(130.0,130.0) Vel:(2.0,-0.1 (Mag:2.00)) St:ON_WIRE(W:0 P:0.0%)}
2025-09-15 18:51:44.684 [AWT-EventQueue-0] DEBUG c.n.game.controller.logic.GameEngine - Generated: Packet{ID:17, SHP:CIRCLE, TYP: MESSENGER, SZ:1, N:0.0/1, V:1, Ideal:(130.0,740.0) Vel:(1.6,-1.2 (Mag:2.00)) St:ON_WIRE(W:17 P:0.0%)}
2025-09-15 18:51:44.834 [AWT-EventQueue-0] WARN  c.n.game.controller.logic.GameEngine - Lost: Packet{ID:14, SHP:CIRCLE, TYP: MESSENGER, SZ:1, N:1.0/1, V:1, Ideal:(601.7,621.0) Vel:(1.7,1.0 (Mag:1.96)) St:ON_WIRE(W:8 P:1.4%)}
2025-09-15 18:51:45.133 [AWT-EventQueue-0] WARN  c.n.game.controller.logic.GameEngine - Lost: Packet{ID:13, SHP:CIRCLE, TYP: MESSENGER, SZ:1, N:1.0/1, V:1, Ideal:(342.0,170.1) Vel:(2.0,0.1 (Mag:1.96)) St:ON_WIRE(W:28 P:0.5%)}
2025-09-15 18:51:45.856 [AWT-EventQueue-0] INFO  c.n.game.controller.logic.GameEngine - Delivered: Packet{ID:10, SHP:CIRCLE, TYP: MESSENGER, SZ:1, N:0.0/1, V:1, Ideal:(1110.0,730.0) Vel:(2.0,0.4 (Mag:0.00)) St:QUEUED(Sys:4)}
2025-09-15 18:51:45.857 [Thread-48] WARN  c.n.game.controller.core.NetworkGame - Sound effect not found: /assets/sounds/delivery_success.wav
2025-09-15 18:51:46.189 [AWT-EventQueue-0] DEBUG c.n.game.controller.logic.GameEngine - Generated: Packet{ID:18, SHP:CIRCLE, TYP: MESSENGER, SZ:1, N:0.0/1, V:1, Ideal:(130.0,440.0) Vel:(2.0,0.0 (Mag:2.00)) St:ON_WIRE(W:16 P:0.0%)}
2025-09-15 18:51:46.657 [AWT-EventQueue-0] WARN  c.n.game.controller.logic.GameEngine - Lost: Packet{ID:15, SHP:CIRCLE, TYP: MESSENGER, SZ:1, N:1.0/1, V:1, Ideal:(342.0,170.1) Vel:(2.0,0.1 (Mag:1.96)) St:ON_WIRE(W:28 P:0.5%)}
2025-09-15 18:51:47.307 [AWT-EventQueue-0] DEBUG c.n.game.controller.logic.GameEngine - Generated: Packet{ID:19, SHP:CIRCLE, TYP: MESSENGER, SZ:1, N:0.0/1, V:1, Ideal:(130.0,720.0) Vel:(1.9,-0.6 (Mag:2.00)) St:ON_WIRE(W:4 P:0.0%)}
2025-09-15 18:51:47.941 [AWT-EventQueue-0] DEBUG c.n.game.controller.logic.GameEngine - Generated: Packet{ID:20, SHP:CIRCLE, TYP: MESSENGER, SZ:1, N:0.0/1, V:1, Ideal:(130.0,130.0) Vel:(2.0,-0.1 (Mag:2.00)) St:ON_WIRE(W:0 P:0.0%)}
2025-09-15 18:51:48.273 [AWT-EventQueue-0] DEBUG c.n.game.controller.logic.GameEngine - Generated: Packet{ID:21, SHP:CIRCLE, TYP: MESSENGER, SZ:1, N:0.0/1, V:1, Ideal:(130.0,420.0) Vel:(2.0,0.0 (Mag:2.00)) St:ON_WIRE(W:11 P:0.0%)}
2025-09-15 18:51:48.739 [AWT-EventQueue-0] WARN  c.n.game.controller.logic.GameEngine - Lost: Packet{ID:18, SHP:CIRCLE, TYP: MESSENGER, SZ:1, N:1.0/1, V:1, Ideal:(342.0,170.1) Vel:(2.0,0.1 (Mag:1.96)) St:ON_WIRE(W:28 P:0.5%)}
2025-09-15 18:51:49.672 [AWT-EventQueue-0] WARN  c.n.game.controller.logic.GameEngine - Lost: Packet{ID:9, SHP:CIRCLE, TYP: MESSENGER, SZ:1, N:1.0/1, V:1, Ideal:(342.0,170.1) Vel:(2.0,0.1 (Mag:1.96)) St:ON_WIRE(W:28 P:0.5%)}
2025-09-15 18:51:49.924 [AWT-EventQueue-0] DEBUG c.n.game.controller.logic.GameEngine - Generated: Packet{ID:22, SHP:CIRCLE, TYP: MESSENGER, SZ:1, N:0.0/1, V:1, Ideal:(130.0,740.0) Vel:(1.6,-1.2 (Mag:2.00)) St:ON_WIRE(W:17 P:0.0%)}
2025-09-15 18:51:50.073 [AWT-EventQueue-0] WARN  c.n.game.controller.logic.GameEngine - Lost: Packet{ID:19, SHP:CIRCLE, TYP: MESSENGER, SZ:1, N:1.0/1, V:1, Ideal:(601.7,621.0) Vel:(1.7,1.0 (Mag:1.96)) St:ON_WIRE(W:8 P:1.4%)}
2025-09-15 18:51:50.356 [AWT-EventQueue-0] DEBUG c.n.game.controller.logic.GameEngine - Generated: Packet{ID:23, SHP:CIRCLE, TYP: MESSENGER, SZ:1, N:0.0/1, V:1, Ideal:(130.0,420.0) Vel:(2.0,0.0 (Mag:2.00)) St:ON_WIRE(W:11 P:0.0%)}
2025-09-15 18:51:51.083 [AWT-EventQueue-0] INFO  c.n.game.controller.logic.GameEngine - Delivered: Packet{ID:17, SHP:CIRCLE, TYP: MESSENGER, SZ:1, N:0.0/1, V:1, Ideal:(1110.0,730.0) Vel:(2.0,0.4 (Mag:0.00)) St:QUEUED(Sys:4)}
2025-09-15 18:51:51.085 [Thread-53] WARN  c.n.game.controller.core.NetworkGame - Sound effect not found: /assets/sounds/delivery_success.wav
2025-09-15 18:51:51.201 [AWT-EventQueue-0] DEBUG c.n.game.controller.logic.GameEngine - Generated: Packet{ID:24, SHP:CIRCLE, TYP: MESSENGER, SZ:1, N:0.0/1, V:1, Ideal:(130.0,130.0) Vel:(2.0,-0.1 (Mag:2.00)) St:ON_WIRE(W:0 P:0.0%)}
2025-09-15 18:51:51.505 [AWT-EventQueue-0] INFO  c.n.game.utils.GameStateManager - Attempting to save game state...
2025-09-15 18:51:51.519 [AWT-EventQueue-0] INFO  c.n.game.utils.GameStateManager - Game state saved successfully to 'game_autosave.dat'.
2025-09-15 18:51:51.538 [AWT-EventQueue-0] WARN  c.n.game.controller.logic.GameEngine - Lost: Packet{ID:21, SHP:CIRCLE, TYP: MESSENGER, SZ:1, N:1.0/1, V:1, Ideal:(601.1,241.6) Vel:(1.1,1.6 (Mag:1.96)) St:ON_WIRE(W:14 P:0.9%)}
2025-09-15 18:51:52.440 [AWT-EventQueue-0] DEBUG c.n.game.controller.logic.GameEngine - Generated: Packet{ID:25, SHP:CIRCLE, TYP: MESSENGER, SZ:1, N:0.0/1, V:1, Ideal:(130.0,420.0) Vel:(2.0,0.0 (Mag:2.00)) St:ON_WIRE(W:11 P:0.0%)}
2025-09-15 18:51:52.543 [AWT-EventQueue-0] DEBUG c.n.game.controller.logic.GameEngine - Generated: Packet{ID:26, SHP:CIRCLE, TYP: MESSENGER, SZ:1, N:0.0/1, V:1, Ideal:(130.0,720.0) Vel:(1.9,-0.6 (Mag:2.00)) St:ON_WIRE(W:4 P:0.0%)}
2025-09-15 18:51:52.907 [AWT-EventQueue-0] WARN  c.n.game.controller.logic.GameEngine - Lost: Packet{ID:23, SHP:CIRCLE, TYP: MESSENGER, SZ:1, N:1.0/1, V:1, Ideal:(342.0,170.1) Vel:(2.0,0.1 (Mag:1.96)) St:ON_WIRE(W:28 P:0.5%)}
2025-09-15 18:51:54.475 [AWT-EventQueue-0] DEBUG c.n.game.controller.logic.GameEngine - Generated: Packet{ID:27, SHP:CIRCLE, TYP: MESSENGER, SZ:1, N:0.0/1, V:1, Ideal:(130.0,130.0) Vel:(2.0,-0.1 (Mag:2.00)) St:ON_WIRE(W:0 P:0.0%)}
2025-09-15 18:51:54.525 [AWT-EventQueue-0] DEBUG c.n.game.controller.logic.GameEngine - Generated: Packet{ID:28, SHP:CIRCLE, TYP: MESSENGER, SZ:1, N:0.0/1, V:1, Ideal:(130.0,420.0) Vel:(2.0,0.0 (Mag:2.00)) St:ON_WIRE(W:11 P:0.0%)}
2025-09-15 18:51:54.993 [AWT-EventQueue-0] WARN  c.n.game.controller.logic.GameEngine - Lost: Packet{ID:25, SHP:CIRCLE, TYP: MESSENGER, SZ:1, N:1.0/1, V:1, Ideal:(342.0,170.1) Vel:(2.0,0.1 (Mag:1.96)) St:ON_WIRE(W:28 P:0.5%)}
2025-09-15 18:51:55.160 [AWT-EventQueue-0] DEBUG c.n.game.controller.logic.GameEngine - Generated: Packet{ID:29, SHP:CIRCLE, TYP: MESSENGER, SZ:1, N:0.0/1, V:1, Ideal:(130.0,740.0) Vel:(1.6,-1.2 (Mag:2.00)) St:ON_WIRE(W:17 P:0.0%)}
2025-09-15 18:51:55.308 [AWT-EventQueue-0] WARN  c.n.game.controller.logic.GameEngine - Lost: Packet{ID:26, SHP:CIRCLE, TYP: MESSENGER, SZ:1, N:1.0/1, V:1, Ideal:(601.7,621.0) Vel:(1.7,1.0 (Mag:1.96)) St:ON_WIRE(W:8 P:1.4%)}
2025-09-15 18:51:55.442 [AWT-EventQueue-0] WARN  c.n.game.controller.logic.GameEngine - Lost: Packet{ID:12, SHP:CIRCLE, TYP: TROJAN, SZ:1, N:1.0/1, V:1, Ideal:(342.0,170.1) Vel:(2.0,0.1 (Mag:2.00)) St:ON_WIRE(W:28 P:0.5%)}
2025-09-15 18:51:56.328 [AWT-EventQueue-0] INFO  c.n.game.controller.logic.GameEngine - Delivered: Packet{ID:22, SHP:CIRCLE, TYP: MESSENGER, SZ:1, N:0.0/1, V:1, Ideal:(1110.0,730.0) Vel:(2.0,0.4 (Mag:0.00)) St:QUEUED(Sys:4)}
2025-09-15 18:51:56.329 [Thread-59] WARN  c.n.game.controller.core.NetworkGame - Sound effect not found: /assets/sounds/delivery_success.wav
2025-09-15 18:51:56.610 [AWT-EventQueue-0] DEBUG c.n.game.controller.logic.GameEngine - Generated: Packet{ID:30, SHP:CIRCLE, TYP: MESSENGER, SZ:1, N:0.0/1, V:1, Ideal:(130.0,420.0) Vel:(2.0,0.0 (Mag:2.00)) St:ON_WIRE(W:11 P:0.0%)}
2025-09-15 18:51:57.642 [AWT-EventQueue-0] WARN  c.n.game.controller.logic.GameEngine - Lost: Packet{ID:28, SHP:CIRCLE, TYP: MESSENGER, SZ:1, N:1.0/1, V:1, Ideal:(342.0,170.1) Vel:(2.0,0.1 (Mag:1.96)) St:ON_WIRE(W:28 P:0.5%)}
2025-09-15 18:51:57.741 [AWT-EventQueue-0] DEBUG c.n.game.controller.logic.GameEngine - Generated: Packet{ID:31, SHP:CIRCLE, TYP: MESSENGER, SZ:1, N:0.0/1, V:1, Ideal:(130.0,130.0) Vel:(2.0,-0.1 (Mag:2.00)) St:ON_WIRE(W:0 P:0.0%)}
2025-09-15 18:51:57.774 [AWT-EventQueue-0] DEBUG c.n.game.controller.logic.GameEngine - Generated: Packet{ID:32, SHP:CIRCLE, TYP: MESSENGER, SZ:1, N:0.0/1, V:1, Ideal:(130.0,720.0) Vel:(1.9,-0.6 (Mag:2.00)) St:ON_WIRE(W:4 P:0.0%)}
2025-09-15 18:51:58.328 [AWT-EventQueue-0] WARN  c.n.game.controller.logic.GameEngine - Lost: Packet{ID:16, SHP:CIRCLE, TYP: MESSENGER, SZ:1, N:1.0/1, V:1, Ideal:(342.0,170.1) Vel:(2.0,0.1 (Mag:1.96)) St:ON_WIRE(W:28 P:0.5%)}
2025-09-15 18:51:58.695 [AWT-EventQueue-0] DEBUG c.n.game.controller.logic.GameEngine - Generated: Packet{ID:33, SHP:CIRCLE, TYP: MESSENGER, SZ:1, N:0.0/1, V:1, Ideal:(130.0,420.0) Vel:(2.0,0.0 (Mag:2.00)) St:ON_WIRE(W:11 P:0.0%)}
2025-09-15 18:51:59.167 [AWT-EventQueue-0] WARN  c.n.game.controller.logic.GameEngine - Lost: Packet{ID:30, SHP:CIRCLE, TYP: MESSENGER, SZ:1, N:1.0/1, V:1, Ideal:(342.0,170.1) Vel:(2.0,0.1 (Mag:1.96)) St:ON_WIRE(W:28 P:0.5%)}
2025-09-15 18:52:00.398 [AWT-EventQueue-0] DEBUG c.n.game.controller.logic.GameEngine - Generated: Packet{ID:34, SHP:CIRCLE, TYP: MESSENGER, SZ:1, N:0.0/1, V:1, Ideal:(130.0,720.0) Vel:(1.9,-0.6 (Mag:2.00)) St:ON_WIRE(W:4 P:0.0%)}
2025-09-15 18:52:00.548 [AWT-EventQueue-0] WARN  c.n.game.controller.logic.GameEngine - Lost: Packet{ID:32, SHP:CIRCLE, TYP: MESSENGER, SZ:1, N:1.0/1, V:1, Ideal:(601.7,601.0) Vel:(1.7,1.0 (Mag:1.96)) St:ON_WIRE(W:7 P:1.4%)}
2025-09-15 18:52:00.782 [AWT-EventQueue-0] DEBUG c.n.game.controller.logic.GameEngine - Generated: Packet{ID:35, SHP:CIRCLE, TYP: MESSENGER, SZ:1, N:0.0/1, V:1, Ideal:(130.0,420.0) Vel:(2.0,0.0 (Mag:2.00)) St:ON_WIRE(W:11 P:0.0%)}
2025-09-15 18:52:01.015 [AWT-EventQueue-0] DEBUG c.n.game.controller.logic.GameEngine - Generated: Packet{ID:36, SHP:CIRCLE, TYP: MESSENGER, SZ:1, N:0.0/1, V:1, Ideal:(130.0,130.0) Vel:(2.0,-0.1 (Mag:2.00)) St:ON_WIRE(W:0 P:0.0%)}
2025-09-15 18:52:01.213 [AWT-EventQueue-0] WARN  c.n.game.controller.logic.GameEngine - Lost: Packet{ID:20, SHP:CIRCLE, TYP: MESSENGER, SZ:1, N:1.0/1, V:1, Ideal:(342.0,170.1) Vel:(2.0,0.1 (Mag:1.96)) St:ON_WIRE(W:28 P:0.5%)}
2025-09-15 18:52:01.246 [AWT-EventQueue-0] WARN  c.n.game.controller.logic.GameEngine - Lost: Packet{ID:33, SHP:CIRCLE, TYP: MESSENGER, SZ:1, N:1.0/1, V:1, Ideal:(342.0,170.1) Vel:(2.0,0.1 (Mag:1.96)) St:ON_WIRE(W:28 P:0.5%)}
2025-09-15 18:52:01.507 [AWT-EventQueue-0] INFO  c.n.game.utils.GameStateManager - Attempting to save game state...
2025-09-15 18:52:01.516 [AWT-EventQueue-0] INFO  c.n.game.utils.GameStateManager - Game state saved successfully to 'game_autosave.dat'.
2025-09-15 18:52:01.561 [AWT-EventQueue-0] INFO  c.n.game.controller.logic.GameEngine - Delivered: Packet{ID:29, SHP:CIRCLE, TYP: MESSENGER, SZ:1, N:0.0/1, V:1, Ideal:(1110.0,730.0) Vel:(2.0,0.4 (Mag:0.00)) St:QUEUED(Sys:4)}
2025-09-15 18:52:01.562 [Thread-66] WARN  c.n.game.controller.core.NetworkGame - Sound effect not found: /assets/sounds/delivery_success.wav
2025-09-15 18:52:02.864 [AWT-EventQueue-0] DEBUG c.n.game.controller.logic.GameEngine - Generated: Packet{ID:37, SHP:CIRCLE, TYP: MESSENGER, SZ:1, N:0.0/1, V:1, Ideal:(130.0,420.0) Vel:(2.0,0.0 (Mag:2.00)) St:ON_WIRE(W:11 P:0.0%)}
2025-09-15 18:52:03.014 [AWT-EventQueue-0] DEBUG c.n.game.controller.logic.GameEngine - Generated: Packet{ID:38, SHP:CIRCLE, TYP: MESSENGER, SZ:1, N:0.0/1, V:1, Ideal:(130.0,720.0) Vel:(1.9,-0.6 (Mag:2.00)) St:ON_WIRE(W:4 P:0.0%)}
2025-09-15 18:52:03.167 [AWT-EventQueue-0] WARN  c.n.game.controller.logic.GameEngine - Lost: Packet{ID:34, SHP:CIRCLE, TYP: MESSENGER, SZ:1, N:1.0/1, V:1, Ideal:(601.7,621.0) Vel:(1.7,1.0 (Mag:1.96)) St:ON_WIRE(W:8 P:1.4%)}
2025-09-15 18:52:03.333 [AWT-EventQueue-0] WARN  c.n.game.controller.logic.GameEngine - Lost: Packet{ID:35, SHP:CIRCLE, TYP: MESSENGER, SZ:1, N:1.0/1, V:1, Ideal:(342.0,170.1) Vel:(2.0,0.1 (Mag:1.96)) St:ON_WIRE(W:28 P:0.5%)}
2025-09-15 18:52:04.279 [AWT-EventQueue-0] DEBUG c.n.game.controller.logic.GameEngine - Generated: Packet{ID:39, SHP:CIRCLE, TYP: MESSENGER, SZ:1, N:0.0/1, V:1, Ideal:(130.0,130.0) Vel:(2.0,-0.1 (Mag:2.00)) St:ON_WIRE(W:0 P:0.0%)}
2025-09-15 18:52:04.949 [AWT-EventQueue-0] DEBUG c.n.game.controller.logic.GameEngine - Generated: Packet{ID:40, SHP:CIRCLE, TYP: MESSENGER, SZ:1, N:0.0/1, V:1, Ideal:(130.0,440.0) Vel:(2.0,0.0 (Mag:2.00)) St:ON_WIRE(W:16 P:0.0%)}
2025-09-15 18:52:05.633 [AWT-EventQueue-0] DEBUG c.n.game.controller.logic.GameEngine - Generated: Packet{ID:41, SHP:CIRCLE, TYP: MESSENGER, SZ:1, N:0.0/1, V:1, Ideal:(130.0,720.0) Vel:(1.9,-0.6 (Mag:2.00)) St:ON_WIRE(W:4 P:0.0%)}
2025-09-15 18:52:05.783 [AWT-EventQueue-0] WARN  c.n.game.controller.logic.GameEngine - Lost: Packet{ID:38, SHP:CIRCLE, TYP: MESSENGER, SZ:1, N:1.0/1, V:1, Ideal:(601.7,601.0) Vel:(1.7,1.0 (Mag:1.96)) St:ON_WIRE(W:7 P:1.4%)}
2025-09-15 18:52:06.132 [AWT-EventQueue-0] WARN  c.n.game.controller.logic.GameEngine - Lost: Packet{ID:37, SHP:CIRCLE, TYP: MESSENGER, SZ:1, N:1.0/1, V:1, Ideal:(601.1,241.6) Vel:(1.1,1.6 (Mag:1.96)) St:ON_WIRE(W:14 P:0.9%)}
2025-09-15 18:52:06.985 [AWT-EventQueue-0] WARN  c.n.game.controller.logic.GameEngine - Lost: Packet{ID:24, SHP:CIRCLE, TYP: MESSENGER, SZ:1, N:1.0/1, V:1, Ideal:(342.0,170.1) Vel:(2.0,0.1 (Mag:1.96)) St:ON_WIRE(W:28 P:0.5%)}
2025-09-15 18:52:07.034 [AWT-EventQueue-0] DEBUG c.n.game.controller.logic.GameEngine - Generated: Packet{ID:42, SHP:CIRCLE, TYP: MESSENGER, SZ:1, N:0.0/1, V:1, Ideal:(130.0,420.0) Vel:(2.0,0.0 (Mag:2.00)) St:ON_WIRE(W:11 P:0.0%)}
2025-09-15 18:52:07.501 [AWT-EventQueue-0] WARN  c.n.game.controller.logic.GameEngine - Lost: Packet{ID:40, SHP:CIRCLE, TYP: MESSENGER, SZ:1, N:1.0/1, V:1, Ideal:(342.0,170.1) Vel:(2.0,0.1 (Mag:1.96)) St:ON_WIRE(W:28 P:0.5%)}
2025-09-15 18:52:07.551 [AWT-EventQueue-0] DEBUG c.n.game.controller.logic.GameEngine - Generated: Packet{ID:43, SHP:CIRCLE, TYP: MESSENGER, SZ:1, N:0.0/1, V:1, Ideal:(130.0,130.0) Vel:(2.0,-0.1 (Mag:2.00)) St:ON_WIRE(W:0 P:0.0%)}
2025-09-15 18:52:08.002 [AWT-EventQueue-0] WARN  c.n.game.controller.logic.GameEngine - Lost: Packet{ID:41, SHP:CIRCLE, TYP: MESSENGER, SZ:1, N:1.0/1, V:1, Ideal:(601.7,621.0) Vel:(1.7,1.0 (Mag:1.96)) St:ON_WIRE(W:8 P:1.4%)}
2025-09-15 18:52:08.250 [AWT-EventQueue-0] DEBUG c.n.game.controller.logic.GameEngine - Generated: Packet{ID:44, SHP:CIRCLE, TYP: MESSENGER, SZ:1, N:0.0/1, V:1, Ideal:(130.0,720.0) Vel:(1.9,-0.6 (Mag:2.00)) St:ON_WIRE(W:4 P:0.0%)}
2025-09-15 18:52:09.118 [AWT-EventQueue-0] DEBUG c.n.game.controller.logic.GameEngine - Generated: Packet{ID:45, SHP:CIRCLE, TYP: MESSENGER, SZ:1, N:0.0/1, V:1, Ideal:(130.0,440.0) Vel:(2.0,0.0 (Mag:2.00)) St:ON_WIRE(W:16 P:0.0%)}
2025-09-15 18:52:09.668 [AWT-EventQueue-0] WARN  c.n.game.controller.logic.GameEngine - Lost: Packet{ID:42, SHP:CIRCLE, TYP: MESSENGER, SZ:1, N:1.0/1, V:1, Ideal:(601.1,261.6) Vel:(1.1,1.6 (Mag:1.96)) St:ON_WIRE(W:15 P:0.9%)}
2025-09-15 18:52:10.819 [AWT-EventQueue-0] DEBUG c.n.game.controller.logic.GameEngine - Generated: Packet{ID:46, SHP:CIRCLE, TYP: MESSENGER, SZ:1, N:0.0/1, V:1, Ideal:(130.0,130.0) Vel:(2.0,-0.1 (Mag:2.00)) St:ON_WIRE(W:0 P:0.0%)}
2025-09-15 18:52:10.871 [AWT-EventQueue-0] DEBUG c.n.game.controller.logic.GameEngine - Generated: Packet{ID:47, SHP:CIRCLE, TYP: MESSENGER, SZ:1, N:0.0/1, V:1, Ideal:(130.0,740.0) Vel:(1.6,-1.2 (Mag:2.00)) St:ON_WIRE(W:17 P:0.0%)}
2025-09-15 18:52:11.020 [AWT-EventQueue-0] WARN  c.n.game.controller.logic.GameEngine - Lost: Packet{ID:44, SHP:CIRCLE, TYP: MESSENGER, SZ:1, N:1.0/1, V:1, Ideal:(601.7,621.0) Vel:(1.7,1.0 (Mag:1.96)) St:ON_WIRE(W:8 P:1.4%)}
2025-09-15 18:52:11.205 [AWT-EventQueue-0] DEBUG c.n.game.controller.logic.GameEngine - Generated: Packet{ID:48, SHP:CIRCLE, TYP: MESSENGER, SZ:1, N:0.0/1, V:1, Ideal:(130.0,420.0) Vel:(2.0,0.0 (Mag:2.00)) St:ON_WIRE(W:11 P:0.0%)}
2025-09-15 18:52:11.513 [AWT-EventQueue-0] INFO  c.n.game.utils.GameStateManager - Attempting to save game state...
2025-09-15 18:52:11.521 [AWT-EventQueue-0] INFO  c.n.game.utils.GameStateManager - Game state saved successfully to 'game_autosave.dat'.
2025-09-15 18:52:12.239 [AWT-EventQueue-0] WARN  c.n.game.controller.logic.GameEngine - Lost: Packet{ID:45, SHP:CIRCLE, TYP: MESSENGER, SZ:1, N:1.0/1, V:1, Ideal:(342.0,170.1) Vel:(2.0,0.1 (Mag:1.96)) St:ON_WIRE(W:28 P:0.5%)}
2025-09-15 18:52:12.758 [AWT-EventQueue-0] WARN  c.n.game.controller.logic.GameEngine - Lost: Packet{ID:27, SHP:CIRCLE, TYP: MESSENGER, SZ:1, N:1.0/1, V:1, Ideal:(342.0,170.1) Vel:(2.0,0.1 (Mag:1.96)) St:ON_WIRE(W:28 P:0.5%)}
2025-09-15 18:52:13.291 [AWT-EventQueue-0] DEBUG c.n.game.controller.logic.GameEngine - Generated: Packet{ID:49, SHP:CIRCLE, TYP: MESSENGER, SZ:1, N:0.0/1, V:1, Ideal:(130.0,440.0) Vel:(2.0,0.0 (Mag:2.00)) St:ON_WIRE(W:16 P:0.0%)}
2025-09-15 18:52:13.490 [AWT-EventQueue-0] DEBUG c.n.game.controller.logic.GameEngine - Generated: Packet{ID:50, SHP:CIRCLE, TYP: MESSENGER, SZ:1, N:0.0/1, V:1, Ideal:(130.0,720.0) Vel:(1.9,-0.6 (Mag:2.00)) St:ON_WIRE(W:4 P:0.0%)}
2025-09-15 18:52:14.089 [AWT-EventQueue-0] DEBUG c.n.game.controller.logic.GameEngine - Generated: Packet{ID:51, SHP:CIRCLE, TYP: MESSENGER, SZ:1, N:0.0/1, V:1, Ideal:(130.0,130.0) Vel:(2.0,-0.1 (Mag:2.00)) St:ON_WIRE(W:0 P:0.0%)}
2025-09-15 18:52:14.322 [AWT-EventQueue-0] WARN  c.n.game.controller.logic.GameEngine - Lost: Packet{ID:48, SHP:CIRCLE, TYP: MESSENGER, SZ:1, N:1.0/1, V:1, Ideal:(342.0,170.1) Vel:(2.0,0.1 (Mag:1.96)) St:ON_WIRE(W:28 P:0.5%)}
2025-09-15 18:52:15.375 [AWT-EventQueue-0] DEBUG c.n.game.controller.logic.GameEngine - Generated: Packet{ID:52, SHP:CIRCLE, TYP: MESSENGER, SZ:1, N:0.0/1, V:1, Ideal:(130.0,440.0) Vel:(2.0,0.0 (Mag:2.00)) St:ON_WIRE(W:16 P:0.0%)}
2025-09-15 18:52:15.644 [AWT-EventQueue-0] WARN  c.n.game.controller.logic.GameEngine - Lost: Packet{ID:31, SHP:CIRCLE, TYP: MESSENGER, SZ:1, N:1.0/1, V:1, Ideal:(342.0,170.1) Vel:(2.0,0.1 (Mag:1.96)) St:ON_WIRE(W:28 P:0.5%)}
2025-09-15 18:52:16.114 [AWT-EventQueue-0] DEBUG c.n.game.controller.logic.GameEngine - Generated: Packet{ID:53, SHP:CIRCLE, TYP: MESSENGER, SZ:1, N:0.0/1, V:1, Ideal:(130.0,740.0) Vel:(1.6,-1.2 (Mag:2.00)) St:ON_WIRE(W:17 P:0.0%)}
2025-09-15 18:52:16.261 [AWT-EventQueue-0] WARN  c.n.game.controller.logic.GameEngine - Lost: Packet{ID:50, SHP:CIRCLE, TYP: MESSENGER, SZ:1, N:1.0/1, V:1, Ideal:(601.7,621.0) Vel:(1.7,1.0 (Mag:1.96)) St:ON_WIRE(W:8 P:1.4%)}
2025-09-15 18:52:16.561 [AWT-EventQueue-0] WARN  c.n.game.controller.logic.GameEngine - Lost: Packet{ID:49, SHP:CIRCLE, TYP: TROJAN, SZ:1, N:1.0/1, V:1, Ideal:(601.1,261.7) Vel:(1.1,1.7 (Mag:2.00)) St:ON_WIRE(W:15 P:0.9%)}
2025-09-15 18:52:17.271 [AWT-EventQueue-0] INFO  c.n.game.controller.logic.GameEngine - Delivered: Packet{ID:47, SHP:CIRCLE, TYP: MESSENGER, SZ:1, N:0.0/1, V:1, Ideal:(1110.0,730.0) Vel:(2.0,0.4 (Mag:0.00)) St:QUEUED(Sys:4)}
2025-09-15 18:52:17.272 [Thread-82] WARN  c.n.game.controller.core.NetworkGame - Sound effect not found: /assets/sounds/delivery_success.wav
2025-09-15 18:52:17.355 [AWT-EventQueue-0] DEBUG c.n.game.controller.logic.GameEngine - Generated: Packet{ID:54, SHP:CIRCLE, TYP: MESSENGER, SZ:1, N:0.0/1, V:1, Ideal:(130.0,130.0) Vel:(2.0,-0.1 (Mag:2.00)) St:ON_WIRE(W:0 P:0.0%)}
2025-09-15 18:52:17.455 [AWT-EventQueue-0] DEBUG c.n.game.controller.logic.GameEngine - Generated: Packet{ID:55, SHP:CIRCLE, TYP: MESSENGER, SZ:1, N:0.0/1, V:1, Ideal:(130.0,440.0) Vel:(2.0,0.0 (Mag:2.00)) St:ON_WIRE(W:16 P:0.0%)}
2025-09-15 18:52:17.925 [AWT-EventQueue-0] WARN  c.n.game.controller.logic.GameEngine - Lost: Packet{ID:52, SHP:CIRCLE, TYP: MESSENGER, SZ:1, N:1.0/1, V:1, Ideal:(342.0,170.1) Vel:(2.0,0.1 (Mag:1.96)) St:ON_WIRE(W:28 P:0.5%)}
2025-09-15 18:52:18.523 [AWT-EventQueue-0] WARN  c.n.game.controller.logic.GameEngine - Lost: Packet{ID:36, SHP:CIRCLE, TYP: MESSENGER, SZ:1, N:1.0/1, V:1, Ideal:(342.0,170.1) Vel:(2.0,0.1 (Mag:1.96)) St:ON_WIRE(W:28 P:0.5%)}
2025-09-15 18:52:18.724 [AWT-EventQueue-0] DEBUG c.n.game.controller.logic.GameEngine - Generated: Packet{ID:56, SHP:CIRCLE, TYP: MESSENGER, SZ:1, N:0.0/1, V:1, Ideal:(130.0,720.0) Vel:(1.9,-0.6 (Mag:2.00)) St:ON_WIRE(W:4 P:0.0%)}
2025-09-15 18:52:19.545 [AWT-EventQueue-0] DEBUG c.n.game.controller.logic.GameEngine - Generated: Packet{ID:57, SHP:CIRCLE, TYP: MESSENGER, SZ:1, N:0.0/1, V:1, Ideal:(130.0,420.0) Vel:(2.0,0.0 (Mag:2.00)) St:ON_WIRE(W:11 P:0.0%)}
2025-09-15 18:52:20.733 [AWT-EventQueue-0] WARN  c.n.game.controller.logic.GameEngine - Lost: Packet{ID:55, SHP:CIRCLE, TYP: MESSENGER, SZ:1, N:1.0/1, V:1, Ideal:(601.1,261.6) Vel:(1.1,1.6 (Mag:1.96)) St:ON_WIRE(W:15 P:0.9%)}
2025-09-15 18:52:21.345 [AWT-EventQueue-0] DEBUG c.n.game.controller.logic.GameEngine - Generated: Packet{ID:58, SHP:CIRCLE, TYP: MESSENGER, SZ:1, N:0.0/1, V:1, Ideal:(130.0,740.0) Vel:(1.6,-1.2 (Mag:2.00)) St:ON_WIRE(W:17 P:0.0%)}
2025-09-15 18:52:21.410 [AWT-EventQueue-0] WARN  c.n.game.controller.logic.GameEngine - Lost: Packet{ID:39, SHP:CIRCLE, TYP: MESSENGER, SZ:1, N:1.0/1, V:1, Ideal:(342.0,170.1) Vel:(2.0,0.1 (Mag:1.96)) St:ON_WIRE(W:28 P:0.5%)}
2025-09-15 18:52:21.494 [AWT-EventQueue-0] WARN  c.n.game.controller.logic.GameEngine - Lost: Packet{ID:56, SHP:CIRCLE, TYP: TROJAN, SZ:1, N:1.0/1, V:1, Ideal:(601.7,601.0) Vel:(1.7,1.0 (Mag:2.00)) St:ON_WIRE(W:7 P:1.4%)}
2025-09-15 18:52:21.510 [AWT-EventQueue-0] INFO  c.n.game.utils.GameStateManager - Attempting to save game state...
2025-09-15 18:52:21.523 [AWT-EventQueue-0] INFO  c.n.game.utils.GameStateManager - Game state saved successfully to 'game_autosave.dat'.
2025-09-15 18:52:21.627 [AWT-EventQueue-0] DEBUG c.n.game.controller.logic.GameEngine - Generated: Packet{ID:59, SHP:CIRCLE, TYP: MESSENGER, SZ:1, N:0.0/1, V:1, Ideal:(130.0,420.0) Vel:(2.0,0.0 (Mag:2.00)) St:ON_WIRE(W:11 P:0.0%)}
2025-09-15 18:52:22.511 [AWT-EventQueue-0] INFO  c.n.game.controller.logic.GameEngine - Delivered: Packet{ID:53, SHP:CIRCLE, TYP: MESSENGER, SZ:1, N:0.0/1, V:1, Ideal:(1110.0,730.0) Vel:(2.0,0.4 (Mag:0.00)) St:QUEUED(Sys:4)}
2025-09-15 18:52:22.513 [Thread-88] WARN  c.n.game.controller.core.NetworkGame - Sound effect not found: /assets/sounds/delivery_success.wav
2025-09-15 18:52:22.661 [AWT-EventQueue-0] WARN  c.n.game.controller.logic.GameEngine - Lost: Packet{ID:57, SHP:CIRCLE, TYP: TROJAN, SZ:1, N:1.0/1, V:1, Ideal:(342.0,170.1) Vel:(2.0,0.1 (Mag:2.00)) St:ON_WIRE(W:28 P:0.5%)}
2025-09-15 18:52:24.295 [AWT-EventQueue-0] WARN  c.n.game.controller.logic.GameEngine - Lost: Packet{ID:43, SHP:CIRCLE, TYP: TROJAN, SZ:1, N:1.0/1, V:1, Ideal:(342.0,170.1) Vel:(2.0,0.1 (Mag:2.00)) St:ON_WIRE(W:28 P:0.5%)}
2025-09-15 18:52:24.745 [AWT-EventQueue-0] WARN  c.n.game.controller.logic.GameEngine - Lost: Packet{ID:59, SHP:CIRCLE, TYP: MESSENGER, SZ:1, N:1.0/1, V:1, Ideal:(342.0,170.1) Vel:(2.0,0.1 (Mag:1.96)) St:ON_WIRE(W:28 P:0.5%)}
2025-09-15 18:52:27.179 [AWT-EventQueue-0] WARN  c.n.game.controller.logic.GameEngine - Lost: Packet{ID:46, SHP:CIRCLE, TYP: MESSENGER, SZ:1, N:1.0/1, V:1, Ideal:(342.0,170.1) Vel:(2.0,0.1 (Mag:1.96)) St:ON_WIRE(W:28 P:0.5%)}
2025-09-15 18:52:27.748 [AWT-EventQueue-0] INFO  c.n.game.controller.logic.GameEngine - Delivered: Packet{ID:58, SHP:CIRCLE, TYP: MESSENGER, SZ:1, N:0.0/1, V:1, Ideal:(1110.0,730.0) Vel:(2.0,0.4 (Mag:0.00)) St:QUEUED(Sys:4)}
2025-09-15 18:52:27.749 [Thread-93] WARN  c.n.game.controller.core.NetworkGame - Sound effect not found: /assets/sounds/delivery_success.wav
2025-09-15 18:52:30.063 [AWT-EventQueue-0] WARN  c.n.game.controller.logic.GameEngine - Lost: Packet{ID:51, SHP:CIRCLE, TYP: MESSENGER, SZ:1, N:1.0/1, V:1, Ideal:(342.0,170.1) Vel:(2.0,0.1 (Mag:1.96)) St:ON_WIRE(W:28 P:0.5%)}
2025-09-15 18:52:31.518 [AWT-EventQueue-0] INFO  c.n.game.utils.GameStateManager - Attempting to save game state...
2025-09-15 18:52:31.524 [AWT-EventQueue-0] INFO  c.n.game.utils.GameStateManager - Game state saved successfully to 'game_autosave.dat'.
2025-09-15 18:52:32.954 [AWT-EventQueue-0] WARN  c.n.game.controller.logic.GameEngine - Lost: Packet{ID:54, SHP:CIRCLE, TYP: MESSENGER, SZ:1, N:1.0/1, V:1, Ideal:(342.0,170.1) Vel:(2.0,0.1 (Mag:1.96)) St:ON_WIRE(W:28 P:0.5%)}
2025-09-15 18:52:32.954 [AWT-EventQueue-0] INFO  c.n.game.controller.logic.GameEngine - GameEngine: Stopping simulation timers and flags.
2025-09-15 22:24:41.388 [AWT-EventQueue-0] INFO  c.n.game.controller.core.NetworkGame - Returning to main menu.
2025-09-15 22:24:41.389 [AWT-EventQueue-0] DEBUG c.n.game.controller.core.NetworkGame - Background music started playing.
2025-09-15 22:24:41.390 [AWT-EventQueue-0] INFO  c.n.game.utils.GameStateManager - Autosave file 'game_autosave.dat' deleted.
2025-09-15 22:24:59.789 [AWT-EventQueue-0] INFO  c.n.game.controller.core.NetworkGame - Shutdown sequence initiated...
2025-09-15 22:24:59.827 [AWT-EventQueue-0] INFO  c.n.game.controller.core.NetworkGame - Application shutdown complete. Exiting.
2025-09-15 23:18:23.175 [AWT-EventQueue-0] INFO  c.n.game.controller.core.NetworkGame - ========================================================
2025-09-15 23:18:23.179 [AWT-EventQueue-0] INFO  c.n.game.controller.core.NetworkGame - Application starting up...
2025-09-15 23:18:23.179 [AWT-EventQueue-0] INFO  c.n.game.controller.core.NetworkGame - Current Working Directory: C:\Users\Abolfazl\Ap 1403_4\pgit - Copy
2025-09-15 23:18:23.182 [AWT-EventQueue-0] INFO  c.n.game.controller.core.NetworkGame - ========================================================
2025-09-15 23:18:23.233 [AWT-EventQueue-0] INFO  c.n.game.controller.core.NetworkGame - ========================================================
2025-09-15 23:18:23.234 [AWT-EventQueue-0] INFO  c.n.game.controller.core.NetworkGame - Network Operator Simulator is starting up...
2025-09-15 23:18:24.348 [AWT-EventQueue-0] DEBUG c.n.game.controller.core.NetworkGame - Background music started playing.
2025-09-15 23:18:24.348 [AWT-EventQueue-0] INFO  c.n.game.controller.core.NetworkGame - Sound system initialized successfully.
2025-09-15 23:18:24.523 [AWT-EventQueue-0] DEBUG c.n.game.utils.GameStateManager - No save file found at 'game_autosave.dat'.
2025-09-15 23:18:24.523 [AWT-EventQueue-0] INFO  c.n.game.controller.core.NetworkGame - No existing save file found. Starting fresh.
2025-09-15 23:18:24.524 [AWT-EventQueue-0] INFO  c.n.game.controller.core.NetworkGame - Application initialized successfully. Showing main menu.
2025-09-15 23:46:40.817 [AWT-EventQueue-0] INFO  c.n.game.controller.core.NetworkGame - ========================================================
2025-09-15 23:46:40.821 [AWT-EventQueue-0] INFO  c.n.game.controller.core.NetworkGame - Application starting up...
2025-09-15 23:46:40.823 [AWT-EventQueue-0] INFO  c.n.game.controller.core.NetworkGame - Current Working Directory: C:\Users\Abolfazl\Ap 1403_4\pgit - Copy
2025-09-15 23:46:40.826 [AWT-EventQueue-0] INFO  c.n.game.controller.core.NetworkGame - ========================================================
2025-09-15 23:46:40.885 [AWT-EventQueue-0] INFO  c.n.game.controller.core.NetworkGame - ========================================================
2025-09-15 23:46:40.885 [AWT-EventQueue-0] INFO  c.n.game.controller.core.NetworkGame - Network Operator Simulator is starting up...
2025-09-15 23:46:41.644 [AWT-EventQueue-0] DEBUG c.n.game.controller.core.NetworkGame - Background music started playing.
2025-09-15 23:46:41.646 [AWT-EventQueue-0] INFO  c.n.game.controller.core.NetworkGame - Sound system initialized successfully.
2025-09-15 23:46:41.801 [AWT-EventQueue-0] DEBUG c.n.game.utils.GameStateManager - No save file found at 'game_autosave.dat'.
2025-09-15 23:46:41.802 [AWT-EventQueue-0] INFO  c.n.game.controller.core.NetworkGame - No existing save file found. Starting fresh.
2025-09-15 23:46:41.802 [AWT-EventQueue-0] INFO  c.n.game.controller.core.NetworkGame - Application initialized successfully. Showing main menu.
2025-09-15 23:46:53.222 [AWT-EventQueue-0] DEBUG c.n.game.controller.core.NetworkGame - Showing level selection panel.
2025-09-15 23:46:54.089 [AWT-EventQueue-0] INFO  c.n.game.controller.core.NetworkGame - Current level set to 1.
2025-09-15 23:46:54.090 [AWT-EventQueue-0] INFO  c.n.game.controller.core.NetworkGame - Attempting to start game for level 1.
2025-09-15 23:46:54.091 [AWT-EventQueue-0] DEBUG c.n.game.controller.core.NetworkGame - Background music stopped.
2025-09-15 23:46:54.095 [AWT-EventQueue-0] INFO  c.n.game.controller.logic.GameEngine - GameEngine: Initializing level 1.
2025-09-15 23:46:54.095 [AWT-EventQueue-0] INFO  c.n.game.controller.logic.GameEngine - GameEngine: Stopping simulation and cleaning up level state.
2025-09-15 23:46:54.096 [AWT-EventQueue-0] INFO  c.n.game.controller.logic.GameEngine - GameEngine: Stopping simulation timers and flags.
2025-09-15 23:46:54.114 [AWT-EventQueue-0] INFO  c.n.game.view.panels.GamePanel - Cancelling all interactive modes. Current mode: NONE
2025-09-15 23:46:55.950 [AWT-EventQueue-0] INFO  c.n.game.controller.core.NetworkGame - Returning to main menu.
2025-09-15 23:46:55.951 [AWT-EventQueue-0] DEBUG c.n.game.controller.core.NetworkGame - Background music started playing.
2025-09-15 23:46:57.071 [AWT-EventQueue-0] DEBUG c.n.game.controller.core.NetworkGame - Showing level selection panel.
2025-09-15 23:46:57.917 [AWT-EventQueue-0] INFO  c.n.game.controller.core.NetworkGame - Current level set to 2.
2025-09-15 23:46:57.918 [AWT-EventQueue-0] INFO  c.n.game.controller.core.NetworkGame - Attempting to start game for level 2.
2025-09-15 23:46:57.918 [AWT-EventQueue-0] DEBUG c.n.game.controller.core.NetworkGame - Background music stopped.
2025-09-15 23:46:57.922 [AWT-EventQueue-0] INFO  c.n.game.controller.logic.GameEngine - GameEngine: Initializing level 2.
2025-09-15 23:46:57.923 [AWT-EventQueue-0] INFO  c.n.game.controller.logic.GameEngine - GameEngine: Stopping simulation and cleaning up level state.
2025-09-15 23:46:57.923 [AWT-EventQueue-0] INFO  c.n.game.controller.logic.GameEngine - GameEngine: Stopping simulation timers and flags.
2025-09-15 23:46:57.924 [AWT-EventQueue-0] INFO  c.n.game.view.panels.GamePanel - Cancelling all interactive modes. Current mode: NONE
2025-09-15 23:46:58.576 [AWT-EventQueue-0] INFO  c.n.game.controller.core.NetworkGame - Returning to main menu.
2025-09-15 23:46:58.577 [AWT-EventQueue-0] DEBUG c.n.game.controller.core.NetworkGame - Background music started playing.
2025-09-15 23:46:59.628 [AWT-EventQueue-0] DEBUG c.n.game.controller.core.NetworkGame - Showing level selection panel.
2025-09-15 23:47:00.392 [AWT-EventQueue-0] INFO  c.n.game.controller.core.NetworkGame - Current level set to 3.
2025-09-15 23:47:00.392 [AWT-EventQueue-0] INFO  c.n.game.controller.core.NetworkGame - Attempting to start game for level 3.
2025-09-15 23:47:00.394 [AWT-EventQueue-0] DEBUG c.n.game.controller.core.NetworkGame - Background music stopped.
2025-09-15 23:47:00.398 [AWT-EventQueue-0] INFO  c.n.game.controller.logic.GameEngine - GameEngine: Initializing level 3.
2025-09-15 23:47:00.398 [AWT-EventQueue-0] INFO  c.n.game.controller.logic.GameEngine - GameEngine: Stopping simulation and cleaning up level state.
2025-09-15 23:47:00.399 [AWT-EventQueue-0] INFO  c.n.game.controller.logic.GameEngine - GameEngine: Stopping simulation timers and flags.
2025-09-15 23:47:00.406 [AWT-EventQueue-0] INFO  c.n.game.view.panels.GamePanel - Cancelling all interactive modes. Current mode: NONE
2025-09-15 23:47:01.046 [AWT-EventQueue-0] INFO  c.n.game.controller.core.NetworkGame - Returning to main menu.
2025-09-15 23:47:01.047 [AWT-EventQueue-0] DEBUG c.n.game.controller.core.NetworkGame - Background music started playing.
2025-09-15 23:47:01.948 [AWT-EventQueue-0] DEBUG c.n.game.controller.core.NetworkGame - Showing level selection panel.
2025-09-15 23:47:03.444 [AWT-EventQueue-0] INFO  c.n.game.controller.core.NetworkGame - Current level set to 4.
2025-09-15 23:47:03.444 [AWT-EventQueue-0] INFO  c.n.game.controller.core.NetworkGame - Attempting to start game for level 4.
2025-09-15 23:47:03.444 [AWT-EventQueue-0] DEBUG c.n.game.controller.core.NetworkGame - Background music stopped.
2025-09-15 23:47:03.447 [AWT-EventQueue-0] INFO  c.n.game.controller.logic.GameEngine - GameEngine: Initializing level 4.
2025-09-15 23:47:03.447 [AWT-EventQueue-0] INFO  c.n.game.controller.logic.GameEngine - GameEngine: Stopping simulation and cleaning up level state.
2025-09-15 23:47:03.448 [AWT-EventQueue-0] INFO  c.n.game.controller.logic.GameEngine - GameEngine: Stopping simulation timers and flags.
2025-09-15 23:47:03.451 [AWT-EventQueue-0] INFO  c.n.game.view.panels.GamePanel - Cancelling all interactive modes. Current mode: NONE
2025-09-15 23:47:04.495 [AWT-EventQueue-0] INFO  c.n.game.controller.core.NetworkGame - Returning to main menu.
2025-09-15 23:47:04.496 [AWT-EventQueue-0] DEBUG c.n.game.controller.core.NetworkGame - Background music started playing.
2025-09-15 23:47:05.915 [AWT-EventQueue-0] DEBUG c.n.game.controller.core.NetworkGame - Showing level selection panel.
2025-09-15 23:47:06.755 [AWT-EventQueue-0] INFO  c.n.game.controller.core.NetworkGame - Current level set to 5.
2025-09-15 23:47:06.756 [AWT-EventQueue-0] INFO  c.n.game.controller.core.NetworkGame - Attempting to start game for level 5.
2025-09-15 23:47:06.756 [AWT-EventQueue-0] DEBUG c.n.game.controller.core.NetworkGame - Background music stopped.
2025-09-15 23:47:06.761 [AWT-EventQueue-0] INFO  c.n.game.controller.logic.GameEngine - GameEngine: Initializing level 5.
2025-09-15 23:47:06.762 [AWT-EventQueue-0] INFO  c.n.game.controller.logic.GameEngine - GameEngine: Stopping simulation and cleaning up level state.
2025-09-15 23:47:06.762 [AWT-EventQueue-0] INFO  c.n.game.controller.logic.GameEngine - GameEngine: Stopping simulation timers and flags.
2025-09-15 23:47:06.763 [AWT-EventQueue-0] INFO  c.n.game.view.panels.GamePanel - Cancelling all interactive modes. Current mode: NONE
2025-09-15 23:47:09.183 [AWT-EventQueue-0] INFO  c.n.game.controller.core.NetworkGame - Returning to main menu.
2025-09-15 23:47:09.184 [AWT-EventQueue-0] DEBUG c.n.game.controller.core.NetworkGame - Background music started playing.
2025-09-15 23:54:42.286 [AWT-EventQueue-0] INFO  c.n.game.controller.core.NetworkGame - ========================================================
2025-09-15 23:54:42.289 [AWT-EventQueue-0] INFO  c.n.game.controller.core.NetworkGame - Application starting up...
2025-09-15 23:54:42.290 [AWT-EventQueue-0] INFO  c.n.game.controller.core.NetworkGame - Current Working Directory: C:\Users\Abolfazl\Ap 1403_4\pgit - Copy
2025-09-15 23:54:42.291 [AWT-EventQueue-0] INFO  c.n.game.controller.core.NetworkGame - ========================================================
2025-09-15 23:54:42.333 [AWT-EventQueue-0] INFO  c.n.game.controller.core.NetworkGame - ========================================================
2025-09-15 23:54:42.333 [AWT-EventQueue-0] INFO  c.n.game.controller.core.NetworkGame - Network Operator Simulator is starting up...
2025-09-15 23:54:43.145 [AWT-EventQueue-0] DEBUG c.n.game.controller.core.NetworkGame - Background music started playing.
2025-09-15 23:54:43.145 [AWT-EventQueue-0] INFO  c.n.game.controller.core.NetworkGame - Sound system initialized successfully.
2025-09-15 23:54:43.321 [AWT-EventQueue-0] DEBUG c.n.game.utils.GameStateManager - No save file found at 'game_autosave.dat'.
2025-09-15 23:54:43.321 [AWT-EventQueue-0] INFO  c.n.game.controller.core.NetworkGame - No existing save file found. Starting fresh.
2025-09-15 23:54:43.322 [AWT-EventQueue-0] INFO  c.n.game.controller.core.NetworkGame - Application initialized successfully. Showing main menu.
